                      :-) GROMACS - gmx mdrun, 2021.5 (-:

                            GROMACS is written by:
     Andrey Alekseenko              Emile Apol              Rossen Apostolov     
         Paul Bauer           Herman J.C. Berendsen           Par Bjelkmar       
       Christian Blau           Viacheslav Bolnykh             Kevin Boyd        
     Aldert van Buuren           Rudi van Drunen             Anton Feenstra      
    Gilles Gouaillardet             Alan Gray               Gerrit Groenhof      
       Anca Hamuraru            Vincent Hindriksen          M. Eric Irrgang      
      Aleksei Iupinov           Christoph Junghans             Joe Jordan        
    Dimitrios Karkoulis            Peter Kasson                Jiri Kraus        
      Carsten Kutzner              Per Larsson              Justin A. Lemkul     
       Viveca Lindahl            Magnus Lundborg             Erik Marklund       
        Pascal Merz             Pieter Meulenhoff            Teemu Murtola       
        Szilard Pall               Sander Pronk              Roland Schulz       
       Michael Shirts            Alexey Shvetsov             Alfons Sijbers      
       Peter Tieleman              Jon Vincent              Teemu Virolainen     
     Christian Wennberg            Maarten Wolf              Artem Zhmurov       
                           and the project leaders:
        Mark Abraham, Berk Hess, Erik Lindahl, and David van der Spoel

Copyright (c) 1991-2000, University of Groningen, The Netherlands.
Copyright (c) 2001-2019, The GROMACS development team at
Uppsala University, Stockholm University and
the Royal Institute of Technology, Sweden.
check out http://www.gromacs.org for more information.

GROMACS is free software; you can redistribute it and/or modify it
under the terms of the GNU Lesser General Public License
as published by the Free Software Foundation; either version 2.1
of the License, or (at your option) any later version.

GROMACS:      gmx mdrun, version 2021.5
Executable:   /home/abeeb/workspace/gmx_20215_installDir/bin/gmx
Data prefix:  /home/abeeb/workspace/gmx_20215_installDir
Working dir:  /home/abeeb/wspace/CHAP-tutor/1UBQ
Process ID:   713646
Command line:
  gmx mdrun -nt 20 -nb gpu -v -deffnm 1UBQ_md

GROMACS version:    2021.5
Precision:          mixed
Memory model:       64 bit
MPI library:        thread_mpi
OpenMP support:     enabled (GMX_OPENMP_MAX_THREADS = 64)
GPU support:        CUDA
SIMD instructions:  AVX_512
FFT library:        fftw-3.3.8-sse2-avx-avx2-avx2_128-avx512
RDTSCP usage:       enabled
TNG support:        enabled
Hwloc support:      disabled
Tracing support:    disabled
C compiler:         /usr/bin/cc GNU 9.4.0
C compiler flags:   -mavx512f -mfma -Wno-missing-field-initializers -fexcess-precision=fast -funroll-all-loops -pthread -O3 -DNDEBUG
C++ compiler:       /usr/bin/c++ GNU 9.4.0
C++ compiler flags: -mavx512f -mfma -Wno-missing-field-initializers -fexcess-precision=fast -funroll-all-loops -pthread -fopenmp -O3 -DNDEBUG
CUDA compiler:      /usr/local/cuda-11.1/bin/nvcc nvcc: NVIDIA (R) Cuda compiler driver;Copyright (c) 2005-2020 NVIDIA Corporation;Built on Tue_Sep_15_19:10:02_PDT_2020;Cuda compilation tools, release 11.1, V11.1.74;Build cuda_11.1.TC455_06.29069683_0
CUDA compiler flags:-std=c++17;-gencode;arch=compute_35,code=sm_35;-gencode;arch=compute_37,code=sm_37;-gencode;arch=compute_50,code=sm_50;-gencode;arch=compute_52,code=sm_52;-gencode;arch=compute_60,code=sm_60;-gencode;arch=compute_61,code=sm_61;-gencode;arch=compute_70,code=sm_70;-gencode;arch=compute_75,code=sm_75;-gencode;arch=compute_80,code=sm_80;-Wno-deprecated-gpu-targets;-gencode;arch=compute_86,code=sm_86;-gencode;arch=compute_35,code=compute_35;-gencode;arch=compute_53,code=compute_53;-gencode;arch=compute_80,code=compute_80;-use_fast_math;-D_FORCE_INLINES;-mavx512f -mfma -Wno-missing-field-initializers -fexcess-precision=fast -funroll-all-loops -pthread -fopenmp -O3 -DNDEBUG
CUDA driver:        11.10
CUDA runtime:       11.10


Running on 1 node with total 52 cores, 104 logical cores, 2 compatible GPUs
Hardware detected:
  CPU info:
    Vendor: Intel
    Brand:  Intel(R) Xeon(R) Gold 6230R CPU @ 2.10GHz
    Family: 6   Model: 85   Stepping: 7
    Features: aes apic avx avx2 avx512f avx512cd avx512bw avx512vl avx512secondFMA clfsh cmov cx8 cx16 f16c fma htt intel lahf mmx msr nonstop_tsc pcid pclmuldq pdcm pdpe1gb popcnt pse rdrnd rdtscp sse2 sse3 sse4.1 sse4.2 ssse3 tdt x2apic
    Number of AVX-512 FMA units: 2
  Hardware topology: Basic
    Sockets, cores, and logical processors:
      Socket  0: [   0  52] [   1  53] [   2  54] [   3  55] [   4  56] [   5  57] [   6  58] [   7  59] [   8  60] [   9  61] [  10  62] [  11  63] [  12  64] [  13  65] [  14  66] [  15  67] [  16  68] [  17  69] [  18  70] [  19  71] [  20  72] [  21  73] [  22  74] [  23  75] [  24  76] [  25  77]
      Socket  1: [  26  78] [  27  79] [  28  80] [  29  81] [  30  82] [  31  83] [  32  84] [  33  85] [  34  86] [  35  87] [  36  88] [  37  89] [  38  90] [  39  91] [  40  92] [  41  93] [  42  94] [  43  95] [  44  96] [  45  97] [  46  98] [  47  99] [  48 100] [  49 101] [  50 102] [  51 103]
  GPU info:
    Number of GPUs detected: 2
    #0: NVIDIA GeForce RTX 3090, compute cap.: 8.6, ECC:  no, stat: compatible
    #1: NVIDIA GeForce RTX 3090, compute cap.: 8.6, ECC:  no, stat: compatible


++++ PLEASE READ AND CITE THE FOLLOWING REFERENCE ++++
M. J. Abraham, T. Murtola, R. Schulz, S. Páll, J. C. Smith, B. Hess, E.
Lindahl
GROMACS: High performance molecular simulations through multi-level
parallelism from laptops to supercomputers
SoftwareX 1 (2015) pp. 19-25
-------- -------- --- Thank You --- -------- --------


++++ PLEASE READ AND CITE THE FOLLOWING REFERENCE ++++
S. Páll, M. J. Abraham, C. Kutzner, B. Hess, E. Lindahl
Tackling Exascale Software Challenges in Molecular Dynamics Simulations with
GROMACS
In S. Markidis & E. Laure (Eds.), Solving Software Challenges for Exascale 8759 (2015) pp. 3-27
-------- -------- --- Thank You --- -------- --------


++++ PLEASE READ AND CITE THE FOLLOWING REFERENCE ++++
S. Pronk, S. Páll, R. Schulz, P. Larsson, P. Bjelkmar, R. Apostolov, M. R.
Shirts, J. C. Smith, P. M. Kasson, D. van der Spoel, B. Hess, and E. Lindahl
GROMACS 4.5: a high-throughput and highly parallel open source molecular
simulation toolkit
Bioinformatics 29 (2013) pp. 845-54
-------- -------- --- Thank You --- -------- --------


++++ PLEASE READ AND CITE THE FOLLOWING REFERENCE ++++
B. Hess and C. Kutzner and D. van der Spoel and E. Lindahl
GROMACS 4: Algorithms for highly efficient, load-balanced, and scalable
molecular simulation
J. Chem. Theory Comput. 4 (2008) pp. 435-447
-------- -------- --- Thank You --- -------- --------


++++ PLEASE READ AND CITE THE FOLLOWING REFERENCE ++++
D. van der Spoel, E. Lindahl, B. Hess, G. Groenhof, A. E. Mark and H. J. C.
Berendsen
GROMACS: Fast, Flexible and Free
J. Comp. Chem. 26 (2005) pp. 1701-1719
-------- -------- --- Thank You --- -------- --------


++++ PLEASE READ AND CITE THE FOLLOWING REFERENCE ++++
E. Lindahl and B. Hess and D. van der Spoel
GROMACS 3.0: A package for molecular simulation and trajectory analysis
J. Mol. Mod. 7 (2001) pp. 306-317
-------- -------- --- Thank You --- -------- --------


++++ PLEASE READ AND CITE THE FOLLOWING REFERENCE ++++
H. J. C. Berendsen, D. van der Spoel and R. van Drunen
GROMACS: A message-passing parallel molecular dynamics implementation
Comp. Phys. Comm. 91 (1995) pp. 43-56
-------- -------- --- Thank You --- -------- --------


++++ PLEASE CITE THE DOI FOR THIS VERSION OF GROMACS ++++
https://doi.org/10.5281/zenodo.5850051
-------- -------- --- Thank You --- -------- --------

Input Parameters:
   integrator                     = md
   tinit                          = 0
   dt                             = 0.002
   nsteps                         = 500000
   init-step                      = 0
   simulation-part                = 1
   mts                            = false
   comm-mode                      = Linear
   nstcomm                        = 100
   bd-fric                        = 0
   ld-seed                        = -1277345941
   emtol                          = 10
   emstep                         = 0.01
   niter                          = 20
   fcstep                         = 0
   nstcgsteep                     = 1000
   nbfgscorr                      = 10
   rtpi                           = 0.05
   nstxout                        = 0
   nstvout                        = 0
   nstfout                        = 0
   nstlog                         = 5000
   nstcalcenergy                  = 100
   nstenergy                      = 5000
   nstxout-compressed             = 5000
   compressed-x-precision         = 1000
   cutoff-scheme                  = Verlet
   nstlist                        = 10
   pbc                            = xyz
   periodic-molecules             = false
   verlet-buffer-tolerance        = 0.005
   rlist                          = 1
   coulombtype                    = PME
   coulomb-modifier               = Potential-shift
   rcoulomb-switch                = 0
   rcoulomb                       = 1
   epsilon-r                      = 1
   epsilon-rf                     = inf
   vdw-type                       = Cut-off
   vdw-modifier                   = Potential-shift
   rvdw-switch                    = 0
   rvdw                           = 1
   DispCorr                       = EnerPres
   table-extension                = 1
   fourierspacing                 = 0.16
   fourier-nx                     = 42
   fourier-ny                     = 42
   fourier-nz                     = 42
   pme-order                      = 4
   ewald-rtol                     = 1e-05
   ewald-rtol-lj                  = 0.001
   lj-pme-comb-rule               = Geometric
   ewald-geometry                 = 0
   epsilon-surface                = 0
   tcoupl                         = V-rescale
   nsttcouple                     = 10
   nh-chain-length                = 0
   print-nose-hoover-chain-variables = false
   pcoupl                         = Parrinello-Rahman
   pcoupltype                     = Isotropic
   nstpcouple                     = 10
   tau-p                          = 2
   compressibility (3x3):
      compressibility[    0]={ 4.50000e-05,  0.00000e+00,  0.00000e+00}
      compressibility[    1]={ 0.00000e+00,  4.50000e-05,  0.00000e+00}
      compressibility[    2]={ 0.00000e+00,  0.00000e+00,  4.50000e-05}
   ref-p (3x3):
      ref-p[    0]={ 1.00000e+00,  0.00000e+00,  0.00000e+00}
      ref-p[    1]={ 0.00000e+00,  1.00000e+00,  0.00000e+00}
      ref-p[    2]={ 0.00000e+00,  0.00000e+00,  1.00000e+00}
   refcoord-scaling               = No
   posres-com (3):
      posres-com[0]= 0.00000e+00
      posres-com[1]= 0.00000e+00
      posres-com[2]= 0.00000e+00
   posres-comB (3):
      posres-comB[0]= 0.00000e+00
      posres-comB[1]= 0.00000e+00
      posres-comB[2]= 0.00000e+00
   QMMM                           = false
qm-opts:
   ngQM                           = 0
   constraint-algorithm           = Lincs
   continuation                   = true
   Shake-SOR                      = false
   shake-tol                      = 0.0001
   lincs-order                    = 4
   lincs-iter                     = 1
   lincs-warnangle                = 30
   nwall                          = 0
   wall-type                      = 9-3
   wall-r-linpot                  = -1
   wall-atomtype[0]               = -1
   wall-atomtype[1]               = -1
   wall-density[0]                = 0
   wall-density[1]                = 0
   wall-ewald-zfac                = 3
   pull                           = false
   awh                            = false
   rotation                       = false
   interactiveMD                  = false
   disre                          = No
   disre-weighting                = Conservative
   disre-mixed                    = false
   dr-fc                          = 1000
   dr-tau                         = 0
   nstdisreout                    = 100
   orire-fc                       = 0
   orire-tau                      = 0
   nstorireout                    = 100
   free-energy                    = no
   cos-acceleration               = 0
   deform (3x3):
      deform[    0]={ 0.00000e+00,  0.00000e+00,  0.00000e+00}
      deform[    1]={ 0.00000e+00,  0.00000e+00,  0.00000e+00}
      deform[    2]={ 0.00000e+00,  0.00000e+00,  0.00000e+00}
   simulated-tempering            = false
   swapcoords                     = no
   userint1                       = 0
   userint2                       = 0
   userint3                       = 0
   userint4                       = 0
   userreal1                      = 0
   userreal2                      = 0
   userreal3                      = 0
   userreal4                      = 0
   applied-forces:
     electric-field:
       x:
         E0                       = 0
         omega                    = 0
         t0                       = 0
         sigma                    = 0
       y:
         E0                       = 0
         omega                    = 0
         t0                       = 0
         sigma                    = 0
       z:
         E0                       = 0
         omega                    = 0
         t0                       = 0
         sigma                    = 0
     density-guided-simulation:
       active                     = false
       group                      = protein
       similarity-measure         = inner-product
       atom-spreading-weight      = unity
       force-constant             = 1e+09
       gaussian-transform-spreading-width = 0.2
       gaussian-transform-spreading-range-in-multiples-of-width = 4
       reference-density-filename = reference.mrc
       nst                        = 1
       normalize-densities        = true
       adaptive-force-scaling     = false
       adaptive-force-scaling-time-constant = 4
       shift-vector               = 
       transformation-matrix      = 
grpopts:
   nrdf:     3063.76     35409.2
   ref-t:         300         300
   tau-t:         0.1         0.1
annealing:          No          No
annealing-npoints:           0           0
   acc:	           0           0           0
   nfreeze:           N           N           N
   energygrp-flags[  0]: 0

Changing nstlist from 10 to 100, rlist from 1 to 1.156


Initializing Domain Decomposition on 4 ranks
Dynamic load balancing: auto
Using update groups, nr 6504, average size 2.9 atoms, max. radius 0.103 nm
Minimum cell size due to atom displacement: 0.642 nm
Initial maximum distances in bonded interactions:
    two-body bonded interactions: 0.429 nm, LJ-14, atoms 7 14
  multi-body bonded interactions: 0.429 nm, Ryckaert-Bell., atoms 7 14
Minimum cell size due to bonded interactions: 0.472 nm
Scaling the initial minimum size with 1/0.8 (option -dds) = 1.25
Using 0 separate PME ranks
Optimizing the DD grid for 4 cells with a minimum initial size of 0.803 nm
The maximum allowed number of cells is: X 6 Y 6 Z 5
Domain decomposition grid 4 x 1 x 1, separate PME ranks 0
PME domain decomposition: 4 x 1 x 1
Domain decomposition rank 0, coordinates 0 0 0

The initial number of communication pulses is: X 2
The initial domain decomposition cell size is: X 1.32 nm

The maximum allowed distance for atom groups involved in interactions is:
                 non-bonded interactions           1.363 nm
(the following are initial values, they could change due to box deformation)
            two-body bonded interactions  (-rdd)   1.363 nm
          multi-body bonded interactions  (-rdd)   1.316 nm

When dynamic load balancing gets turned on, these settings will change to:
The maximum number of communication pulses is: X 2
The minimum size for domain decomposition cells is 0.894 nm
The requested allowed shrink of DD cells (option -dds) is: 0.80
The allowed shrink of domain decomposition cells is: X 0.68
The maximum allowed distance for atom groups involved in interactions is:
                 non-bonded interactions           1.363 nm
            two-body bonded interactions  (-rdd)   1.363 nm
          multi-body bonded interactions  (-rdd)   0.894 nm

On host jupiter 2 GPUs selected for this run.
Mapping of GPU IDs to the 4 GPU tasks in the 4 ranks on this node:
  PP:0,PP:0,PP:1,PP:1
PP tasks will do (non-perturbed) short-ranged and most bonded interactions on the GPU
PP task will update and constrain coordinates on the CPU
Using 4 MPI threads
Using 5 OpenMP threads per tMPI thread


NOTE: The number of threads is not equal to the number of (logical) cores
      and the -pin option is set to auto: will not pin threads to cores.
      This can lead to significant performance degradation.
      Consider using -pin on (and -pinoffset in case you run multiple jobs).
System total charge: -0.000
Will do PME sum in reciprocal space for electrostatic interactions.

++++ PLEASE READ AND CITE THE FOLLOWING REFERENCE ++++
U. Essmann, L. Perera, M. L. Berkowitz, T. Darden, H. Lee and L. G. Pedersen 
A smooth particle mesh Ewald method
J. Chem. Phys. 103 (1995) pp. 8577-8592
-------- -------- --- Thank You --- -------- --------

Using a Gaussian width (1/beta) of 0.320163 nm for Ewald
Potential shift: LJ r^-12: -1.000e+00 r^-6: -1.000e+00, Ewald -1.000e-05
Initialized non-bonded Ewald tables, spacing: 9.33e-04 size: 1073

Generated table with 1078 data points for 1-4 COUL.
Tabscale = 500 points/nm
Generated table with 1078 data points for 1-4 LJ6.
Tabscale = 500 points/nm
Generated table with 1078 data points for 1-4 LJ12.
Tabscale = 500 points/nm

Long Range LJ corr.: <C6> 3.0572e-04


Using GPU 8x8 nonbonded short-range kernels

Using a dual 8x8 pair-list setup updated with dynamic, rolling pruning:
  outer list: updated every 100 steps, buffer 0.156 nm, rlist 1.156 nm
  inner list: updated every  10 steps, buffer 0.001 nm, rlist 1.001 nm
At tolerance 0.005 kJ/mol/ps per atom, equivalent classical 1x1 list would be:
  outer list: updated every 100 steps, buffer 0.305 nm, rlist 1.305 nm
  inner list: updated every  10 steps, buffer 0.042 nm, rlist 1.042 nm

Using geometric Lennard-Jones combination rule

Initializing LINear Constraint Solver

++++ PLEASE READ AND CITE THE FOLLOWING REFERENCE ++++
B. Hess and H. Bekker and H. J. C. Berendsen and J. G. E. M. Fraaije
LINCS: A Linear Constraint Solver for molecular simulations
J. Comp. Chem. 18 (1997) pp. 1463-1472
-------- -------- --- Thank You --- -------- --------

The number of constraints is 629

++++ PLEASE READ AND CITE THE FOLLOWING REFERENCE ++++
S. Miyamoto and P. A. Kollman
SETTLE: An Analytical Version of the SHAKE and RATTLE Algorithms for Rigid
Water Models
J. Comp. Chem. 13 (1992) pp. 952-962
-------- -------- --- Thank You --- -------- --------


Linking all bonded interactions to atoms


Intra-simulation communication will occur every 10 steps.

++++ PLEASE READ AND CITE THE FOLLOWING REFERENCE ++++
G. Bussi, D. Donadio and M. Parrinello
Canonical sampling through velocity rescaling
J. Chem. Phys. 126 (2007) pp. 014101
-------- -------- --- Thank You --- -------- --------

There are: 18937 Atoms
Atom distribution over 4 domains: av 4734 stddev 88 min 4633 max 4807

NOTE: DLB will not turn on during the first phase of PME tuning
Center of mass motion removal mode is Linear
We have the following groups for center of mass motion removal:
  0:  rest

Started mdrun on rank 0 Tue Apr  4 14:18:38 2023

           Step           Time
              0        0.00000

   Energies (kJ/mol)
           Bond          Angle    Proper Dih. Ryckaert-Bell.          LJ-14
    8.51717e+02    2.43098e+03    1.20118e+02    1.27598e+03    1.57306e+03
     Coulomb-14        LJ (SR)  Disper. corr.   Coulomb (SR)   Coul. recip.
    7.28201e+03    3.54071e+04   -2.42092e+03   -3.01129e+05    1.70548e+03
      Potential    Kinetic En.   Total Energy  Conserved En.    Temperature
   -2.52904e+05    4.84247e+04   -2.04479e+05   -2.04468e+05    3.02766e+02
 Pres. DC (bar) Pressure (bar)   Constr. rmsd
   -2.12431e+02    2.68533e+02    3.49264e-06


DD  step 99 load imb.: force  6.9%

DD  step 4999 load imb.: force  1.4%
           Step           Time
           5000       10.00000

   Energies (kJ/mol)
           Bond          Angle    Proper Dih. Ryckaert-Bell.          LJ-14
    8.29558e+02    2.64221e+03    1.43500e+02    1.40602e+03    1.54441e+03
     Coulomb-14        LJ (SR)  Disper. corr.   Coulomb (SR)   Coul. recip.
    7.32363e+03    3.43902e+04   -2.42232e+03   -2.99922e+05    1.66610e+03
      Potential    Kinetic En.   Total Energy  Conserved En.    Temperature
   -2.52399e+05    4.78947e+04   -2.04504e+05   -2.04426e+05    2.99452e+02
 Pres. DC (bar) Pressure (bar)   Constr. rmsd
   -2.12676e+02   -9.19785e+01    2.81634e-06

step 6500: timed with pme grid 42 42 42, coulomb cutoff 1.000: 172.7 M-cycles
step 6700: timed with pme grid 36 36 36, coulomb cutoff 1.119: 151.7 M-cycles
step 6900: timed with pme grid 32 32 32, coulomb cutoff 1.259: 161.0 M-cycles
step 7100: timed with pme grid 28 28 28, coulomb cutoff 1.439: 145.3 M-cycles
step 7300: timed with pme grid 25 25 25, coulomb cutoff 1.612: 141.9 M-cycles
step 7300: the maximum allowed grid scaling limits the PME load balancing to a coulomb cut-off of 1.612
step 7500: timed with pme grid 25 25 25, coulomb cutoff 1.612: 135.3 M-cycles
step 7700: timed with pme grid 28 28 28, coulomb cutoff 1.439: 133.8 M-cycles
step 7900: timed with pme grid 32 32 32, coulomb cutoff 1.259: 143.0 M-cycles
step 8100: timed with pme grid 36 36 36, coulomb cutoff 1.119: 140.2 M-cycles
step 8300: timed with pme grid 40 40 40, coulomb cutoff 1.007: 144.0 M-cycles
step 8500: timed with pme grid 25 25 25, coulomb cutoff 1.612: 141.5 M-cycles
step 8700: timed with pme grid 28 28 28, coulomb cutoff 1.439: 137.1 M-cycles
step 8900: timed with pme grid 32 32 32, coulomb cutoff 1.259: 136.9 M-cycles
step 9100: timed with pme grid 36 36 36, coulomb cutoff 1.119: 145.6 M-cycles
step 9300: timed with pme grid 40 40 40, coulomb cutoff 1.007: 148.7 M-cycles
step 9500: timed with pme grid 25 25 25, coulomb cutoff 1.612: 141.1 M-cycles
step 9700: timed with pme grid 28 28 28, coulomb cutoff 1.439: 142.8 M-cycles
step 9900: timed with pme grid 32 32 32, coulomb cutoff 1.259: 148.1 M-cycles

DD  step 9999 load imb.: force  1.6%
           Step           Time
          10000       20.00000

   Energies (kJ/mol)
           Bond          Angle    Proper Dih. Ryckaert-Bell.          LJ-14
    8.69340e+02    2.39056e+03    1.41314e+02    1.21537e+03    1.51927e+03
     Coulomb-14        LJ (SR)  Disper. corr.   Coulomb (SR)   Coul. recip.
    7.33919e+03    3.59109e+04   -2.41263e+03   -3.01107e+05    1.15568e+03
      Potential    Kinetic En.   Total Energy  Conserved En.    Temperature
   -2.52978e+05    4.82641e+04   -2.04714e+05   -2.04376e+05    3.01762e+02
 Pres. DC (bar) Pressure (bar)   Constr. rmsd
   -2.10979e+02   -5.17373e+01    3.13734e-06

step 10100: timed with pme grid 36 36 36, coulomb cutoff 1.119: 149.6 M-cycles
step 10300: timed with pme grid 40 40 40, coulomb cutoff 1.007: 150.1 M-cycles
              optimal pme grid 28 28 28, coulomb cutoff 1.439

NOTE: DLB can now turn on, when beneficial

DD  step 14999 load imb.: force  2.5%
           Step           Time
          15000       30.00000

   Energies (kJ/mol)
           Bond          Angle    Proper Dih. Ryckaert-Bell.          LJ-14
    7.79628e+02    2.47717e+03    1.47564e+02    1.23861e+03    1.56963e+03
     Coulomb-14        LJ (SR)  Disper. corr.   Coulomb (SR)   Coul. recip.
    7.35217e+03    3.47179e+04   -2.42611e+03   -2.99435e+05    5.62290e+02
      Potential    Kinetic En.   Total Energy  Conserved En.    Temperature
   -2.53016e+05    4.78391e+04   -2.05177e+05   -2.04338e+05    2.99105e+02
 Pres. DC (bar) Pressure (bar)   Constr. rmsd
   -2.13340e+02    2.05178e+02    2.85603e-06


DD  step 19999 load imb.: force  2.3%
           Step           Time
          20000       40.00000

   Energies (kJ/mol)
           Bond          Angle    Proper Dih. Ryckaert-Bell.          LJ-14
    8.27327e+02    2.49043e+03    1.50573e+02    1.30855e+03    1.47279e+03
     Coulomb-14        LJ (SR)  Disper. corr.   Coulomb (SR)   Coul. recip.
    7.25360e+03    3.47451e+04   -2.41805e+03   -2.99151e+05    4.94887e+02
      Potential    Kinetic En.   Total Energy  Conserved En.    Temperature
   -2.52825e+05    4.77135e+04   -2.05112e+05   -2.04315e+05    2.98319e+02
 Pres. DC (bar) Pressure (bar)   Constr. rmsd
   -2.11928e+02   -1.61542e+02    2.99934e-06


DD  step 24999 load imb.: force  4.4%
           Step           Time
          25000       50.00000

   Energies (kJ/mol)
           Bond          Angle    Proper Dih. Ryckaert-Bell.          LJ-14
    8.50095e+02    2.54274e+03    1.49654e+02    1.27510e+03    1.54175e+03
     Coulomb-14        LJ (SR)  Disper. corr.   Coulomb (SR)   Coul. recip.
    7.38714e+03    3.39617e+04   -2.42021e+03   -2.98404e+05    4.72438e+02
      Potential    Kinetic En.   Total Energy  Conserved En.    Temperature
   -2.52644e+05    4.80914e+04   -2.04552e+05   -2.04302e+05    3.00682e+02
 Pres. DC (bar) Pressure (bar)   Constr. rmsd
   -2.12305e+02   -2.02607e+02    3.68859e-06


DD  step 29999 load imb.: force  4.0%
           Step           Time
          30000       60.00000

   Energies (kJ/mol)
           Bond          Angle    Proper Dih. Ryckaert-Bell.          LJ-14
    8.14476e+02    2.58667e+03    1.58199e+02    1.21273e+03    1.53846e+03
     Coulomb-14        LJ (SR)  Disper. corr.   Coulomb (SR)   Coul. recip.
    7.29977e+03    3.49537e+04   -2.42523e+03   -3.00252e+05    5.04354e+02
      Potential    Kinetic En.   Total Energy  Conserved En.    Temperature
   -2.53609e+05    4.82445e+04   -2.05365e+05   -2.04253e+05    3.01639e+02
 Pres. DC (bar) Pressure (bar)   Constr. rmsd
   -2.13186e+02    2.08876e+01    2.63654e-06


DD  step 34999 load imb.: force  3.6%
           Step           Time
          35000       70.00000

   Energies (kJ/mol)
           Bond          Angle    Proper Dih. Ryckaert-Bell.          LJ-14
    8.92969e+02    2.42884e+03    1.50963e+02    1.27741e+03    1.47246e+03
     Coulomb-14        LJ (SR)  Disper. corr.   Coulomb (SR)   Coul. recip.
    7.26736e+03    3.46257e+04   -2.39903e+03   -2.99773e+05    5.11029e+02
      Potential    Kinetic En.   Total Energy  Conserved En.    Temperature
   -2.53545e+05    4.81374e+04   -2.05408e+05   -2.04243e+05    3.00970e+02
 Pres. DC (bar) Pressure (bar)   Constr. rmsd
   -2.08610e+02   -2.87117e+02    3.39174e-06


DD  step 39999 load imb.: force  3.4%
           Step           Time
          40000       80.00000

   Energies (kJ/mol)
           Bond          Angle    Proper Dih. Ryckaert-Bell.          LJ-14
    9.74520e+02    2.55384e+03    1.28525e+02    1.20626e+03    1.52900e+03
     Coulomb-14        LJ (SR)  Disper. corr.   Coulomb (SR)   Coul. recip.
    7.35735e+03    3.46126e+04   -2.40377e+03   -2.98850e+05    5.12586e+02
      Potential    Kinetic En.   Total Energy  Conserved En.    Temperature
   -2.52380e+05    4.76446e+04   -2.04735e+05   -2.04174e+05    2.97888e+02
 Pres. DC (bar) Pressure (bar)   Constr. rmsd
   -2.09435e+02   -2.74732e+02    3.30002e-06


DD  step 44999 load imb.: force  3.1%
           Step           Time
          45000       90.00000

   Energies (kJ/mol)
           Bond          Angle    Proper Dih. Ryckaert-Bell.          LJ-14
    9.18272e+02    2.55596e+03    1.39609e+02    1.10782e+03    1.54552e+03
     Coulomb-14        LJ (SR)  Disper. corr.   Coulomb (SR)   Coul. recip.
    7.35998e+03    3.52466e+04   -2.39430e+03   -2.99699e+05    5.33127e+02
      Potential    Kinetic En.   Total Energy  Conserved En.    Temperature
   -2.52687e+05    4.85887e+04   -2.04098e+05   -2.04173e+05    3.03791e+02
 Pres. DC (bar) Pressure (bar)   Constr. rmsd
   -2.07790e+02    1.02394e+02    3.31502e-06


DD  step 49999 load imb.: force  3.7%
           Step           Time
          50000      100.00000

   Energies (kJ/mol)
           Bond          Angle    Proper Dih. Ryckaert-Bell.          LJ-14
    8.65367e+02    2.39899e+03    1.41473e+02    1.15410e+03    1.55646e+03
     Coulomb-14        LJ (SR)  Disper. corr.   Coulomb (SR)   Coul. recip.
    7.32204e+03    3.46421e+04   -2.42852e+03   -3.00214e+05    5.11607e+02
      Potential    Kinetic En.   Total Energy  Conserved En.    Temperature
   -2.54051e+05    4.80902e+04   -2.05960e+05   -2.04152e+05    3.00675e+02
 Pres. DC (bar) Pressure (bar)   Constr. rmsd
   -2.13764e+02   -1.34751e+02    3.58613e-06


DD  step 54999 load imb.: force  2.1%
           Step           Time
          55000      110.00000

   Energies (kJ/mol)
           Bond          Angle    Proper Dih. Ryckaert-Bell.          LJ-14
    8.91894e+02    2.51530e+03    1.24880e+02    1.33605e+03    1.56966e+03
     Coulomb-14        LJ (SR)  Disper. corr.   Coulomb (SR)   Coul. recip.
    7.36218e+03    3.52773e+04   -2.39698e+03   -2.99203e+05    4.97193e+02
      Potential    Kinetic En.   Total Energy  Conserved En.    Temperature
   -2.52026e+05    4.80781e+04   -2.03947e+05   -2.04128e+05    3.00599e+02
 Pres. DC (bar) Pressure (bar)   Constr. rmsd
   -2.08254e+02    7.35964e+01    2.71060e-06


DD  step 59999 load imb.: force  3.3%
           Step           Time
          60000      120.00000

   Energies (kJ/mol)
           Bond          Angle    Proper Dih. Ryckaert-Bell.          LJ-14
    9.74147e+02    2.45395e+03    1.55756e+02    1.29088e+03    1.50580e+03
     Coulomb-14        LJ (SR)  Disper. corr.   Coulomb (SR)   Coul. recip.
    7.32914e+03    3.57406e+04   -2.40100e+03   -3.01026e+05    5.48079e+02
      Potential    Kinetic En.   Total Energy  Conserved En.    Temperature
   -2.53429e+05    4.83814e+04   -2.05047e+05   -2.04091e+05    3.02495e+02
 Pres. DC (bar) Pressure (bar)   Constr. rmsd
   -2.08953e+02   -2.06446e+02    3.14624e-06


DD  step 64999 load imb.: force  3.1%
           Step           Time
          65000      130.00000

   Energies (kJ/mol)
           Bond          Angle    Proper Dih. Ryckaert-Bell.          LJ-14
    8.25277e+02    2.51895e+03    1.32564e+02    1.19241e+03    1.54149e+03
     Coulomb-14        LJ (SR)  Disper. corr.   Coulomb (SR)   Coul. recip.
    7.22231e+03    3.52165e+04   -2.41784e+03   -2.99336e+05    4.95494e+02
      Potential    Kinetic En.   Total Energy  Conserved En.    Temperature
   -2.52609e+05    4.76945e+04   -2.04914e+05   -2.04071e+05    2.98201e+02
 Pres. DC (bar) Pressure (bar)   Constr. rmsd
   -2.11890e+02    2.54476e+02    3.07939e-06


DD  step 69999 load imb.: force  3.4%
           Step           Time
          70000      140.00000

   Energies (kJ/mol)
           Bond          Angle    Proper Dih. Ryckaert-Bell.          LJ-14
    8.32637e+02    2.37063e+03    1.60402e+02    1.21226e+03    1.51198e+03
     Coulomb-14        LJ (SR)  Disper. corr.   Coulomb (SR)   Coul. recip.
    7.29488e+03    3.43968e+04   -2.41045e+03   -2.98756e+05    4.92036e+02
      Potential    Kinetic En.   Total Energy  Conserved En.    Temperature
   -2.52895e+05    4.82975e+04   -2.04598e+05   -2.04066e+05    3.01971e+02
 Pres. DC (bar) Pressure (bar)   Constr. rmsd
   -2.10598e+02   -2.34415e+02    2.95394e-06


DD  step 74999 load imb.: force  3.0%
           Step           Time
          75000      150.00000

   Energies (kJ/mol)
           Bond          Angle    Proper Dih. Ryckaert-Bell.          LJ-14
    8.93386e+02    2.43747e+03    1.44453e+02    1.23987e+03    1.53373e+03
     Coulomb-14        LJ (SR)  Disper. corr.   Coulomb (SR)   Coul. recip.
    7.40986e+03    3.54594e+04   -2.41291e+03   -3.00321e+05    5.00166e+02
      Potential    Kinetic En.   Total Energy  Conserved En.    Temperature
   -2.53116e+05    4.80438e+04   -2.05072e+05   -2.04037e+05    3.00384e+02
 Pres. DC (bar) Pressure (bar)   Constr. rmsd
   -2.11029e+02    8.91157e+01    3.39242e-06


DD  step 79999 load imb.: force  2.2%
           Step           Time
          80000      160.00000

   Energies (kJ/mol)
           Bond          Angle    Proper Dih. Ryckaert-Bell.          LJ-14
    9.41123e+02    2.52635e+03    1.22958e+02    1.24653e+03    1.54674e+03
     Coulomb-14        LJ (SR)  Disper. corr.   Coulomb (SR)   Coul. recip.
    7.35018e+03    3.51450e+04   -2.41268e+03   -2.99554e+05    5.48684e+02
      Potential    Kinetic En.   Total Energy  Conserved En.    Temperature
   -2.52539e+05    4.83170e+04   -2.04222e+05   -2.03997e+05    3.02092e+02
 Pres. DC (bar) Pressure (bar)   Constr. rmsd
   -2.10988e+02   -2.76416e+01    2.92808e-06


DD  step 84999 load imb.: force  3.3%
           Step           Time
          85000      170.00000

   Energies (kJ/mol)
           Bond          Angle    Proper Dih. Ryckaert-Bell.          LJ-14
    8.26447e+02    2.53904e+03    1.33327e+02    1.24959e+03    1.51072e+03
     Coulomb-14        LJ (SR)  Disper. corr.   Coulomb (SR)   Coul. recip.
    7.32639e+03    3.51395e+04   -2.41615e+03   -2.99733e+05    4.97696e+02
      Potential    Kinetic En.   Total Energy  Conserved En.    Temperature
   -2.52927e+05    4.78346e+04   -2.05092e+05   -2.03986e+05    2.99076e+02
 Pres. DC (bar) Pressure (bar)   Constr. rmsd
   -2.11594e+02    7.97137e+01    3.05447e-06


DD  step 89999 load imb.: force  3.5%
           Step           Time
          90000      180.00000

   Energies (kJ/mol)
           Bond          Angle    Proper Dih. Ryckaert-Bell.          LJ-14
    8.81045e+02    2.67151e+03    1.54847e+02    1.22412e+03    1.53796e+03
     Coulomb-14        LJ (SR)  Disper. corr.   Coulomb (SR)   Coul. recip.
    7.24385e+03    3.33904e+04   -2.40345e+03   -2.96962e+05    4.98708e+02
      Potential    Kinetic En.   Total Energy  Conserved En.    Temperature
   -2.51763e+05    4.86396e+04   -2.03123e+05   -2.03954e+05    3.04109e+02
 Pres. DC (bar) Pressure (bar)   Constr. rmsd
   -2.09379e+02   -2.85060e+02    3.29590e-06


DD  step 94999 load imb.: force  3.1%
           Step           Time
          95000      190.00000

   Energies (kJ/mol)
           Bond          Angle    Proper Dih. Ryckaert-Bell.          LJ-14
    8.82745e+02    2.45799e+03    1.37492e+02    1.27185e+03    1.58158e+03
     Coulomb-14        LJ (SR)  Disper. corr.   Coulomb (SR)   Coul. recip.
    7.30504e+03    3.60044e+04   -2.40488e+03   -3.00907e+05    5.29314e+02
      Potential    Kinetic En.   Total Energy  Conserved En.    Temperature
   -2.53142e+05    4.80564e+04   -2.05085e+05   -2.03935e+05    3.00463e+02
 Pres. DC (bar) Pressure (bar)   Constr. rmsd
   -2.09629e+02    2.49397e+02    3.04589e-06


DD  step 99999 load imb.: force  2.6%
           Step           Time
         100000      200.00000

   Energies (kJ/mol)
           Bond          Angle    Proper Dih. Ryckaert-Bell.          LJ-14
    9.37097e+02    2.55057e+03    1.17923e+02    1.24526e+03    1.51075e+03
     Coulomb-14        LJ (SR)  Disper. corr.   Coulomb (SR)   Coul. recip.
    7.31489e+03    3.51893e+04   -2.39078e+03   -2.99550e+05    5.11051e+02
      Potential    Kinetic En.   Total Energy  Conserved En.    Temperature
   -2.52564e+05    4.82366e+04   -2.04328e+05   -2.03886e+05    3.01589e+02
 Pres. DC (bar) Pressure (bar)   Constr. rmsd
   -2.07181e+02   -1.57349e+02    3.07445e-06


DD  step 104999 load imb.: force  3.0%
           Step           Time
         105000      210.00000

   Energies (kJ/mol)
           Bond          Angle    Proper Dih. Ryckaert-Bell.          LJ-14
    8.48143e+02    2.46028e+03    1.25732e+02    1.24042e+03    1.52333e+03
     Coulomb-14        LJ (SR)  Disper. corr.   Coulomb (SR)   Coul. recip.
    7.35896e+03    3.52064e+04   -2.41163e+03   -3.00296e+05    5.56169e+02
      Potential    Kinetic En.   Total Energy  Conserved En.    Temperature
   -2.53389e+05    4.85974e+04   -2.04791e+05   -2.03878e+05    3.03846e+02
 Pres. DC (bar) Pressure (bar)   Constr. rmsd
   -2.10805e+02   -3.43037e+01    2.74357e-06


DD  step 109999 load imb.: force  2.4%
           Step           Time
         110000      220.00000

   Energies (kJ/mol)
           Bond          Angle    Proper Dih. Ryckaert-Bell.          LJ-14
    8.62139e+02    2.45282e+03    1.34197e+02    1.26184e+03    1.61479e+03
     Coulomb-14        LJ (SR)  Disper. corr.   Coulomb (SR)   Coul. recip.
    7.41210e+03    3.52233e+04   -2.41879e+03   -2.99416e+05    5.01590e+02
      Potential    Kinetic En.   Total Energy  Conserved En.    Temperature
   -2.52372e+05    4.81078e+04   -2.04264e+05   -2.03837e+05    3.00785e+02
 Pres. DC (bar) Pressure (bar)   Constr. rmsd
   -2.12057e+02    2.47046e+02    3.26428e-06


DD  step 114999 load imb.: force  2.2%
           Step           Time
         115000      230.00000

   Energies (kJ/mol)
           Bond          Angle    Proper Dih. Ryckaert-Bell.          LJ-14
    8.22831e+02    2.49822e+03    1.51843e+02    1.17683e+03    1.51636e+03
     Coulomb-14        LJ (SR)  Disper. corr.   Coulomb (SR)   Coul. recip.
    7.24165e+03    3.52301e+04   -2.40982e+03   -2.99054e+05    4.95349e+02
      Potential    Kinetic En.   Total Energy  Conserved En.    Temperature
   -2.52330e+05    4.78271e+04   -2.04503e+05   -2.03808e+05    2.99029e+02
 Pres. DC (bar) Pressure (bar)   Constr. rmsd
   -2.10489e+02    1.10318e+02    3.62816e-06


DD  step 119999 load imb.: force  2.9%
           Step           Time
         120000      240.00000

   Energies (kJ/mol)
           Bond          Angle    Proper Dih. Ryckaert-Bell.          LJ-14
    8.54209e+02    2.49586e+03    1.42596e+02    1.23087e+03    1.49957e+03
     Coulomb-14        LJ (SR)  Disper. corr.   Coulomb (SR)   Coul. recip.
    7.29453e+03    3.52305e+04   -2.40158e+03   -2.99981e+05    5.05555e+02
      Potential    Kinetic En.   Total Energy  Conserved En.    Temperature
   -2.53129e+05    4.72432e+04   -2.05886e+05   -2.03774e+05    2.95378e+02
 Pres. DC (bar) Pressure (bar)   Constr. rmsd
   -2.09054e+02   -6.43136e+01    3.26844e-06


DD  step 124999 load imb.: force  3.3%
           Step           Time
         125000      250.00000

   Energies (kJ/mol)
           Bond          Angle    Proper Dih. Ryckaert-Bell.          LJ-14
    7.82267e+02    2.52401e+03    1.47355e+02    1.22148e+03    1.56694e+03
     Coulomb-14        LJ (SR)  Disper. corr.   Coulomb (SR)   Coul. recip.
    7.26148e+03    3.46740e+04   -2.42403e+03   -2.99528e+05    5.06468e+02
      Potential    Kinetic En.   Total Energy  Conserved En.    Temperature
   -2.53268e+05    4.80855e+04   -2.05183e+05   -2.03757e+05    3.00645e+02
 Pres. DC (bar) Pressure (bar)   Constr. rmsd
   -2.12975e+02    4.53150e+01    2.96166e-06


DD  step 129999 load imb.: force  3.1%
           Step           Time
         130000      260.00000

   Energies (kJ/mol)
           Bond          Angle    Proper Dih. Ryckaert-Bell.          LJ-14
    9.50685e+02    2.47550e+03    1.27526e+02    1.25731e+03    1.51622e+03
     Coulomb-14        LJ (SR)  Disper. corr.   Coulomb (SR)   Coul. recip.
    7.28821e+03    3.49584e+04   -2.42424e+03   -3.00207e+05    5.06076e+02
      Potential    Kinetic En.   Total Energy  Conserved En.    Temperature
   -2.53551e+05    4.73892e+04   -2.06162e+05   -2.03722e+05    2.96292e+02
 Pres. DC (bar) Pressure (bar)   Constr. rmsd
   -2.13013e+02   -1.75644e+02    3.03546e-06


DD  step 134999 load imb.: force  3.1%
           Step           Time
         135000      270.00000

   Energies (kJ/mol)
           Bond          Angle    Proper Dih. Ryckaert-Bell.          LJ-14
    9.13806e+02    2.53229e+03    1.42593e+02    1.18153e+03    1.50656e+03
     Coulomb-14        LJ (SR)  Disper. corr.   Coulomb (SR)   Coul. recip.
    7.28744e+03    3.44902e+04   -2.40597e+03   -2.98525e+05    5.34163e+02
      Potential    Kinetic En.   Total Energy  Conserved En.    Temperature
   -2.52343e+05    4.81821e+04   -2.04161e+05   -2.03685e+05    3.01249e+02
 Pres. DC (bar) Pressure (bar)   Constr. rmsd
   -2.09818e+02   -1.20614e+02    3.36146e-06


DD  step 139999 load imb.: force  2.9%
           Step           Time
         140000      280.00000

   Energies (kJ/mol)
           Bond          Angle    Proper Dih. Ryckaert-Bell.          LJ-14
    8.82158e+02    2.55484e+03    1.50191e+02    1.24026e+03    1.53130e+03
     Coulomb-14        LJ (SR)  Disper. corr.   Coulomb (SR)   Coul. recip.
    7.27430e+03    3.44193e+04   -2.40713e+03   -2.98532e+05    5.39268e+02
      Potential    Kinetic En.   Total Energy  Conserved En.    Temperature
   -2.52347e+05    4.84187e+04   -2.03929e+05   -2.03660e+05    3.02728e+02
 Pres. DC (bar) Pressure (bar)   Constr. rmsd
   -2.10019e+02   -1.43997e+02    3.29408e-06


DD  step 144999 load imb.: force  3.2%
           Step           Time
         145000      290.00000

   Energies (kJ/mol)
           Bond          Angle    Proper Dih. Ryckaert-Bell.          LJ-14
    8.38712e+02    2.54818e+03    1.41623e+02    1.22803e+03    1.53966e+03
     Coulomb-14        LJ (SR)  Disper. corr.   Coulomb (SR)   Coul. recip.
    7.35903e+03    3.56126e+04   -2.43827e+03   -3.00197e+05    5.18465e+02
      Potential    Kinetic En.   Total Energy  Conserved En.    Temperature
   -2.52849e+05    4.80934e+04   -2.04756e+05   -2.03621e+05    3.00694e+02
 Pres. DC (bar) Pressure (bar)   Constr. rmsd
   -2.15481e+02    3.86310e+02    3.37496e-06


DD  step 149999 load imb.: force  3.1%
           Step           Time
         150000      300.00000

   Energies (kJ/mol)
           Bond          Angle    Proper Dih. Ryckaert-Bell.          LJ-14
    8.42260e+02    2.61222e+03    1.18824e+02    1.16310e+03    1.48584e+03
     Coulomb-14        LJ (SR)  Disper. corr.   Coulomb (SR)   Coul. recip.
    7.28406e+03    3.45657e+04   -2.41290e+03   -2.98447e+05    5.05950e+02
      Potential    Kinetic En.   Total Energy  Conserved En.    Temperature
   -2.52282e+05    4.69775e+04   -2.05305e+05   -2.03596e+05    2.93717e+02
 Pres. DC (bar) Pressure (bar)   Constr. rmsd
   -2.11027e+02   -1.26388e+02    2.94687e-06


DD  step 154999 load imb.: force  2.3%
           Step           Time
         155000      310.00000

   Energies (kJ/mol)
           Bond          Angle    Proper Dih. Ryckaert-Bell.          LJ-14
    8.31599e+02    2.51345e+03    1.31456e+02    1.22332e+03    1.52462e+03
     Coulomb-14        LJ (SR)  Disper. corr.   Coulomb (SR)   Coul. recip.
    7.34655e+03    3.60205e+04   -2.40829e+03   -3.00936e+05    5.29905e+02
      Potential    Kinetic En.   Total Energy  Conserved En.    Temperature
   -2.53223e+05    4.74952e+04   -2.05728e+05   -2.03560e+05    2.96954e+02
 Pres. DC (bar) Pressure (bar)   Constr. rmsd
   -2.10222e+02    1.73076e+02    3.04138e-06


DD  step 159999 load imb.: force  2.9%
           Step           Time
         160000      320.00000

   Energies (kJ/mol)
           Bond          Angle    Proper Dih. Ryckaert-Bell.          LJ-14
    7.85825e+02    2.36959e+03    1.40452e+02    1.29323e+03    1.49213e+03
     Coulomb-14        LJ (SR)  Disper. corr.   Coulomb (SR)   Coul. recip.
    7.28802e+03    3.50385e+04   -2.40516e+03   -3.00384e+05    4.83777e+02
      Potential    Kinetic En.   Total Energy  Conserved En.    Temperature
   -2.53897e+05    4.76504e+04   -2.06247e+05   -2.03547e+05    2.97925e+02
 Pres. DC (bar) Pressure (bar)   Constr. rmsd
   -2.09677e+02   -1.15470e+02    3.02041e-06


DD  step 164999 load imb.: force  3.0%
           Step           Time
         165000      330.00000

   Energies (kJ/mol)
           Bond          Angle    Proper Dih. Ryckaert-Bell.          LJ-14
    8.07542e+02    2.50129e+03    1.56679e+02    1.24110e+03    1.57293e+03
     Coulomb-14        LJ (SR)  Disper. corr.   Coulomb (SR)   Coul. recip.
    7.30287e+03    3.44537e+04   -2.39449e+03   -2.98901e+05    5.19807e+02
      Potential    Kinetic En.   Total Energy  Conserved En.    Temperature
   -2.52740e+05    4.80805e+04   -2.04659e+05   -2.03483e+05    3.00614e+02
 Pres. DC (bar) Pressure (bar)   Constr. rmsd
   -2.07822e+02   -1.91933e+02    3.17303e-06


DD  step 169999 load imb.: force  3.4%
           Step           Time
         170000      340.00000

   Energies (kJ/mol)
           Bond          Angle    Proper Dih. Ryckaert-Bell.          LJ-14
    9.06603e+02    2.45971e+03    1.37253e+02    1.20177e+03    1.57532e+03
     Coulomb-14        LJ (SR)  Disper. corr.   Coulomb (SR)   Coul. recip.
    7.38209e+03    3.49578e+04   -2.41272e+03   -3.00195e+05    5.02167e+02
      Potential    Kinetic En.   Total Energy  Conserved En.    Temperature
   -2.53485e+05    4.79500e+04   -2.05535e+05   -2.03463e+05    2.99798e+02
 Pres. DC (bar) Pressure (bar)   Constr. rmsd
   -2.10995e+02    7.30457e+00    3.54445e-06


DD  step 174999 load imb.: force  3.2%
           Step           Time
         175000      350.00000

   Energies (kJ/mol)
           Bond          Angle    Proper Dih. Ryckaert-Bell.          LJ-14
    9.83460e+02    2.37644e+03    1.63675e+02    1.22514e+03    1.54737e+03
     Coulomb-14        LJ (SR)  Disper. corr.   Coulomb (SR)   Coul. recip.
    7.29996e+03    3.54008e+04   -2.41800e+03   -2.99535e+05    4.91598e+02
      Potential    Kinetic En.   Total Energy  Conserved En.    Temperature
   -2.52464e+05    4.73560e+04   -2.05108e+05   -2.03432e+05    2.96084e+02
 Pres. DC (bar) Pressure (bar)   Constr. rmsd
   -2.11919e+02    1.25896e+02    3.31366e-06


DD  step 179999 load imb.: force  3.2%
           Step           Time
         180000      360.00000

   Energies (kJ/mol)
           Bond          Angle    Proper Dih. Ryckaert-Bell.          LJ-14
    8.70443e+02    2.47953e+03    1.51384e+02    1.24528e+03    1.53168e+03
     Coulomb-14        LJ (SR)  Disper. corr.   Coulomb (SR)   Coul. recip.
    7.37710e+03    3.61206e+04   -2.41021e+03   -3.01316e+05    5.28470e+02
      Potential    Kinetic En.   Total Energy  Conserved En.    Temperature
   -2.53422e+05    4.74165e+04   -2.06005e+05   -2.03396e+05    2.96462e+02
 Pres. DC (bar) Pressure (bar)   Constr. rmsd
   -2.10557e+02    1.96253e+02    3.17205e-06


DD  step 184999 load imb.: force  2.5%
           Step           Time
         185000      370.00000

   Energies (kJ/mol)
           Bond          Angle    Proper Dih. Ryckaert-Bell.          LJ-14
    8.06477e+02    2.45674e+03    1.75848e+02    1.26216e+03    1.55912e+03
     Coulomb-14        LJ (SR)  Disper. corr.   Coulomb (SR)   Coul. recip.
    7.29359e+03    3.56861e+04   -2.40869e+03   -3.00331e+05    5.20575e+02
      Potential    Kinetic En.   Total Energy  Conserved En.    Temperature
   -2.52980e+05    4.76831e+04   -2.05296e+05   -2.03388e+05    2.98129e+02
 Pres. DC (bar) Pressure (bar)   Constr. rmsd
   -2.10292e+02    2.85726e+02    2.83423e-06


DD  step 189999 load imb.: force  3.0%
           Step           Time
         190000      380.00000

   Energies (kJ/mol)
           Bond          Angle    Proper Dih. Ryckaert-Bell.          LJ-14
    9.44597e+02    2.55192e+03    1.64621e+02    1.16722e+03    1.53697e+03
     Coulomb-14        LJ (SR)  Disper. corr.   Coulomb (SR)   Coul. recip.
    7.29595e+03    3.47361e+04   -2.40769e+03   -2.99439e+05    5.36651e+02
      Potential    Kinetic En.   Total Energy  Conserved En.    Temperature
   -2.52913e+05    4.74317e+04   -2.05481e+05   -2.03364e+05    2.96557e+02
 Pres. DC (bar) Pressure (bar)   Constr. rmsd
   -2.10118e+02   -1.86956e+02    3.15546e-06


DD  step 194999 load imb.: force  3.1%
           Step           Time
         195000      390.00000

   Energies (kJ/mol)
           Bond          Angle    Proper Dih. Ryckaert-Bell.          LJ-14
    8.93128e+02    2.28030e+03    1.32050e+02    1.26671e+03    1.56358e+03
     Coulomb-14        LJ (SR)  Disper. corr.   Coulomb (SR)   Coul. recip.
    7.33501e+03    3.47192e+04   -2.41364e+03   -3.00129e+05    4.96244e+02
      Potential    Kinetic En.   Total Energy  Conserved En.    Temperature
   -2.53856e+05    4.80822e+04   -2.05774e+05   -2.03346e+05    3.00624e+02
 Pres. DC (bar) Pressure (bar)   Constr. rmsd
   -2.11156e+02    5.50491e+01    3.22298e-06


DD  step 199999 load imb.: force  3.1%
           Step           Time
         200000      400.00000

   Energies (kJ/mol)
           Bond          Angle    Proper Dih. Ryckaert-Bell.          LJ-14
    8.99909e+02    2.58843e+03    1.51953e+02    1.21400e+03    1.58080e+03
     Coulomb-14        LJ (SR)  Disper. corr.   Coulomb (SR)   Coul. recip.
    7.31831e+03    3.49703e+04   -2.41704e+03   -2.99261e+05    4.77425e+02
      Potential    Kinetic En.   Total Energy  Conserved En.    Temperature
   -2.52477e+05    4.81806e+04   -2.04297e+05   -2.03299e+05    3.01239e+02
 Pres. DC (bar) Pressure (bar)   Constr. rmsd
   -2.11751e+02    2.46287e+01    3.58300e-06


DD  step 204999 load imb.: force  3.1%
           Step           Time
         205000      410.00000

   Energies (kJ/mol)
           Bond          Angle    Proper Dih. Ryckaert-Bell.          LJ-14
    1.00117e+03    2.61796e+03    1.30679e+02    1.24230e+03    1.53326e+03
     Coulomb-14        LJ (SR)  Disper. corr.   Coulomb (SR)   Coul. recip.
    7.29549e+03    3.50320e+04   -2.39115e+03   -2.98760e+05    5.24368e+02
      Potential    Kinetic En.   Total Energy  Conserved En.    Temperature
   -2.51773e+05    4.81983e+04   -2.03575e+05   -2.03270e+05    3.01350e+02
 Pres. DC (bar) Pressure (bar)   Constr. rmsd
   -2.07244e+02   -2.22401e+01    3.11743e-06


DD  step 209999 load imb.: force  3.1%
           Step           Time
         210000      420.00000

   Energies (kJ/mol)
           Bond          Angle    Proper Dih. Ryckaert-Bell.          LJ-14
    8.54936e+02    2.27385e+03    1.76586e+02    1.26481e+03    1.57495e+03
     Coulomb-14        LJ (SR)  Disper. corr.   Coulomb (SR)   Coul. recip.
    7.27286e+03    3.52770e+04   -2.41831e+03   -3.00341e+05    5.07885e+02
      Potential    Kinetic En.   Total Energy  Conserved En.    Temperature
   -2.53556e+05    4.78638e+04   -2.05692e+05   -2.03271e+05    2.99259e+02
 Pres. DC (bar) Pressure (bar)   Constr. rmsd
   -2.11973e+02    5.24350e+01    3.32182e-06


DD  step 214999 load imb.: force  2.9%
           Step           Time
         215000      430.00000

   Energies (kJ/mol)
           Bond          Angle    Proper Dih. Ryckaert-Bell.          LJ-14
    8.43328e+02    2.43632e+03    1.33969e+02    1.19226e+03    1.60101e+03
     Coulomb-14        LJ (SR)  Disper. corr.   Coulomb (SR)   Coul. recip.
    7.35288e+03    3.53501e+04   -2.41496e+03   -3.00134e+05    5.10763e+02
      Potential    Kinetic En.   Total Energy  Conserved En.    Temperature
   -2.53129e+05    4.83274e+04   -2.04801e+05   -2.03240e+05    3.02158e+02
 Pres. DC (bar) Pressure (bar)   Constr. rmsd
   -2.11387e+02    3.99244e+01    3.17062e-06


DD  step 219999 load imb.: force  3.1%
           Step           Time
         220000      440.00000

   Energies (kJ/mol)
           Bond          Angle    Proper Dih. Ryckaert-Bell.          LJ-14
    8.44447e+02    2.45269e+03    1.49795e+02    1.20105e+03    1.54531e+03
     Coulomb-14        LJ (SR)  Disper. corr.   Coulomb (SR)   Coul. recip.
    7.26460e+03    3.57278e+04   -2.40175e+03   -3.00905e+05    4.90048e+02
      Potential    Kinetic En.   Total Energy  Conserved En.    Temperature
   -2.53631e+05    4.79040e+04   -2.05727e+05   -2.03192e+05    2.99510e+02
 Pres. DC (bar) Pressure (bar)   Constr. rmsd
   -2.09083e+02    3.14966e+01    2.94086e-06


DD  step 224999 load imb.: force  3.3%
           Step           Time
         225000      450.00000

   Energies (kJ/mol)
           Bond          Angle    Proper Dih. Ryckaert-Bell.          LJ-14
    8.80391e+02    2.46578e+03    1.43439e+02    1.19735e+03    1.60700e+03
     Coulomb-14        LJ (SR)  Disper. corr.   Coulomb (SR)   Coul. recip.
    7.32736e+03    3.50003e+04   -2.42083e+03   -2.99969e+05    4.95341e+02
      Potential    Kinetic En.   Total Energy  Conserved En.    Temperature
   -2.53273e+05    4.78537e+04   -2.05419e+05   -2.03166e+05    2.99196e+02
 Pres. DC (bar) Pressure (bar)   Constr. rmsd
   -2.12415e+02    1.10133e+01    3.11584e-06


DD  step 229999 load imb.: force  2.9%
           Step           Time
         230000      460.00000

   Energies (kJ/mol)
           Bond          Angle    Proper Dih. Ryckaert-Bell.          LJ-14
    8.43689e+02    2.44942e+03    1.65102e+02    1.31245e+03    1.56675e+03
     Coulomb-14        LJ (SR)  Disper. corr.   Coulomb (SR)   Coul. recip.
    7.35852e+03    3.52861e+04   -2.42951e+03   -3.01155e+05    5.41568e+02
      Potential    Kinetic En.   Total Energy  Conserved En.    Temperature
   -2.54061e+05    4.82460e+04   -2.05815e+05   -2.03155e+05    3.01649e+02
 Pres. DC (bar) Pressure (bar)   Constr. rmsd
   -2.13938e+02    1.76444e+01    3.20352e-06


DD  step 234999 load imb.: force  2.7%
           Step           Time
         235000      470.00000

   Energies (kJ/mol)
           Bond          Angle    Proper Dih. Ryckaert-Bell.          LJ-14
    9.42462e+02    2.38456e+03    1.54971e+02    1.17983e+03    1.49259e+03
     Coulomb-14        LJ (SR)  Disper. corr.   Coulomb (SR)   Coul. recip.
    7.23341e+03    3.31274e+04   -2.41454e+03   -2.97099e+05    5.40439e+02
      Potential    Kinetic En.   Total Energy  Conserved En.    Temperature
   -2.52458e+05    4.82436e+04   -2.04215e+05   -2.03128e+05    3.01633e+02
 Pres. DC (bar) Pressure (bar)   Constr. rmsd
   -2.11313e+02   -4.36627e+02    2.97896e-06


DD  step 239999 load imb.: force  3.1%
           Step           Time
         240000      480.00000

   Energies (kJ/mol)
           Bond          Angle    Proper Dih. Ryckaert-Bell.          LJ-14
    7.88638e+02    2.53020e+03    1.30266e+02    1.25378e+03    1.55823e+03
     Coulomb-14        LJ (SR)  Disper. corr.   Coulomb (SR)   Coul. recip.
    7.35171e+03    3.45501e+04   -2.40694e+03   -2.99274e+05    5.26302e+02
      Potential    Kinetic En.   Total Energy  Conserved En.    Temperature
   -2.52992e+05    4.78697e+04   -2.05122e+05   -2.03105e+05    2.99296e+02
 Pres. DC (bar) Pressure (bar)   Constr. rmsd
   -2.09986e+02   -2.00740e+01    3.31167e-06


DD  step 244999 load imb.: force  3.4%
           Step           Time
         245000      490.00000

   Energies (kJ/mol)
           Bond          Angle    Proper Dih. Ryckaert-Bell.          LJ-14
    9.33611e+02    2.47463e+03    1.30812e+02    1.14910e+03    1.55093e+03
     Coulomb-14        LJ (SR)  Disper. corr.   Coulomb (SR)   Coul. recip.
    7.26140e+03    3.57739e+04   -2.42260e+03   -3.00318e+05    5.25753e+02
      Potential    Kinetic En.   Total Energy  Conserved En.    Temperature
   -2.52941e+05    4.81124e+04   -2.04828e+05   -2.03050e+05    3.00813e+02
 Pres. DC (bar) Pressure (bar)   Constr. rmsd
   -2.12724e+02    3.72205e+02    3.27717e-06


DD  step 249999 load imb.: force  2.5%
           Step           Time
         250000      500.00000

   Energies (kJ/mol)
           Bond          Angle    Proper Dih. Ryckaert-Bell.          LJ-14
    9.72161e+02    2.40115e+03    1.43707e+02    1.17922e+03    1.49838e+03
     Coulomb-14        LJ (SR)  Disper. corr.   Coulomb (SR)   Coul. recip.
    7.33512e+03    3.51794e+04   -2.41627e+03   -2.99837e+05    5.09766e+02
      Potential    Kinetic En.   Total Energy  Conserved En.    Temperature
   -2.53034e+05    4.76276e+04   -2.05406e+05   -2.03005e+05    2.97782e+02
 Pres. DC (bar) Pressure (bar)   Constr. rmsd
   -2.11615e+02   -7.36250e+01    3.10224e-06


DD  step 254999 load imb.: force  1.7%
           Step           Time
         255000      510.00000

   Energies (kJ/mol)
           Bond          Angle    Proper Dih. Ryckaert-Bell.          LJ-14
    9.95620e+02    2.38871e+03    1.38058e+02    1.24486e+03    1.51140e+03
     Coulomb-14        LJ (SR)  Disper. corr.   Coulomb (SR)   Coul. recip.
    7.29670e+03    3.52392e+04   -2.41647e+03   -2.99968e+05    5.44076e+02
      Potential    Kinetic En.   Total Energy  Conserved En.    Temperature
   -2.53025e+05    4.80070e+04   -2.05018e+05   -2.02979e+05    3.00154e+02
 Pres. DC (bar) Pressure (bar)   Constr. rmsd
   -2.11650e+02    5.66218e+00    3.08505e-06


DD  step 259999 load imb.: force  1.9%
           Step           Time
         260000      520.00000

   Energies (kJ/mol)
           Bond          Angle    Proper Dih. Ryckaert-Bell.          LJ-14
    8.37260e+02    2.53800e+03    1.08576e+02    1.13567e+03    1.54702e+03
     Coulomb-14        LJ (SR)  Disper. corr.   Coulomb (SR)   Coul. recip.
    7.24356e+03    3.59582e+04   -2.42407e+03   -3.01134e+05    5.24804e+02
      Potential    Kinetic En.   Total Energy  Conserved En.    Temperature
   -2.53664e+05    4.86380e+04   -2.05026e+05   -2.02955e+05    3.04100e+02
 Pres. DC (bar) Pressure (bar)   Constr. rmsd
   -2.12982e+02    3.17602e+02    3.10106e-06


DD  step 264999 load imb.: force  1.9%
           Step           Time
         265000      530.00000

   Energies (kJ/mol)
           Bond          Angle    Proper Dih. Ryckaert-Bell.          LJ-14
    8.61502e+02    2.42948e+03    1.19499e+02    1.17464e+03    1.51305e+03
     Coulomb-14        LJ (SR)  Disper. corr.   Coulomb (SR)   Coul. recip.
    7.33790e+03    3.54881e+04   -2.41894e+03   -3.00366e+05    5.03348e+02
      Potential    Kinetic En.   Total Energy  Conserved En.    Temperature
   -2.53357e+05    4.70968e+04   -2.06260e+05   -2.02911e+05    2.94463e+02
 Pres. DC (bar) Pressure (bar)   Constr. rmsd
   -2.12083e+02    2.86781e+01    3.16029e-06


DD  step 269999 load imb.: force  1.7%
           Step           Time
         270000      540.00000

   Energies (kJ/mol)
           Bond          Angle    Proper Dih. Ryckaert-Bell.          LJ-14
    8.56363e+02    2.42794e+03    1.35015e+02    1.18988e+03    1.48335e+03
     Coulomb-14        LJ (SR)  Disper. corr.   Coulomb (SR)   Coul. recip.
    7.30600e+03    3.58853e+04   -2.41908e+03   -3.00367e+05    5.65438e+02
      Potential    Kinetic En.   Total Energy  Conserved En.    Temperature
   -2.52936e+05    4.79931e+04   -2.04943e+05   -2.02906e+05    3.00067e+02
 Pres. DC (bar) Pressure (bar)   Constr. rmsd
   -2.12108e+02    1.42393e+02    3.27501e-06


DD  step 274999 load imb.: force  1.6%
           Step           Time
         275000      550.00000

   Energies (kJ/mol)
           Bond          Angle    Proper Dih. Ryckaert-Bell.          LJ-14
    7.99738e+02    2.39765e+03    1.39390e+02    1.27320e+03    1.58992e+03
     Coulomb-14        LJ (SR)  Disper. corr.   Coulomb (SR)   Coul. recip.
    7.36407e+03    3.53427e+04   -2.42056e+03   -3.00571e+05    5.71528e+02
      Potential    Kinetic En.   Total Energy  Conserved En.    Temperature
   -2.53514e+05    4.78574e+04   -2.05656e+05   -2.02872e+05    2.99219e+02
 Pres. DC (bar) Pressure (bar)   Constr. rmsd
   -2.12366e+02    2.83798e+02    3.29800e-06


DD  step 279999 load imb.: force  1.5%
           Step           Time
         280000      560.00000

   Energies (kJ/mol)
           Bond          Angle    Proper Dih. Ryckaert-Bell.          LJ-14
    9.25905e+02    2.37738e+03    1.13234e+02    1.11946e+03    1.53602e+03
     Coulomb-14        LJ (SR)  Disper. corr.   Coulomb (SR)   Coul. recip.
    7.31797e+03    3.45287e+04   -2.40800e+03   -2.98840e+05    5.06399e+02
      Potential    Kinetic En.   Total Energy  Conserved En.    Temperature
   -2.52823e+05    4.78173e+04   -2.05006e+05   -2.02840e+05    2.98968e+02
 Pres. DC (bar) Pressure (bar)   Constr. rmsd
   -2.10172e+02   -1.26524e+02    2.98031e-06


DD  step 284999 load imb.: force  1.9%
           Step           Time
         285000      570.00000

   Energies (kJ/mol)
           Bond          Angle    Proper Dih. Ryckaert-Bell.          LJ-14
    8.62087e+02    2.51602e+03    1.50274e+02    1.20922e+03    1.44750e+03
     Coulomb-14        LJ (SR)  Disper. corr.   Coulomb (SR)   Coul. recip.
    7.26025e+03    3.51588e+04   -2.42422e+03   -2.99619e+05    5.14079e+02
      Potential    Kinetic En.   Total Energy  Conserved En.    Temperature
   -2.52925e+05    4.79957e+04   -2.04930e+05   -2.02814e+05    3.00083e+02
 Pres. DC (bar) Pressure (bar)   Constr. rmsd
   -2.13009e+02   -4.93049e+01    3.38864e-06


DD  step 289999 load imb.: force  1.5%
           Step           Time
         290000      580.00000

   Energies (kJ/mol)
           Bond          Angle    Proper Dih. Ryckaert-Bell.          LJ-14
    8.60436e+02    2.47725e+03    1.55834e+02    1.23240e+03    1.49205e+03
     Coulomb-14        LJ (SR)  Disper. corr.   Coulomb (SR)   Coul. recip.
    7.22363e+03    3.49146e+04   -2.41867e+03   -2.98872e+05    5.30904e+02
      Potential    Kinetic En.   Total Energy  Conserved En.    Temperature
   -2.52404e+05    4.76354e+04   -2.04768e+05   -2.02773e+05    2.97831e+02
 Pres. DC (bar) Pressure (bar)   Constr. rmsd
   -2.12037e+02   -4.16358e+01    3.43256e-06


DD  step 294999 load imb.: force  1.8%
           Step           Time
         295000      590.00000

   Energies (kJ/mol)
           Bond          Angle    Proper Dih. Ryckaert-Bell.          LJ-14
    9.52958e+02    2.46935e+03    1.58871e+02    1.21751e+03    1.48355e+03
     Coulomb-14        LJ (SR)  Disper. corr.   Coulomb (SR)   Coul. recip.
    7.33328e+03    3.38221e+04   -2.40700e+03   -2.97911e+05    5.42643e+02
      Potential    Kinetic En.   Total Energy  Conserved En.    Temperature
   -2.52338e+05    4.83489e+04   -2.03989e+05   -2.02764e+05    3.02292e+02
 Pres. DC (bar) Pressure (bar)   Constr. rmsd
   -2.09997e+02   -4.18579e+02    3.26863e-06


DD  step 299999 load imb.: force  1.2%
           Step           Time
         300000      600.00000

   Energies (kJ/mol)
           Bond          Angle    Proper Dih. Ryckaert-Bell.          LJ-14
    8.83783e+02    2.50850e+03    1.53979e+02    1.19423e+03    1.48799e+03
     Coulomb-14        LJ (SR)  Disper. corr.   Coulomb (SR)   Coul. recip.
    7.26842e+03    3.50003e+04   -2.40861e+03   -2.99550e+05    4.88860e+02
      Potential    Kinetic En.   Total Energy  Conserved En.    Temperature
   -2.52973e+05    4.77067e+04   -2.05266e+05   -2.02718e+05    2.98277e+02
 Pres. DC (bar) Pressure (bar)   Constr. rmsd
   -2.10278e+02   -6.68079e+01    2.86292e-06


DD  step 304999 load imb.: force  2.1%
           Step           Time
         305000      610.00000

   Energies (kJ/mol)
           Bond          Angle    Proper Dih. Ryckaert-Bell.          LJ-14
    8.85010e+02    2.41833e+03    1.29917e+02    1.19965e+03    1.49130e+03
     Coulomb-14        LJ (SR)  Disper. corr.   Coulomb (SR)   Coul. recip.
    7.23760e+03    3.55319e+04   -2.41627e+03   -2.99934e+05    4.88119e+02
      Potential    Kinetic En.   Total Energy  Conserved En.    Temperature
   -2.52968e+05    4.81167e+04   -2.04851e+05   -2.02688e+05    3.00840e+02
 Pres. DC (bar) Pressure (bar)   Constr. rmsd
   -2.11615e+02    3.14759e+02    3.14612e-06


DD  step 309999 load imb.: force  2.2%
           Step           Time
         310000      620.00000

   Energies (kJ/mol)
           Bond          Angle    Proper Dih. Ryckaert-Bell.          LJ-14
    7.88472e+02    2.45882e+03    1.33886e+02    1.21495e+03    1.53728e+03
     Coulomb-14        LJ (SR)  Disper. corr.   Coulomb (SR)   Coul. recip.
    7.31584e+03    3.53247e+04   -2.39588e+03   -2.99927e+05    5.28903e+02
      Potential    Kinetic En.   Total Energy  Conserved En.    Temperature
   -2.53020e+05    4.84030e+04   -2.04617e+05   -2.02625e+05    3.02630e+02
 Pres. DC (bar) Pressure (bar)   Constr. rmsd
   -2.08064e+02    1.67985e+02    2.93447e-06


DD  step 314999 load imb.: force  2.5%
           Step           Time
         315000      630.00000

   Energies (kJ/mol)
           Bond          Angle    Proper Dih. Ryckaert-Bell.          LJ-14
    9.78230e+02    2.51881e+03    1.40707e+02    1.14912e+03    1.50875e+03
     Coulomb-14        LJ (SR)  Disper. corr.   Coulomb (SR)   Coul. recip.
    7.30949e+03    3.53734e+04   -2.41714e+03   -2.99904e+05    5.04860e+02
      Potential    Kinetic En.   Total Energy  Conserved En.    Temperature
   -2.52838e+05    4.86602e+04   -2.04178e+05   -2.02601e+05    3.04238e+02
 Pres. DC (bar) Pressure (bar)   Constr. rmsd
   -2.11768e+02    7.59135e+01    3.39546e-06


DD  step 319999 load imb.: force  2.3%
           Step           Time
         320000      640.00000

   Energies (kJ/mol)
           Bond          Angle    Proper Dih. Ryckaert-Bell.          LJ-14
    9.27922e+02    2.48777e+03    1.26332e+02    1.20786e+03    1.56618e+03
     Coulomb-14        LJ (SR)  Disper. corr.   Coulomb (SR)   Coul. recip.
    7.35252e+03    3.52742e+04   -2.43578e+03   -3.01089e+05    5.08209e+02
      Potential    Kinetic En.   Total Energy  Conserved En.    Temperature
   -2.54074e+05    4.76111e+04   -2.06462e+05   -2.02562e+05    2.97679e+02
 Pres. DC (bar) Pressure (bar)   Constr. rmsd
   -2.15043e+02    1.97702e+02    3.12108e-06


DD  step 324999 load imb.: force  1.9%
           Step           Time
         325000      650.00000

   Energies (kJ/mol)
           Bond          Angle    Proper Dih. Ryckaert-Bell.          LJ-14
    8.51844e+02    2.41324e+03    1.26306e+02    1.20446e+03    1.57715e+03
     Coulomb-14        LJ (SR)  Disper. corr.   Coulomb (SR)   Coul. recip.
    7.37119e+03    3.54482e+04   -2.43782e+03   -3.01105e+05    5.29839e+02
      Potential    Kinetic En.   Total Energy  Conserved En.    Temperature
   -2.54021e+05    4.74729e+04   -2.06548e+05   -2.02524e+05    2.96815e+02
 Pres. DC (bar) Pressure (bar)   Constr. rmsd
   -2.15402e+02    2.01822e+02    2.84994e-06


DD  step 329999 load imb.: force  2.2%
           Step           Time
         330000      660.00000

   Energies (kJ/mol)
           Bond          Angle    Proper Dih. Ryckaert-Bell.          LJ-14
    8.46646e+02    2.51483e+03    1.65144e+02    1.20335e+03    1.53746e+03
     Coulomb-14        LJ (SR)  Disper. corr.   Coulomb (SR)   Coul. recip.
    7.25774e+03    3.60030e+04   -2.40944e+03   -3.01115e+05    5.00436e+02
      Potential    Kinetic En.   Total Energy  Conserved En.    Temperature
   -2.53496e+05    4.85254e+04   -2.04970e+05   -2.02492e+05    3.03396e+02
 Pres. DC (bar) Pressure (bar)   Constr. rmsd
   -2.10422e+02    2.55260e+02    3.26122e-06


DD  step 334999 load imb.: force  1.8%
           Step           Time
         335000      670.00000

   Energies (kJ/mol)
           Bond          Angle    Proper Dih. Ryckaert-Bell.          LJ-14
    9.45755e+02    2.49132e+03    1.20776e+02    1.22064e+03    1.50472e+03
     Coulomb-14        LJ (SR)  Disper. corr.   Coulomb (SR)   Coul. recip.
    7.35094e+03    3.58308e+04   -2.43616e+03   -3.00725e+05    5.01051e+02
      Potential    Kinetic En.   Total Energy  Conserved En.    Temperature
   -2.53196e+05    4.88873e+04   -2.04308e+05   -2.02470e+05    3.05658e+02
 Pres. DC (bar) Pressure (bar)   Constr. rmsd
   -2.15109e+02    2.11694e+02    3.91066e-06


DD  step 339999 load imb.: force  1.6%
           Step           Time
         340000      680.00000

   Energies (kJ/mol)
           Bond          Angle    Proper Dih. Ryckaert-Bell.          LJ-14
    8.65155e+02    2.44160e+03    1.35055e+02    1.21787e+03    1.49153e+03
     Coulomb-14        LJ (SR)  Disper. corr.   Coulomb (SR)   Coul. recip.
    7.30478e+03    3.56295e+04   -2.41502e+03   -3.01671e+05    5.10556e+02
      Potential    Kinetic En.   Total Energy  Conserved En.    Temperature
   -2.54490e+05    4.81799e+04   -2.06310e+05   -2.02428e+05    3.01235e+02
 Pres. DC (bar) Pressure (bar)   Constr. rmsd
   -2.11397e+02    6.76649e+01    3.12452e-06


DD  step 344999 load imb.: force  2.1%
           Step           Time
         345000      690.00000

   Energies (kJ/mol)
           Bond          Angle    Proper Dih. Ryckaert-Bell.          LJ-14
    9.11450e+02    2.44102e+03    1.33382e+02    1.17353e+03    1.49706e+03
     Coulomb-14        LJ (SR)  Disper. corr.   Coulomb (SR)   Coul. recip.
    7.24806e+03    3.44613e+04   -2.41036e+03   -2.98540e+05    4.72647e+02
      Potential    Kinetic En.   Total Energy  Conserved En.    Temperature
   -2.52612e+05    4.80047e+04   -2.04607e+05   -2.02387e+05    3.00140e+02
 Pres. DC (bar) Pressure (bar)   Constr. rmsd
   -2.10584e+02   -1.22807e+02    3.77408e-06


DD  step 349999 load imb.: force  1.9%
           Step           Time
         350000      700.00000

   Energies (kJ/mol)
           Bond          Angle    Proper Dih. Ryckaert-Bell.          LJ-14
    9.14797e+02    2.45205e+03    1.43080e+02    1.22840e+03    1.52003e+03
     Coulomb-14        LJ (SR)  Disper. corr.   Coulomb (SR)   Coul. recip.
    7.22524e+03    3.52655e+04   -2.41515e+03   -2.99736e+05    5.25507e+02
      Potential    Kinetic En.   Total Energy  Conserved En.    Temperature
   -2.52876e+05    4.81370e+04   -2.04739e+05   -2.02334e+05    3.00967e+02
 Pres. DC (bar) Pressure (bar)   Constr. rmsd
   -2.11420e+02   -7.00190e+00    2.95132e-06


DD  step 354999 load imb.: force  2.1%
           Step           Time
         355000      710.00000

   Energies (kJ/mol)
           Bond          Angle    Proper Dih. Ryckaert-Bell.          LJ-14
    8.95086e+02    2.57103e+03    1.67772e+02    1.22576e+03    1.56540e+03
     Coulomb-14        LJ (SR)  Disper. corr.   Coulomb (SR)   Coul. recip.
    7.30305e+03    3.40518e+04   -2.43025e+03   -2.98518e+05    4.99096e+02
      Potential    Kinetic En.   Total Energy  Conserved En.    Temperature
   -2.52670e+05    4.79154e+04   -2.04754e+05   -2.02297e+05    2.99581e+02
 Pres. DC (bar) Pressure (bar)   Constr. rmsd
   -2.14069e+02    3.13051e+01    3.27774e-06


DD  step 359999 load imb.: force  1.6%
           Step           Time
         360000      720.00000

   Energies (kJ/mol)
           Bond          Angle    Proper Dih. Ryckaert-Bell.          LJ-14
    8.86303e+02    2.53473e+03    1.33793e+02    1.20673e+03    1.56967e+03
     Coulomb-14        LJ (SR)  Disper. corr.   Coulomb (SR)   Coul. recip.
    7.36600e+03    3.46055e+04   -2.41757e+03   -2.98988e+05    5.30757e+02
      Potential    Kinetic En.   Total Energy  Conserved En.    Temperature
   -2.52572e+05    4.76530e+04   -2.04919e+05   -2.02263e+05    2.97941e+02
 Pres. DC (bar) Pressure (bar)   Constr. rmsd
   -2.11843e+02   -9.78738e+00    2.78771e-06


DD  step 364999 load imb.: force  1.8%
           Step           Time
         365000      730.00000

   Energies (kJ/mol)
           Bond          Angle    Proper Dih. Ryckaert-Bell.          LJ-14
    8.87821e+02    2.42141e+03    1.45606e+02    1.27630e+03    1.61781e+03
     Coulomb-14        LJ (SR)  Disper. corr.   Coulomb (SR)   Coul. recip.
    7.38563e+03    3.41994e+04   -2.43043e+03   -2.98402e+05    5.03629e+02
      Potential    Kinetic En.   Total Energy  Conserved En.    Temperature
   -2.52394e+05    4.76728e+04   -2.04722e+05   -2.02231e+05    2.98064e+02
 Pres. DC (bar) Pressure (bar)   Constr. rmsd
   -2.14100e+02   -3.15956e+01    3.41176e-06


DD  step 369999 load imb.: force  1.8%
           Step           Time
         370000      740.00000

   Energies (kJ/mol)
           Bond          Angle    Proper Dih. Ryckaert-Bell.          LJ-14
    8.78280e+02    2.53310e+03    1.29739e+02    1.25053e+03    1.53835e+03
     Coulomb-14        LJ (SR)  Disper. corr.   Coulomb (SR)   Coul. recip.
    7.29832e+03    3.58230e+04   -2.41807e+03   -3.00286e+05    5.07198e+02
      Potential    Kinetic En.   Total Energy  Conserved En.    Temperature
   -2.52745e+05    4.82828e+04   -2.04463e+05   -2.02215e+05    3.01879e+02
 Pres. DC (bar) Pressure (bar)   Constr. rmsd
   -2.11931e+02    3.67346e+02    3.05556e-06


DD  step 374999 load imb.: force  2.2%
           Step           Time
         375000      750.00000

   Energies (kJ/mol)
           Bond          Angle    Proper Dih. Ryckaert-Bell.          LJ-14
    8.61268e+02    2.70271e+03    1.84751e+02    1.21171e+03    1.57298e+03
     Coulomb-14        LJ (SR)  Disper. corr.   Coulomb (SR)   Coul. recip.
    7.30217e+03    3.46533e+04   -2.42163e+03   -2.98746e+05    5.40809e+02
      Potential    Kinetic En.   Total Energy  Conserved En.    Temperature
   -2.52138e+05    4.81646e+04   -2.03974e+05   -2.02189e+05    3.01139e+02
 Pres. DC (bar) Pressure (bar)   Constr. rmsd
   -2.12555e+02   -6.07117e+00    3.38650e-06


DD  step 379999 load imb.: force  2.2%
           Step           Time
         380000      760.00000

   Energies (kJ/mol)
           Bond          Angle    Proper Dih. Ryckaert-Bell.          LJ-14
    9.25682e+02    2.60303e+03    1.17211e+02    1.13520e+03    1.48744e+03
     Coulomb-14        LJ (SR)  Disper. corr.   Coulomb (SR)   Coul. recip.
    7.37985e+03    3.47833e+04   -2.40154e+03   -2.99197e+05    5.05932e+02
      Potential    Kinetic En.   Total Energy  Conserved En.    Temperature
   -2.52660e+05    4.77052e+04   -2.04955e+05   -2.02149e+05    2.98267e+02
 Pres. DC (bar) Pressure (bar)   Constr. rmsd
   -2.09046e+02   -2.90724e+02    3.01185e-06


DD  step 384999 load imb.: force  2.1%
           Step           Time
         385000      770.00000

   Energies (kJ/mol)
           Bond          Angle    Proper Dih. Ryckaert-Bell.          LJ-14
    9.25775e+02    2.50947e+03    1.37706e+02    1.20562e+03    1.48881e+03
     Coulomb-14        LJ (SR)  Disper. corr.   Coulomb (SR)   Coul. recip.
    7.25438e+03    3.45524e+04   -2.41303e+03   -2.99081e+05    5.41077e+02
      Potential    Kinetic En.   Total Energy  Conserved En.    Temperature
   -2.52879e+05    4.87336e+04   -2.04145e+05   -2.02142e+05    3.04697e+02
 Pres. DC (bar) Pressure (bar)   Constr. rmsd
   -2.11049e+02   -2.72623e+02    3.53547e-06


DD  step 389999 load imb.: force  2.1%
           Step           Time
         390000      780.00000

   Energies (kJ/mol)
           Bond          Angle    Proper Dih. Ryckaert-Bell.          LJ-14
    8.95971e+02    2.55743e+03    1.47269e+02    1.18187e+03    1.49146e+03
     Coulomb-14        LJ (SR)  Disper. corr.   Coulomb (SR)   Coul. recip.
    7.27587e+03    3.50624e+04   -2.40872e+03   -2.99396e+05    4.84628e+02
      Potential    Kinetic En.   Total Energy  Conserved En.    Temperature
   -2.52708e+05    4.81449e+04   -2.04563e+05   -2.02129e+05    3.01017e+02
 Pres. DC (bar) Pressure (bar)   Constr. rmsd
   -2.10296e+02   -4.91080e+01    3.40987e-06


DD  step 394999 load imb.: force  2.0%
           Step           Time
         395000      790.00000

   Energies (kJ/mol)
           Bond          Angle    Proper Dih. Ryckaert-Bell.          LJ-14
    8.98192e+02    2.56204e+03    1.38861e+02    1.14025e+03    1.53834e+03
     Coulomb-14        LJ (SR)  Disper. corr.   Coulomb (SR)   Coul. recip.
    7.23030e+03    3.48073e+04   -2.39294e+03   -2.98216e+05    5.49824e+02
      Potential    Kinetic En.   Total Energy  Conserved En.    Temperature
   -2.51744e+05    4.75506e+04   -2.04194e+05   -2.02090e+05    2.97300e+02
 Pres. DC (bar) Pressure (bar)   Constr. rmsd
   -2.07554e+02   -7.07981e+01    2.57614e-06


DD  step 399999 load imb.: force  1.9%
           Step           Time
         400000      800.00000

   Energies (kJ/mol)
           Bond          Angle    Proper Dih. Ryckaert-Bell.          LJ-14
    8.54038e+02    2.55985e+03    1.17478e+02    1.15341e+03    1.57690e+03
     Coulomb-14        LJ (SR)  Disper. corr.   Coulomb (SR)   Coul. recip.
    7.25372e+03    3.46160e+04   -2.41936e+03   -2.98520e+05    4.78025e+02
      Potential    Kinetic En.   Total Energy  Conserved En.    Temperature
   -2.52330e+05    4.82306e+04   -2.04100e+05   -2.02068e+05    3.01552e+02
 Pres. DC (bar) Pressure (bar)   Constr. rmsd
   -2.12157e+02    1.78028e+02    3.29512e-06


DD  step 404999 load imb.: force  2.0%
           Step           Time
         405000      810.00000

   Energies (kJ/mol)
           Bond          Angle    Proper Dih. Ryckaert-Bell.          LJ-14
    8.50240e+02    2.60468e+03    1.44009e+02    1.19215e+03    1.55226e+03
     Coulomb-14        LJ (SR)  Disper. corr.   Coulomb (SR)   Coul. recip.
    7.35637e+03    3.58077e+04   -2.41297e+03   -3.00812e+05    5.00772e+02
      Potential    Kinetic En.   Total Energy  Conserved En.    Temperature
   -2.53216e+05    4.78438e+04   -2.05373e+05   -2.02037e+05    2.99134e+02
 Pres. DC (bar) Pressure (bar)   Constr. rmsd
   -2.11040e+02    2.46250e+02    2.89625e-06


DD  step 409999 load imb.: force  2.0%
           Step           Time
         410000      820.00000

   Energies (kJ/mol)
           Bond          Angle    Proper Dih. Ryckaert-Bell.          LJ-14
    9.06334e+02    2.54129e+03    1.39139e+02    1.20450e+03    1.53222e+03
     Coulomb-14        LJ (SR)  Disper. corr.   Coulomb (SR)   Coul. recip.
    7.31365e+03    3.45841e+04   -2.41960e+03   -2.99292e+05    5.40076e+02
      Potential    Kinetic En.   Total Energy  Conserved En.    Temperature
   -2.52950e+05    4.80149e+04   -2.04935e+05   -2.02044e+05    3.00204e+02
 Pres. DC (bar) Pressure (bar)   Constr. rmsd
   -2.12198e+02   -8.26885e+01    3.30950e-06


DD  step 414999 load imb.: force  2.4%
           Step           Time
         415000      830.00000

   Energies (kJ/mol)
           Bond          Angle    Proper Dih. Ryckaert-Bell.          LJ-14
    9.19018e+02    2.45675e+03    1.29755e+02    1.18708e+03    1.54466e+03
     Coulomb-14        LJ (SR)  Disper. corr.   Coulomb (SR)   Coul. recip.
    7.29171e+03    3.42931e+04   -2.41910e+03   -2.99431e+05    5.10431e+02
      Potential    Kinetic En.   Total Energy  Conserved En.    Temperature
   -2.53517e+05    4.77612e+04   -2.05756e+05   -2.01988e+05    2.98618e+02
 Pres. DC (bar) Pressure (bar)   Constr. rmsd
   -2.12111e+02   -2.10701e+02    3.38259e-06


DD  step 419999 load imb.: force  2.1%
           Step           Time
         420000      840.00000

   Energies (kJ/mol)
           Bond          Angle    Proper Dih. Ryckaert-Bell.          LJ-14
    9.09777e+02    2.45391e+03    1.51234e+02    1.25753e+03    1.57687e+03
     Coulomb-14        LJ (SR)  Disper. corr.   Coulomb (SR)   Coul. recip.
    7.31512e+03    3.45234e+04   -2.42092e+03   -2.98906e+05    5.46736e+02
      Potential    Kinetic En.   Total Energy  Conserved En.    Temperature
   -2.52592e+05    4.79088e+04   -2.04683e+05   -2.01990e+05    2.99540e+02
 Pres. DC (bar) Pressure (bar)   Constr. rmsd
   -2.12431e+02    8.06805e+01    2.95108e-06


DD  step 424999 load imb.: force  2.2%
           Step           Time
         425000      850.00000

   Energies (kJ/mol)
           Bond          Angle    Proper Dih. Ryckaert-Bell.          LJ-14
    8.86859e+02    2.49570e+03    1.68063e+02    1.16552e+03    1.50181e+03
     Coulomb-14        LJ (SR)  Disper. corr.   Coulomb (SR)   Coul. recip.
    7.27152e+03    3.47091e+04   -2.41102e+03   -2.99742e+05    5.50516e+02
      Potential    Kinetic En.   Total Energy  Conserved En.    Temperature
   -2.53404e+05    4.76091e+04   -2.05795e+05   -2.01924e+05    2.97666e+02
 Pres. DC (bar) Pressure (bar)   Constr. rmsd
   -2.10698e+02   -1.74254e+02    3.12304e-06


DD  step 429999 load imb.: force  2.5%
           Step           Time
         430000      860.00000

   Energies (kJ/mol)
           Bond          Angle    Proper Dih. Ryckaert-Bell.          LJ-14
    8.55656e+02    2.35201e+03    1.31659e+02    1.19734e+03    1.52691e+03
     Coulomb-14        LJ (SR)  Disper. corr.   Coulomb (SR)   Coul. recip.
    7.29176e+03    3.49604e+04   -2.42151e+03   -3.00001e+05    4.98064e+02
      Potential    Kinetic En.   Total Energy  Conserved En.    Temperature
   -2.53608e+05    4.70418e+04   -2.06567e+05   -2.01887e+05    2.94119e+02
 Pres. DC (bar) Pressure (bar)   Constr. rmsd
   -2.12533e+02   -5.39477e+01    2.86945e-06


DD  step 434999 load imb.: force  1.8%
           Step           Time
         435000      870.00000

   Energies (kJ/mol)
           Bond          Angle    Proper Dih. Ryckaert-Bell.          LJ-14
    9.11899e+02    2.44259e+03    1.52056e+02    1.25356e+03    1.46870e+03
     Coulomb-14        LJ (SR)  Disper. corr.   Coulomb (SR)   Coul. recip.
    7.27632e+03    3.48150e+04   -2.40143e+03   -2.99472e+05    5.44169e+02
      Potential    Kinetic En.   Total Energy  Conserved En.    Temperature
   -2.53009e+05    4.78121e+04   -2.05197e+05   -2.01860e+05    2.98935e+02
 Pres. DC (bar) Pressure (bar)   Constr. rmsd
   -2.09027e+02   -2.84396e+02    3.30455e-06


DD  step 439999 load imb.: force  2.0%
           Step           Time
         440000      880.00000

   Energies (kJ/mol)
           Bond          Angle    Proper Dih. Ryckaert-Bell.          LJ-14
    9.21883e+02    2.55228e+03    1.43284e+02    1.16394e+03    1.49000e+03
     Coulomb-14        LJ (SR)  Disper. corr.   Coulomb (SR)   Coul. recip.
    7.26236e+03    3.43894e+04   -2.42330e+03   -2.98697e+05    5.16429e+02
      Potential    Kinetic En.   Total Energy  Conserved En.    Temperature
   -2.52681e+05    4.80962e+04   -2.04585e+05   -2.01853e+05    3.00712e+02
 Pres. DC (bar) Pressure (bar)   Constr. rmsd
   -2.12848e+02   -1.36662e+02    3.79888e-06


DD  step 444999 load imb.: force  1.9%
           Step           Time
         445000      890.00000

   Energies (kJ/mol)
           Bond          Angle    Proper Dih. Ryckaert-Bell.          LJ-14
    8.94922e+02    2.50404e+03    1.43032e+02    1.27252e+03    1.49181e+03
     Coulomb-14        LJ (SR)  Disper. corr.   Coulomb (SR)   Coul. recip.
    7.30380e+03    3.62262e+04   -2.42789e+03   -3.01177e+05    4.76272e+02
      Potential    Kinetic En.   Total Energy  Conserved En.    Temperature
   -2.53292e+05    4.75800e+04   -2.05712e+05   -2.01833e+05    2.97484e+02
 Pres. DC (bar) Pressure (bar)   Constr. rmsd
   -2.13653e+02    3.71373e+02    3.33941e-06


DD  step 449999 load imb.: force  2.6%
           Step           Time
         450000      900.00000

   Energies (kJ/mol)
           Bond          Angle    Proper Dih. Ryckaert-Bell.          LJ-14
    8.69635e+02    2.44279e+03    1.28091e+02    1.11937e+03    1.49860e+03
     Coulomb-14        LJ (SR)  Disper. corr.   Coulomb (SR)   Coul. recip.
    7.31557e+03    3.54435e+04   -2.40366e+03   -3.00685e+05    5.10822e+02
      Potential    Kinetic En.   Total Energy  Conserved En.    Temperature
   -2.53760e+05    4.84575e+04   -2.05303e+05   -2.01813e+05    3.02971e+02
 Pres. DC (bar) Pressure (bar)   Constr. rmsd
   -2.09416e+02    2.23414e+01    3.25798e-06


DD  step 454999 load imb.: force  1.8%
           Step           Time
         455000      910.00000

   Energies (kJ/mol)
           Bond          Angle    Proper Dih. Ryckaert-Bell.          LJ-14
    8.97839e+02    2.38262e+03    1.42856e+02    1.24707e+03    1.51372e+03
     Coulomb-14        LJ (SR)  Disper. corr.   Coulomb (SR)   Coul. recip.
    7.34048e+03    3.49667e+04   -2.41463e+03   -2.99476e+05    4.99205e+02
      Potential    Kinetic En.   Total Energy  Conserved En.    Temperature
   -2.52901e+05    4.78910e+04   -2.05010e+05   -2.01788e+05    2.99429e+02
 Pres. DC (bar) Pressure (bar)   Constr. rmsd
   -2.11329e+02   -1.15749e+02    3.64799e-06


DD  step 459999 load imb.: force  2.0%
           Step           Time
         460000      920.00000

   Energies (kJ/mol)
           Bond          Angle    Proper Dih. Ryckaert-Bell.          LJ-14
    8.85841e+02    2.61663e+03    1.56531e+02    1.23939e+03    1.52838e+03
     Coulomb-14        LJ (SR)  Disper. corr.   Coulomb (SR)   Coul. recip.
    7.26297e+03    3.50696e+04   -2.42489e+03   -2.99234e+05    4.98725e+02
      Potential    Kinetic En.   Total Energy  Conserved En.    Temperature
   -2.52401e+05    4.86919e+04   -2.03709e+05   -2.01746e+05    3.04436e+02
 Pres. DC (bar) Pressure (bar)   Constr. rmsd
   -2.13126e+02    2.80238e+02    3.38209e-06


DD  step 464999 load imb.: force  1.9%
           Step           Time
         465000      930.00000

   Energies (kJ/mol)
           Bond          Angle    Proper Dih. Ryckaert-Bell.          LJ-14
    9.19126e+02    2.43259e+03    1.46703e+02    1.20566e+03    1.51023e+03
     Coulomb-14        LJ (SR)  Disper. corr.   Coulomb (SR)   Coul. recip.
    7.30492e+03    3.49730e+04   -2.42235e+03   -2.99979e+05    5.07892e+02
      Potential    Kinetic En.   Total Energy  Conserved En.    Temperature
   -2.53401e+05    4.78719e+04   -2.05529e+05   -2.01731e+05    2.99309e+02
 Pres. DC (bar) Pressure (bar)   Constr. rmsd
   -2.12681e+02   -2.33190e+00    3.41276e-06


DD  step 469999 load imb.: force  2.4%
           Step           Time
         470000      940.00000

   Energies (kJ/mol)
           Bond          Angle    Proper Dih. Ryckaert-Bell.          LJ-14
    9.45641e+02    2.64400e+03    1.51103e+02    1.19599e+03    1.52798e+03
     Coulomb-14        LJ (SR)  Disper. corr.   Coulomb (SR)   Coul. recip.
    7.29343e+03    3.41855e+04   -2.39520e+03   -2.98556e+05    4.88046e+02
      Potential    Kinetic En.   Total Energy  Conserved En.    Temperature
   -2.52519e+05    4.85136e+04   -2.04006e+05   -2.01677e+05    3.03321e+02
 Pres. DC (bar) Pressure (bar)   Constr. rmsd
   -2.07946e+02   -3.13962e+02    3.15938e-06


DD  step 474999 load imb.: force  1.9%
           Step           Time
         475000      950.00000

   Energies (kJ/mol)
           Bond          Angle    Proper Dih. Ryckaert-Bell.          LJ-14
    8.00021e+02    2.45608e+03    1.25080e+02    1.17651e+03    1.58108e+03
     Coulomb-14        LJ (SR)  Disper. corr.   Coulomb (SR)   Coul. recip.
    7.26099e+03    3.51722e+04   -2.40991e+03   -3.00679e+05    5.14301e+02
      Potential    Kinetic En.   Total Energy  Conserved En.    Temperature
   -2.54002e+05    4.72407e+04   -2.06762e+05   -2.01662e+05    2.95363e+02
 Pres. DC (bar) Pressure (bar)   Constr. rmsd
   -2.10505e+02    1.44527e+02    2.97891e-06


DD  step 479999 load imb.: force  2.3%
           Step           Time
         480000      960.00000

   Energies (kJ/mol)
           Bond          Angle    Proper Dih. Ryckaert-Bell.          LJ-14
    8.56645e+02    2.47870e+03    1.51079e+02    1.18355e+03    1.50180e+03
     Coulomb-14        LJ (SR)  Disper. corr.   Coulomb (SR)   Coul. recip.
    7.24297e+03    3.40761e+04   -2.42706e+03   -2.99332e+05    5.22456e+02
      Potential    Kinetic En.   Total Energy  Conserved En.    Temperature
   -2.53746e+05    4.77621e+04   -2.05984e+05   -2.01619e+05    2.98623e+02
 Pres. DC (bar) Pressure (bar)   Constr. rmsd
   -2.13508e+02   -3.43472e+02    3.44711e-06


DD  step 484999 load imb.: force  1.6%
           Step           Time
         485000      970.00000

   Energies (kJ/mol)
           Bond          Angle    Proper Dih. Ryckaert-Bell.          LJ-14
    8.70747e+02    2.51481e+03    1.66355e+02    1.20054e+03    1.52384e+03
     Coulomb-14        LJ (SR)  Disper. corr.   Coulomb (SR)   Coul. recip.
    7.29249e+03    3.52089e+04   -2.42323e+03   -3.00116e+05    4.83582e+02
      Potential    Kinetic En.   Total Energy  Conserved En.    Temperature
   -2.53278e+05    4.81431e+04   -2.05135e+05   -2.01564e+05    3.01005e+02
 Pres. DC (bar) Pressure (bar)   Constr. rmsd
   -2.12836e+02    4.81656e+00    3.04091e-06


DD  step 489999 load imb.: force  2.5%
           Step           Time
         490000      980.00000

   Energies (kJ/mol)
           Bond          Angle    Proper Dih. Ryckaert-Bell.          LJ-14
    8.28887e+02    2.31723e+03    1.66362e+02    1.23929e+03    1.54703e+03
     Coulomb-14        LJ (SR)  Disper. corr.   Coulomb (SR)   Coul. recip.
    7.23897e+03    3.55148e+04   -2.41349e+03   -3.00471e+05    4.85614e+02
      Potential    Kinetic En.   Total Energy  Conserved En.    Temperature
   -2.53546e+05    4.79323e+04   -2.05614e+05   -2.01541e+05    2.99687e+02
 Pres. DC (bar) Pressure (bar)   Constr. rmsd
   -2.11130e+02    1.72477e+02    3.47233e-06


DD  step 494999 load imb.: force  2.3%
           Step           Time
         495000      990.00000

   Energies (kJ/mol)
           Bond          Angle    Proper Dih. Ryckaert-Bell.          LJ-14
    9.54600e+02    2.50847e+03    1.63605e+02    1.18837e+03    1.51689e+03
     Coulomb-14        LJ (SR)  Disper. corr.   Coulomb (SR)   Coul. recip.
    7.30993e+03    3.60743e+04   -2.43341e+03   -3.00495e+05    5.13756e+02
      Potential    Kinetic En.   Total Energy  Conserved En.    Temperature
   -2.52699e+05    4.83237e+04   -2.04375e+05   -2.01477e+05    3.02134e+02
 Pres. DC (bar) Pressure (bar)   Constr. rmsd
   -2.14626e+02    5.59135e+02    3.22644e-06


DD  step 499999 load imb.: force  2.2%
           Step           Time
         500000     1000.00000

Writing checkpoint, step 500000 at Tue Apr  4 14:24:23 2023


   Energies (kJ/mol)
           Bond          Angle    Proper Dih. Ryckaert-Bell.          LJ-14
    8.87158e+02    2.51704e+03    1.34880e+02    1.18139e+03    1.54312e+03
     Coulomb-14        LJ (SR)  Disper. corr.   Coulomb (SR)   Coul. recip.
    7.30122e+03    3.48473e+04   -2.41487e+03   -2.99501e+05    5.27871e+02
      Potential    Kinetic En.   Total Energy  Conserved En.    Temperature
   -2.52976e+05    4.82247e+04   -2.04751e+05   -2.01436e+05    3.01515e+02
 Pres. DC (bar) Pressure (bar)   Constr. rmsd
   -2.11371e+02    4.05125e+01    3.23175e-06


Energy conservation over simulation part #1 of length 1000 ns, time 0 to 1000 ns
  Conserved energy drift: 1.60e-04 kJ/mol/ps per atom


	<======  ###############  ==>
	<====  A V E R A G E S  ====>
	<==  ###############  ======>

	Statistics over 500001 steps using 5001 frames

   Energies (kJ/mol)
           Bond          Angle    Proper Dih. Ryckaert-Bell.          LJ-14
    8.81650e+02    2.47953e+03    1.42938e+02    1.21709e+03    1.53390e+03
     Coulomb-14        LJ (SR)  Disper. corr.   Coulomb (SR)   Coul. recip.
    7.30728e+03    3.49695e+04   -2.41669e+03   -2.99694e+05    5.33917e+02
      Potential    Kinetic En.   Total Energy  Conserved En.    Temperature
   -2.53045e+05    4.79805e+04   -2.05064e+05   -2.02986e+05    2.99988e+02
 Pres. DC (bar) Pressure (bar)   Constr. rmsd
   -2.11692e+02   -1.04535e-01    0.00000e+00

          Box-X          Box-Y          Box-Z
    6.45065e+00    6.45065e+00    4.56130e+00

   Total Virial (kJ/mol)
    1.59608e+04   -1.94046e+01    2.06311e+01
   -1.92639e+01    1.60179e+04    2.37863e+01
    2.06882e+01    2.37525e+01    1.60094e+04

   Pressure (bar)
    5.70989e+00    2.41433e+00   -6.58438e-01
    2.38970e+00   -6.27879e+00   -2.01771e+00
   -6.68433e-01   -2.01180e+00    2.55289e-01

      T-Protein  T-non-Protein
    3.00215e+02    2.99969e+02


       P P   -   P M E   L O A D   B A L A N C I N G

 PP/PME load balancing changed the cut-off and PME settings:
           particle-particle                    PME
            rcoulomb  rlist            grid      spacing   1/beta
   initial  1.000 nm  1.001 nm      42  42  42   0.153 nm  0.320 nm
   final    1.439 nm  1.440 nm      28  28  28   0.230 nm  0.461 nm
 cost-ratio           2.98             0.30
 (note that these numbers concern only part of the total PP and PME load)


	M E G A - F L O P S   A C C O U N T I N G

 NB=Group-cutoff nonbonded kernels    NxN=N-by-N cluster Verlet kernels
 RF=Reaction-Field  VdW=Van der Waals  QSTab=quadratic-spline table
 W3=SPC/TIP3p  W4=TIP4p (single or pairs)
 V&F=Potential and force  V=Potential only  F=Force only

 Computing:                               M-Number         M-Flops  % Flops
-----------------------------------------------------------------------------
 Pair Search distance check           16118.192560      145063.733     0.0
 NxN Ewald Elec. + LJ [F]          18583935.245568  1226539726.207    97.6
 NxN Ewald Elec. + LJ [V&F]          187754.263360    20089706.180     1.6
 Calc Weights                         28405.556811     1022600.045     0.1
 Spread Q Bspline                    605985.211968     1211970.424     0.1
 Gather F Bspline                    605985.211968     3635911.272     0.3
 3D-FFT                              329677.788986     2637422.312     0.2
 Solve PME                              399.334784       25557.426     0.0
 Reset In Box                            94.685000         284.055     0.0
 CG-CoM                                  94.703937         284.112     0.0
 Virial                                 955.869117       17205.644     0.0
 Stop-CM                                 94.703937         947.039     0.0
 Calc-Ekin                             1893.737874       51130.923     0.0
 Lincs                                  314.500629       18870.038     0.0
 Lincs-Mat                             1806.003612        7224.014     0.0
 Constraint-V                          9482.018964       85338.171     0.0
 Constraint-Vir                         916.768335       22002.440     0.0
 Settle                                2951.005902     1091872.184     0.1
-----------------------------------------------------------------------------
 Total                                              1256603116.219   100.0
-----------------------------------------------------------------------------


    D O M A I N   D E C O M P O S I T I O N   S T A T I S T I C S

 av. #atoms communicated per step for force:  2 x 21392.2


Dynamic load balancing report:
 DLB was off during the run due to low measured imbalance.
 Average load imbalance: 2.5%.
 The balanceable part of the MD step is 59%, load imbalance is computed from this.
 Part of the total run time spent waiting due to load imbalance: 1.5%.


     R E A L   C Y C L E   A N D   T I M E   A C C O U N T I N G

On 4 MPI ranks, each using 5 OpenMP threads

 Computing:          Num   Num      Call    Wall time         Giga-Cycles
                     Ranks Threads  Count      (s)         total sum    %
-----------------------------------------------------------------------------
 Domain decomp.         4    5       5000       6.035        252.870   1.8
 DD comm. load          4    5       4961       0.081          3.397   0.0
 Neighbor search        4    5       5001       7.006        293.572   2.0
 Launch GPU ops.        4    5    1000002      49.591       2077.969  14.4
 Comm. coord.           4    5     495000      26.004       1089.632   7.5
 Force                  4    5     500001       4.033        168.982   1.2
 Wait + Comm. F         4    5     500001      20.611        863.622   6.0
 PME mesh               4    5     500001     185.238       7761.797  53.7
 Wait Bonded GPU        4    5       5001       0.005          0.203   0.0
 Wait GPU NB nonloc.    4    5     500001       1.588         66.527   0.5
 Wait GPU NB local      4    5     500001       0.968         40.549   0.3
 NB X/F buffer ops.     4    5    1990002      16.768        702.592   4.9
 Write traj.            4    5        101       0.129          5.399   0.0
 Update                 4    5     500001       5.020        210.364   1.5
 Constraints            4    5     500001      10.077        422.228   2.9
 Comm. energies         4    5      50001       1.722         72.165   0.5
 Rest                                           9.758        408.860   2.8
-----------------------------------------------------------------------------
 Total                                        344.632      14440.729 100.0
-----------------------------------------------------------------------------
 Breakdown of PME mesh computation
-----------------------------------------------------------------------------
 PME redist. X/F        4    5    1000002      50.059       2097.586  14.5
 PME spread             4    5     500001      51.077       2140.230  14.8
 PME gather             4    5     500001      44.304       1856.419  12.9
 PME 3D-FFT             4    5    1000002      22.387        938.040   6.5
 PME 3D-FFT Comm.       4    5    1000002      14.061        589.182   4.1
 PME solve Elec         4    5     500001       2.366         99.141   0.7
-----------------------------------------------------------------------------

               Core t (s)   Wall t (s)        (%)
       Time:     6892.640      344.632     2000.0
                 (ns/day)    (hour/ns)
Performance:      250.703        0.096
Finished mdrun on rank 0 Tue Apr  4 14:24:23 2023

