                      :-) GROMACS - gmx mdrun, 2021.5 (-:

                            GROMACS is written by:
     Andrey Alekseenko              Emile Apol              Rossen Apostolov     
         Paul Bauer           Herman J.C. Berendsen           Par Bjelkmar       
       Christian Blau           Viacheslav Bolnykh             Kevin Boyd        
     Aldert van Buuren           Rudi van Drunen             Anton Feenstra      
    Gilles Gouaillardet             Alan Gray               Gerrit Groenhof      
       Anca Hamuraru            Vincent Hindriksen          M. Eric Irrgang      
      Aleksei Iupinov           Christoph Junghans             Joe Jordan        
    Dimitrios Karkoulis            Peter Kasson                Jiri Kraus        
      Carsten Kutzner              Per Larsson              Justin A. Lemkul     
       Viveca Lindahl            Magnus Lundborg             Erik Marklund       
        Pascal Merz             Pieter Meulenhoff            Teemu Murtola       
        Szilard Pall               Sander Pronk              Roland Schulz       
       Michael Shirts            Alexey Shvetsov             Alfons Sijbers      
       Peter Tieleman              Jon Vincent              Teemu Virolainen     
     Christian Wennberg            Maarten Wolf              Artem Zhmurov       
                           and the project leaders:
        Mark Abraham, Berk Hess, Erik Lindahl, and David van der Spoel

Copyright (c) 1991-2000, University of Groningen, The Netherlands.
Copyright (c) 2001-2019, The GROMACS development team at
Uppsala University, Stockholm University and
the Royal Institute of Technology, Sweden.
check out http://www.gromacs.org for more information.

GROMACS is free software; you can redistribute it and/or modify it
under the terms of the GNU Lesser General Public License
as published by the Free Software Foundation; either version 2.1
of the License, or (at your option) any later version.

GROMACS:      gmx mdrun, version 2021.5
Executable:   /home/abeeb/workspace/gmx_20215_installDir/bin/gmx
Data prefix:  /home/abeeb/workspace/gmx_20215_installDir
Working dir:  /home/abeeb/wspace/CHAP-tutor/1UBQ
Process ID:   713077
Command line:
  gmx mdrun -nt 20 -nb gpu -v -deffnm npt

GROMACS version:    2021.5
Precision:          mixed
Memory model:       64 bit
MPI library:        thread_mpi
OpenMP support:     enabled (GMX_OPENMP_MAX_THREADS = 64)
GPU support:        CUDA
SIMD instructions:  AVX_512
FFT library:        fftw-3.3.8-sse2-avx-avx2-avx2_128-avx512
RDTSCP usage:       enabled
TNG support:        enabled
Hwloc support:      disabled
Tracing support:    disabled
C compiler:         /usr/bin/cc GNU 9.4.0
C compiler flags:   -mavx512f -mfma -Wno-missing-field-initializers -fexcess-precision=fast -funroll-all-loops -pthread -O3 -DNDEBUG
C++ compiler:       /usr/bin/c++ GNU 9.4.0
C++ compiler flags: -mavx512f -mfma -Wno-missing-field-initializers -fexcess-precision=fast -funroll-all-loops -pthread -fopenmp -O3 -DNDEBUG
CUDA compiler:      /usr/local/cuda-11.1/bin/nvcc nvcc: NVIDIA (R) Cuda compiler driver;Copyright (c) 2005-2020 NVIDIA Corporation;Built on Tue_Sep_15_19:10:02_PDT_2020;Cuda compilation tools, release 11.1, V11.1.74;Build cuda_11.1.TC455_06.29069683_0
CUDA compiler flags:-std=c++17;-gencode;arch=compute_35,code=sm_35;-gencode;arch=compute_37,code=sm_37;-gencode;arch=compute_50,code=sm_50;-gencode;arch=compute_52,code=sm_52;-gencode;arch=compute_60,code=sm_60;-gencode;arch=compute_61,code=sm_61;-gencode;arch=compute_70,code=sm_70;-gencode;arch=compute_75,code=sm_75;-gencode;arch=compute_80,code=sm_80;-Wno-deprecated-gpu-targets;-gencode;arch=compute_86,code=sm_86;-gencode;arch=compute_35,code=compute_35;-gencode;arch=compute_53,code=compute_53;-gencode;arch=compute_80,code=compute_80;-use_fast_math;-D_FORCE_INLINES;-mavx512f -mfma -Wno-missing-field-initializers -fexcess-precision=fast -funroll-all-loops -pthread -fopenmp -O3 -DNDEBUG
CUDA driver:        11.10
CUDA runtime:       11.10


Running on 1 node with total 52 cores, 104 logical cores, 2 compatible GPUs
Hardware detected:
  CPU info:
    Vendor: Intel
    Brand:  Intel(R) Xeon(R) Gold 6230R CPU @ 2.10GHz
    Family: 6   Model: 85   Stepping: 7
    Features: aes apic avx avx2 avx512f avx512cd avx512bw avx512vl avx512secondFMA clfsh cmov cx8 cx16 f16c fma htt intel lahf mmx msr nonstop_tsc pcid pclmuldq pdcm pdpe1gb popcnt pse rdrnd rdtscp sse2 sse3 sse4.1 sse4.2 ssse3 tdt x2apic
    Number of AVX-512 FMA units: 2
  Hardware topology: Basic
    Sockets, cores, and logical processors:
      Socket  0: [   0  52] [   1  53] [   2  54] [   3  55] [   4  56] [   5  57] [   6  58] [   7  59] [   8  60] [   9  61] [  10  62] [  11  63] [  12  64] [  13  65] [  14  66] [  15  67] [  16  68] [  17  69] [  18  70] [  19  71] [  20  72] [  21  73] [  22  74] [  23  75] [  24  76] [  25  77]
      Socket  1: [  26  78] [  27  79] [  28  80] [  29  81] [  30  82] [  31  83] [  32  84] [  33  85] [  34  86] [  35  87] [  36  88] [  37  89] [  38  90] [  39  91] [  40  92] [  41  93] [  42  94] [  43  95] [  44  96] [  45  97] [  46  98] [  47  99] [  48 100] [  49 101] [  50 102] [  51 103]
  GPU info:
    Number of GPUs detected: 2
    #0: NVIDIA GeForce RTX 3090, compute cap.: 8.6, ECC:  no, stat: compatible
    #1: NVIDIA GeForce RTX 3090, compute cap.: 8.6, ECC:  no, stat: compatible


++++ PLEASE READ AND CITE THE FOLLOWING REFERENCE ++++
M. J. Abraham, T. Murtola, R. Schulz, S. Páll, J. C. Smith, B. Hess, E.
Lindahl
GROMACS: High performance molecular simulations through multi-level
parallelism from laptops to supercomputers
SoftwareX 1 (2015) pp. 19-25
-------- -------- --- Thank You --- -------- --------


++++ PLEASE READ AND CITE THE FOLLOWING REFERENCE ++++
S. Páll, M. J. Abraham, C. Kutzner, B. Hess, E. Lindahl
Tackling Exascale Software Challenges in Molecular Dynamics Simulations with
GROMACS
In S. Markidis & E. Laure (Eds.), Solving Software Challenges for Exascale 8759 (2015) pp. 3-27
-------- -------- --- Thank You --- -------- --------


++++ PLEASE READ AND CITE THE FOLLOWING REFERENCE ++++
S. Pronk, S. Páll, R. Schulz, P. Larsson, P. Bjelkmar, R. Apostolov, M. R.
Shirts, J. C. Smith, P. M. Kasson, D. van der Spoel, B. Hess, and E. Lindahl
GROMACS 4.5: a high-throughput and highly parallel open source molecular
simulation toolkit
Bioinformatics 29 (2013) pp. 845-54
-------- -------- --- Thank You --- -------- --------


++++ PLEASE READ AND CITE THE FOLLOWING REFERENCE ++++
B. Hess and C. Kutzner and D. van der Spoel and E. Lindahl
GROMACS 4: Algorithms for highly efficient, load-balanced, and scalable
molecular simulation
J. Chem. Theory Comput. 4 (2008) pp. 435-447
-------- -------- --- Thank You --- -------- --------


++++ PLEASE READ AND CITE THE FOLLOWING REFERENCE ++++
D. van der Spoel, E. Lindahl, B. Hess, G. Groenhof, A. E. Mark and H. J. C.
Berendsen
GROMACS: Fast, Flexible and Free
J. Comp. Chem. 26 (2005) pp. 1701-1719
-------- -------- --- Thank You --- -------- --------


++++ PLEASE READ AND CITE THE FOLLOWING REFERENCE ++++
E. Lindahl and B. Hess and D. van der Spoel
GROMACS 3.0: A package for molecular simulation and trajectory analysis
J. Mol. Mod. 7 (2001) pp. 306-317
-------- -------- --- Thank You --- -------- --------


++++ PLEASE READ AND CITE THE FOLLOWING REFERENCE ++++
H. J. C. Berendsen, D. van der Spoel and R. van Drunen
GROMACS: A message-passing parallel molecular dynamics implementation
Comp. Phys. Comm. 91 (1995) pp. 43-56
-------- -------- --- Thank You --- -------- --------


++++ PLEASE CITE THE DOI FOR THIS VERSION OF GROMACS ++++
https://doi.org/10.5281/zenodo.5850051
-------- -------- --- Thank You --- -------- --------

Input Parameters:
   integrator                     = md
   tinit                          = 0
   dt                             = 0.002
   nsteps                         = 50000
   init-step                      = 0
   simulation-part                = 1
   mts                            = false
   comm-mode                      = Linear
   nstcomm                        = 100
   bd-fric                        = 0
   ld-seed                        = -1277170689
   emtol                          = 10
   emstep                         = 0.01
   niter                          = 20
   fcstep                         = 0
   nstcgsteep                     = 1000
   nbfgscorr                      = 10
   rtpi                           = 0.05
   nstxout                        = 0
   nstvout                        = 0
   nstfout                        = 0
   nstlog                         = 500
   nstcalcenergy                  = 100
   nstenergy                      = 500
   nstxout-compressed             = 500
   compressed-x-precision         = 1000
   cutoff-scheme                  = Verlet
   nstlist                        = 10
   pbc                            = xyz
   periodic-molecules             = false
   verlet-buffer-tolerance        = 0.005
   rlist                          = 1
   coulombtype                    = PME
   coulomb-modifier               = Potential-shift
   rcoulomb-switch                = 0
   rcoulomb                       = 1
   epsilon-r                      = 1
   epsilon-rf                     = inf
   vdw-type                       = Cut-off
   vdw-modifier                   = Potential-shift
   rvdw-switch                    = 0
   rvdw                           = 1
   DispCorr                       = EnerPres
   table-extension                = 1
   fourierspacing                 = 0.16
   fourier-nx                     = 42
   fourier-ny                     = 42
   fourier-nz                     = 42
   pme-order                      = 4
   ewald-rtol                     = 1e-05
   ewald-rtol-lj                  = 0.001
   lj-pme-comb-rule               = Geometric
   ewald-geometry                 = 0
   epsilon-surface                = 0
   tcoupl                         = V-rescale
   nsttcouple                     = 10
   nh-chain-length                = 0
   print-nose-hoover-chain-variables = false
   pcoupl                         = Parrinello-Rahman
   pcoupltype                     = Isotropic
   nstpcouple                     = 10
   tau-p                          = 2
   compressibility (3x3):
      compressibility[    0]={ 4.50000e-05,  0.00000e+00,  0.00000e+00}
      compressibility[    1]={ 0.00000e+00,  4.50000e-05,  0.00000e+00}
      compressibility[    2]={ 0.00000e+00,  0.00000e+00,  4.50000e-05}
   ref-p (3x3):
      ref-p[    0]={ 1.00000e+00,  0.00000e+00,  0.00000e+00}
      ref-p[    1]={ 0.00000e+00,  1.00000e+00,  0.00000e+00}
      ref-p[    2]={ 0.00000e+00,  0.00000e+00,  1.00000e+00}
   refcoord-scaling               = COM
   posres-com (3):
      posres-com[0]= 5.00953e-01
      posres-com[1]= 4.96992e-01
      posres-com[2]= 4.99522e-01
   posres-comB (3):
      posres-comB[0]= 5.00953e-01
      posres-comB[1]= 4.96992e-01
      posres-comB[2]= 4.99522e-01
   QMMM                           = false
qm-opts:
   ngQM                           = 0
   constraint-algorithm           = Lincs
   continuation                   = true
   Shake-SOR                      = false
   shake-tol                      = 0.0001
   lincs-order                    = 4
   lincs-iter                     = 1
   lincs-warnangle                = 30
   nwall                          = 0
   wall-type                      = 9-3
   wall-r-linpot                  = -1
   wall-atomtype[0]               = -1
   wall-atomtype[1]               = -1
   wall-density[0]                = 0
   wall-density[1]                = 0
   wall-ewald-zfac                = 3
   pull                           = false
   awh                            = false
   rotation                       = false
   interactiveMD                  = false
   disre                          = No
   disre-weighting                = Conservative
   disre-mixed                    = false
   dr-fc                          = 1000
   dr-tau                         = 0
   nstdisreout                    = 100
   orire-fc                       = 0
   orire-tau                      = 0
   nstorireout                    = 100
   free-energy                    = no
   cos-acceleration               = 0
   deform (3x3):
      deform[    0]={ 0.00000e+00,  0.00000e+00,  0.00000e+00}
      deform[    1]={ 0.00000e+00,  0.00000e+00,  0.00000e+00}
      deform[    2]={ 0.00000e+00,  0.00000e+00,  0.00000e+00}
   simulated-tempering            = false
   swapcoords                     = no
   userint1                       = 0
   userint2                       = 0
   userint3                       = 0
   userint4                       = 0
   userreal1                      = 0
   userreal2                      = 0
   userreal3                      = 0
   userreal4                      = 0
   applied-forces:
     electric-field:
       x:
         E0                       = 0
         omega                    = 0
         t0                       = 0
         sigma                    = 0
       y:
         E0                       = 0
         omega                    = 0
         t0                       = 0
         sigma                    = 0
       z:
         E0                       = 0
         omega                    = 0
         t0                       = 0
         sigma                    = 0
     density-guided-simulation:
       active                     = false
       group                      = protein
       similarity-measure         = inner-product
       atom-spreading-weight      = unity
       force-constant             = 1e+09
       gaussian-transform-spreading-width = 0.2
       gaussian-transform-spreading-range-in-multiples-of-width = 4
       reference-density-filename = reference.mrc
       nst                        = 1
       normalize-densities        = true
       adaptive-force-scaling     = false
       adaptive-force-scaling-time-constant = 4
       shift-vector               = 
       transformation-matrix      = 
grpopts:
   nrdf:     3063.76     35409.2
   ref-t:         300         300
   tau-t:         0.1         0.1
annealing:          No          No
annealing-npoints:           0           0
   acc:	           0           0           0
   nfreeze:           N           N           N
   energygrp-flags[  0]: 0

Changing nstlist from 10 to 100, rlist from 1 to 1.155


Initializing Domain Decomposition on 4 ranks
Dynamic load balancing: auto
Using update groups, nr 6504, average size 2.9 atoms, max. radius 0.103 nm
Minimum cell size due to atom displacement: 0.642 nm
Initial maximum distances in bonded interactions:
    two-body bonded interactions: 0.431 nm, LJ-14, atoms 7 14
  multi-body bonded interactions: 0.431 nm, Ryckaert-Bell., atoms 7 14
Minimum cell size due to bonded interactions: 0.474 nm
Scaling the initial minimum size with 1/0.8 (option -dds) = 1.25
Using 0 separate PME ranks
Optimizing the DD grid for 4 cells with a minimum initial size of 0.803 nm
The maximum allowed number of cells is: X 6 Y 6 Z 5
Domain decomposition grid 4 x 1 x 1, separate PME ranks 0
PME domain decomposition: 4 x 1 x 1
Domain decomposition rank 0, coordinates 0 0 0

The initial number of communication pulses is: X 2
The initial domain decomposition cell size is: X 1.33 nm

The maximum allowed distance for atom groups involved in interactions is:
                 non-bonded interactions           1.362 nm
(the following are initial values, they could change due to box deformation)
            two-body bonded interactions  (-rdd)   1.362 nm
          multi-body bonded interactions  (-rdd)   1.325 nm

When dynamic load balancing gets turned on, these settings will change to:
The maximum number of communication pulses is: X 2
The minimum size for domain decomposition cells is 0.900 nm
The requested allowed shrink of DD cells (option -dds) is: 0.80
The allowed shrink of domain decomposition cells is: X 0.68
The maximum allowed distance for atom groups involved in interactions is:
                 non-bonded interactions           1.362 nm
            two-body bonded interactions  (-rdd)   1.362 nm
          multi-body bonded interactions  (-rdd)   0.900 nm

On host jupiter 2 GPUs selected for this run.
Mapping of GPU IDs to the 4 GPU tasks in the 4 ranks on this node:
  PP:0,PP:0,PP:1,PP:1
PP tasks will do (non-perturbed) short-ranged and most bonded interactions on the GPU
PP task will update and constrain coordinates on the CPU
Using 4 MPI threads
Using 5 OpenMP threads per tMPI thread


NOTE: The number of threads is not equal to the number of (logical) cores
      and the -pin option is set to auto: will not pin threads to cores.
      This can lead to significant performance degradation.
      Consider using -pin on (and -pinoffset in case you run multiple jobs).
System total charge: -0.000
Will do PME sum in reciprocal space for electrostatic interactions.

++++ PLEASE READ AND CITE THE FOLLOWING REFERENCE ++++
U. Essmann, L. Perera, M. L. Berkowitz, T. Darden, H. Lee and L. G. Pedersen 
A smooth particle mesh Ewald method
J. Chem. Phys. 103 (1995) pp. 8577-8592
-------- -------- --- Thank You --- -------- --------

Using a Gaussian width (1/beta) of 0.320163 nm for Ewald
Potential shift: LJ r^-12: -1.000e+00 r^-6: -1.000e+00, Ewald -1.000e-05
Initialized non-bonded Ewald tables, spacing: 9.33e-04 size: 1073

Generated table with 1077 data points for 1-4 COUL.
Tabscale = 500 points/nm
Generated table with 1077 data points for 1-4 LJ6.
Tabscale = 500 points/nm
Generated table with 1077 data points for 1-4 LJ12.
Tabscale = 500 points/nm

Long Range LJ corr.: <C6> 3.0572e-04


Using GPU 8x8 nonbonded short-range kernels

Using a dual 8x8 pair-list setup updated with dynamic, rolling pruning:
  outer list: updated every 100 steps, buffer 0.155 nm, rlist 1.155 nm
  inner list: updated every  12 steps, buffer 0.006 nm, rlist 1.006 nm
At tolerance 0.005 kJ/mol/ps per atom, equivalent classical 1x1 list would be:
  outer list: updated every 100 steps, buffer 0.304 nm, rlist 1.304 nm
  inner list: updated every  12 steps, buffer 0.054 nm, rlist 1.054 nm

Using geometric Lennard-Jones combination rule

Initializing LINear Constraint Solver

++++ PLEASE READ AND CITE THE FOLLOWING REFERENCE ++++
B. Hess and H. Bekker and H. J. C. Berendsen and J. G. E. M. Fraaije
LINCS: A Linear Constraint Solver for molecular simulations
J. Comp. Chem. 18 (1997) pp. 1463-1472
-------- -------- --- Thank You --- -------- --------

The number of constraints is 629

++++ PLEASE READ AND CITE THE FOLLOWING REFERENCE ++++
S. Miyamoto and P. A. Kollman
SETTLE: An Analytical Version of the SHAKE and RATTLE Algorithms for Rigid
Water Models
J. Comp. Chem. 13 (1992) pp. 952-962
-------- -------- --- Thank You --- -------- --------


Linking all bonded interactions to atoms


Intra-simulation communication will occur every 10 steps.

++++ PLEASE READ AND CITE THE FOLLOWING REFERENCE ++++
G. Bussi, D. Donadio and M. Parrinello
Canonical sampling through velocity rescaling
J. Chem. Phys. 126 (2007) pp. 014101
-------- -------- --- Thank You --- -------- --------

There are: 18937 Atoms
Atom distribution over 4 domains: av 4734 stddev 72 min 4646 max 4783

NOTE: DLB will not turn on during the first phase of PME tuning
Center of mass motion removal mode is Linear
We have the following groups for center of mass motion removal:
  0:  rest

Started mdrun on rank 0 Tue Apr  4 14:17:33 2023

           Step           Time
              0        0.00000

   Energies (kJ/mol)
           Bond          Angle    Proper Dih. Ryckaert-Bell.          LJ-14
    9.23702e+02    2.37639e+03    1.36847e+02    1.34534e+03    1.53588e+03
     Coulomb-14        LJ (SR)  Disper. corr.   Coulomb (SR)   Coul. recip.
    7.31930e+03    3.40294e+04   -2.37133e+03   -2.99356e+05    1.72545e+03
 Position Rest.      Potential    Kinetic En.   Total Energy  Conserved En.
    7.70644e-02   -2.52335e+05    4.81920e+04   -2.04143e+05   -2.04131e+05
    Temperature Pres. DC (bar) Pressure (bar)   Constr. rmsd
    3.01311e+02   -2.03826e+02   -3.83811e+02    3.34600e-06


DD  step 99 load imb.: force  7.0%

DD  step 499 load imb.: force  2.5%
           Step           Time
            500        1.00000

   Energies (kJ/mol)
           Bond          Angle    Proper Dih. Ryckaert-Bell.          LJ-14
    8.49158e+02    2.48368e+03    1.34101e+02    1.30774e+03    1.53171e+03
     Coulomb-14        LJ (SR)  Disper. corr.   Coulomb (SR)   Coul. recip.
    7.21295e+03    3.62061e+04   -2.41867e+03   -3.02615e+05    1.69675e+03
 Position Rest.      Potential    Kinetic En.   Total Energy  Conserved En.
    2.72913e+02   -2.53339e+05    4.81323e+04   -2.05206e+05   -2.04135e+05
    Temperature Pres. DC (bar) Pressure (bar)   Constr. rmsd
    3.00938e+02   -2.12035e+02    2.11747e+02    3.53960e-06


DD  step 999 load imb.: force  2.7%
           Step           Time
           1000        2.00000

   Energies (kJ/mol)
           Bond          Angle    Proper Dih. Ryckaert-Bell.          LJ-14
    8.26885e+02    2.44067e+03    1.38723e+02    1.37312e+03    1.53612e+03
     Coulomb-14        LJ (SR)  Disper. corr.   Coulomb (SR)   Coul. recip.
    7.25384e+03    3.49157e+04   -2.41265e+03   -3.00438e+05    1.66031e+03
 Position Rest.      Potential    Kinetic En.   Total Energy  Conserved En.
    3.22828e+02   -2.52382e+05    4.80024e+04   -2.04380e+05   -2.04134e+05
    Temperature Pres. DC (bar) Pressure (bar)   Constr. rmsd
    3.00125e+02   -2.10982e+02   -7.39702e+00    3.25694e-06


DD  step 1499 load imb.: force  3.8%
           Step           Time
           1500        3.00000

   Energies (kJ/mol)
           Bond          Angle    Proper Dih. Ryckaert-Bell.          LJ-14
    8.76329e+02    2.42230e+03    1.27806e+02    1.31468e+03    1.57940e+03
     Coulomb-14        LJ (SR)  Disper. corr.   Coulomb (SR)   Coul. recip.
    7.29774e+03    3.48841e+04   -2.41670e+03   -3.01147e+05    1.71471e+03
 Position Rest.      Potential    Kinetic En.   Total Energy  Conserved En.
    2.90999e+02   -2.53056e+05    4.80886e+04   -2.04967e+05   -2.04121e+05
    Temperature Pres. DC (bar) Pressure (bar)   Constr. rmsd
    3.00664e+02   -2.11690e+02    8.29790e+01    3.06324e-06


DD  step 1999 load imb.: force  3.8%
           Step           Time
           2000        4.00000

   Energies (kJ/mol)
           Bond          Angle    Proper Dih. Ryckaert-Bell.          LJ-14
    8.01059e+02    2.54300e+03    1.20097e+02    1.31787e+03    1.54032e+03
     Coulomb-14        LJ (SR)  Disper. corr.   Coulomb (SR)   Coul. recip.
    7.32150e+03    3.52320e+04   -2.41475e+03   -3.01013e+05    1.77152e+03
 Position Rest.      Potential    Kinetic En.   Total Energy  Conserved En.
    3.16883e+02   -2.52464e+05    4.82451e+04   -2.04219e+05   -2.04136e+05
    Temperature Pres. DC (bar) Pressure (bar)   Constr. rmsd
    3.01643e+02   -2.11349e+02    5.26327e+01    3.73120e-06


DD  step 2499 load imb.: force  3.7%
           Step           Time
           2500        5.00000

   Energies (kJ/mol)
           Bond          Angle    Proper Dih. Ryckaert-Bell.          LJ-14
    8.43082e+02    2.52034e+03    1.46437e+02    1.31328e+03    1.48914e+03
     Coulomb-14        LJ (SR)  Disper. corr.   Coulomb (SR)   Coul. recip.
    7.28574e+03    3.51477e+04   -2.41722e+03   -3.00793e+05    1.75903e+03
 Position Rest.      Potential    Kinetic En.   Total Energy  Conserved En.
    2.85816e+02   -2.52419e+05    4.87986e+04   -2.03621e+05   -2.04151e+05
    Temperature Pres. DC (bar) Pressure (bar)   Constr. rmsd
    3.05103e+02   -2.11783e+02   -7.15900e+01    3.36652e-06


DD  step 2999 load imb.: force  2.5%
           Step           Time
           3000        6.00000

   Energies (kJ/mol)
           Bond          Angle    Proper Dih. Ryckaert-Bell.          LJ-14
    8.24102e+02    2.50439e+03    1.38911e+02    1.27486e+03    1.55755e+03
     Coulomb-14        LJ (SR)  Disper. corr.   Coulomb (SR)   Coul. recip.
    7.29721e+03    3.56228e+04   -2.43100e+03   -3.01956e+05    1.71359e+03
 Position Rest.      Potential    Kinetic En.   Total Energy  Conserved En.
    3.09036e+02   -2.53144e+05    4.76056e+04   -2.05539e+05   -2.04134e+05
    Temperature Pres. DC (bar) Pressure (bar)   Constr. rmsd
    2.97645e+02   -2.14200e+02    1.44779e+02    3.08177e-06


DD  step 3499 load imb.: force  2.5%
           Step           Time
           3500        7.00000

   Energies (kJ/mol)
           Bond          Angle    Proper Dih. Ryckaert-Bell.          LJ-14
    8.96230e+02    2.43828e+03    1.35241e+02    1.26191e+03    1.59119e+03
     Coulomb-14        LJ (SR)  Disper. corr.   Coulomb (SR)   Coul. recip.
    7.30554e+03    3.46574e+04   -2.40398e+03   -3.00631e+05    1.78025e+03
 Position Rest.      Potential    Kinetic En.   Total Energy  Conserved En.
    2.75843e+02   -2.52693e+05    4.72037e+04   -2.05490e+05   -2.04115e+05
    Temperature Pres. DC (bar) Pressure (bar)   Constr. rmsd
    2.95131e+02   -2.09472e+02   -6.23789e+01    3.14612e-06


DD  step 3999 load imb.: force  1.9%
           Step           Time
           4000        8.00000

   Energies (kJ/mol)
           Bond          Angle    Proper Dih. Ryckaert-Bell.          LJ-14
    9.26961e+02    2.50009e+03    1.35043e+02    1.32731e+03    1.57675e+03
     Coulomb-14        LJ (SR)  Disper. corr.   Coulomb (SR)   Coul. recip.
    7.32810e+03    3.45642e+04   -2.42207e+03   -3.00284e+05    1.73251e+03
 Position Rest.      Potential    Kinetic En.   Total Energy  Conserved En.
    3.05667e+02   -2.52310e+05    4.86089e+04   -2.03701e+05   -2.04131e+05
    Temperature Pres. DC (bar) Pressure (bar)   Constr. rmsd
    3.03918e+02   -2.12631e+02   -2.59873e+01    3.29090e-06


DD  step 4499 load imb.: force  3.2%
           Step           Time
           4500        9.00000

   Energies (kJ/mol)
           Bond          Angle    Proper Dih. Ryckaert-Bell.          LJ-14
    9.29863e+02    2.52405e+03    1.24091e+02    1.30932e+03    1.54485e+03
     Coulomb-14        LJ (SR)  Disper. corr.   Coulomb (SR)   Coul. recip.
    7.35424e+03    3.57072e+04   -2.41196e+03   -3.01593e+05    1.71725e+03
 Position Rest.      Potential    Kinetic En.   Total Energy  Conserved En.
    2.89120e+02   -2.52505e+05    4.79141e+04   -2.04591e+05   -2.04130e+05
    Temperature Pres. DC (bar) Pressure (bar)   Constr. rmsd
    2.99574e+02   -2.10862e+02    2.49463e+01    2.93620e-06


DD  step 4999 load imb.: force  3.0%
           Step           Time
           5000       10.00000

   Energies (kJ/mol)
           Bond          Angle    Proper Dih. Ryckaert-Bell.          LJ-14
    8.47015e+02    2.46288e+03    1.40407e+02    1.25477e+03    1.53380e+03
     Coulomb-14        LJ (SR)  Disper. corr.   Coulomb (SR)   Coul. recip.
    7.30204e+03    3.53353e+04   -2.44296e+03   -3.02020e+05    1.70881e+03
 Position Rest.      Potential    Kinetic En.   Total Energy  Conserved En.
    2.96151e+02   -2.53582e+05    4.77557e+04   -2.05826e+05   -2.04132e+05
    Temperature Pres. DC (bar) Pressure (bar)   Constr. rmsd
    2.98583e+02   -2.16310e+02    1.38416e+02    3.27367e-06


DD  step 5499 load imb.: force  2.9%
           Step           Time
           5500       11.00000

   Energies (kJ/mol)
           Bond          Angle    Proper Dih. Ryckaert-Bell.          LJ-14
    7.70986e+02    2.57900e+03    1.28604e+02    1.30798e+03    1.59891e+03
     Coulomb-14        LJ (SR)  Disper. corr.   Coulomb (SR)   Coul. recip.
    7.34137e+03    3.47848e+04   -2.42536e+03   -3.01469e+05    1.64091e+03
 Position Rest.      Potential    Kinetic En.   Total Energy  Conserved En.
    3.22999e+02   -2.53419e+05    4.81111e+04   -2.05308e+05   -2.04127e+05
    Temperature Pres. DC (bar) Pressure (bar)   Constr. rmsd
    3.00805e+02   -2.13209e+02    7.92148e+01    3.20662e-06

step 5900: timed with pme grid 42 42 42, coulomb cutoff 1.000: 179.4 M-cycles

DD  step 5999 load imb.: force  2.7%
           Step           Time
           6000       12.00000

   Energies (kJ/mol)
           Bond          Angle    Proper Dih. Ryckaert-Bell.          LJ-14
    8.91094e+02    2.51419e+03    1.18782e+02    1.25394e+03    1.55932e+03
     Coulomb-14        LJ (SR)  Disper. corr.   Coulomb (SR)   Coul. recip.
    7.38389e+03    3.40585e+04   -2.41206e+03   -2.98629e+05    1.11422e+03
 Position Rest.      Potential    Kinetic En.   Total Energy  Conserved En.
    3.19553e+02   -2.51827e+05    4.75968e+04   -2.04230e+05   -2.04111e+05
    Temperature Pres. DC (bar) Pressure (bar)   Constr. rmsd
    2.97590e+02   -2.10881e+02   -2.58905e+02    3.40864e-06

step 6100: timed with pme grid 36 36 36, coulomb cutoff 1.127: 170.4 M-cycles
step 6300: timed with pme grid 32 32 32, coulomb cutoff 1.268: 169.8 M-cycles
step 6500: timed with pme grid 28 28 28, coulomb cutoff 1.449: 180.8 M-cycles

DD  step 6499 load imb.: force  3.1%
           Step           Time
           6500       13.00000

   Energies (kJ/mol)
           Bond          Angle    Proper Dih. Ryckaert-Bell.          LJ-14
    9.26927e+02    2.54652e+03    1.29323e+02    1.25209e+03    1.61673e+03
     Coulomb-14        LJ (SR)  Disper. corr.   Coulomb (SR)   Coul. recip.
    7.25893e+03    3.48737e+04   -2.42828e+03   -2.98819e+05    3.38125e+02
 Position Rest.      Potential    Kinetic En.   Total Energy  Conserved En.
    3.23864e+02   -2.51981e+05    4.88967e+04   -2.03085e+05   -2.04121e+05
    Temperature Pres. DC (bar) Pressure (bar)   Constr. rmsd
    3.05717e+02   -2.13723e+02    2.35679e+02    3.18717e-06

step 6700: timed with pme grid 25 25 25, coulomb cutoff 1.623: 170.4 M-cycles
step 6700: the maximum allowed grid scaling limits the PME load balancing to a coulomb cut-off of 1.623
step 6900: timed with pme grid 25 25 25, coulomb cutoff 1.623: 160.2 M-cycles

DD  step 6999 load imb.: force  3.8%
           Step           Time
           7000       14.00000

   Energies (kJ/mol)
           Bond          Angle    Proper Dih. Ryckaert-Bell.          LJ-14
    8.99936e+02    2.48109e+03    1.13117e+02    1.23949e+03    1.59395e+03
     Coulomb-14        LJ (SR)  Disper. corr.   Coulomb (SR)   Coul. recip.
    7.34744e+03    3.50319e+04   -2.40617e+03   -2.99485e+05    4.86821e+02
 Position Rest.      Potential    Kinetic En.   Total Energy  Conserved En.
    3.29470e+02   -2.52368e+05    4.74894e+04   -2.04879e+05   -2.04105e+05
    Temperature Pres. DC (bar) Pressure (bar)   Constr. rmsd
    2.96918e+02   -2.09853e+02   -9.34693e+01    3.43149e-06

step 7100: timed with pme grid 28 28 28, coulomb cutoff 1.449: 169.9 M-cycles
step 7300: timed with pme grid 32 32 32, coulomb cutoff 1.268: 158.3 M-cycles
step 7500: timed with pme grid 36 36 36, coulomb cutoff 1.127: 162.8 M-cycles

DD  step 7499 load imb.: force  2.7%
           Step           Time
           7500       15.00000

   Energies (kJ/mol)
           Bond          Angle    Proper Dih. Ryckaert-Bell.          LJ-14
    9.07792e+02    2.49284e+03    1.28155e+02    1.32885e+03    1.48874e+03
     Coulomb-14        LJ (SR)  Disper. corr.   Coulomb (SR)   Coul. recip.
    7.28224e+03    3.45556e+04   -2.42101e+03   -3.00396e+05    1.70917e+03
 Position Rest.      Potential    Kinetic En.   Total Energy  Conserved En.
    3.22399e+02   -2.52601e+05    4.86770e+04   -2.03924e+05   -2.04133e+05
    Temperature Pres. DC (bar) Pressure (bar)   Constr. rmsd
    3.04343e+02   -2.12446e+02   -2.61125e+02    3.45519e-06

step 7700: timed with pme grid 40 40 40, coulomb cutoff 1.014: 171.8 M-cycles
step 7900: timed with pme grid 42 42 42, coulomb cutoff 1.000: 171.4 M-cycles

DD  step 7999 load imb.: force  3.2%
           Step           Time
           8000       16.00000

   Energies (kJ/mol)
           Bond          Angle    Proper Dih. Ryckaert-Bell.          LJ-14
    8.87270e+02    2.46436e+03    1.40343e+02    1.31989e+03    1.58694e+03
     Coulomb-14        LJ (SR)  Disper. corr.   Coulomb (SR)   Coul. recip.
    7.34069e+03    3.53828e+04   -2.42668e+03   -2.99850e+05    3.53825e+02
 Position Rest.      Potential    Kinetic En.   Total Energy  Conserved En.
    2.93922e+02   -2.52507e+05    4.80134e+04   -2.04494e+05   -2.04118e+05
    Temperature Pres. DC (bar) Pressure (bar)   Constr. rmsd
    3.00194e+02   -2.13441e+02    1.99937e+02    3.62030e-06

step 8100: timed with pme grid 25 25 25, coulomb cutoff 1.623: 158.9 M-cycles
step 8300: timed with pme grid 28 28 28, coulomb cutoff 1.449: 162.4 M-cycles
step 8500: timed with pme grid 32 32 32, coulomb cutoff 1.268: 157.8 M-cycles

DD  step 8499 load imb.: force  3.4%
           Step           Time
           8500       17.00000

   Energies (kJ/mol)
           Bond          Angle    Proper Dih. Ryckaert-Bell.          LJ-14
    7.63788e+02    2.47144e+03    1.59252e+02    1.32588e+03    1.56079e+03
     Coulomb-14        LJ (SR)  Disper. corr.   Coulomb (SR)   Coul. recip.
    7.27388e+03    3.54606e+04   -2.41942e+03   -3.01238e+05    1.14795e+03
 Position Rest.      Potential    Kinetic En.   Total Energy  Conserved En.
    3.32210e+02   -2.53161e+05    4.83067e+04   -2.04854e+05   -2.04125e+05
    Temperature Pres. DC (bar) Pressure (bar)   Constr. rmsd
    3.02028e+02   -2.12168e+02    2.33436e+02    3.34894e-06

step 8700: timed with pme grid 36 36 36, coulomb cutoff 1.127: 161.0 M-cycles
step 8900: timed with pme grid 40 40 40, coulomb cutoff 1.014: 173.1 M-cycles

DD  step 8999 load imb.: force  3.9%
           Step           Time
           9000       18.00000

   Energies (kJ/mol)
           Bond          Angle    Proper Dih. Ryckaert-Bell.          LJ-14
    8.40063e+02    2.42888e+03    1.37412e+02    1.24216e+03    1.51773e+03
     Coulomb-14        LJ (SR)  Disper. corr.   Coulomb (SR)   Coul. recip.
    7.34267e+03    3.50214e+04   -2.42424e+03   -3.01015e+05    1.71970e+03
 Position Rest.      Potential    Kinetic En.   Total Energy  Conserved En.
    2.98102e+02   -2.52891e+05    4.79291e+04   -2.04962e+05   -2.04132e+05
    Temperature Pres. DC (bar) Pressure (bar)   Constr. rmsd
    2.99667e+02   -2.13012e+02    2.84836e+01    3.41558e-06

step 9100: timed with pme grid 42 42 42, coulomb cutoff 1.000: 177.3 M-cycles
step 9300: timed with pme grid 25 25 25, coulomb cutoff 1.623: 163.2 M-cycles
step 9500: timed with pme grid 28 28 28, coulomb cutoff 1.449: 155.6 M-cycles

DD  step 9499 load imb.: force  3.1%
           Step           Time
           9500       19.00000

   Energies (kJ/mol)
           Bond          Angle    Proper Dih. Ryckaert-Bell.          LJ-14
    9.48737e+02    2.42011e+03    1.34376e+02    1.32180e+03    1.50901e+03
     Coulomb-14        LJ (SR)  Disper. corr.   Coulomb (SR)   Coul. recip.
    7.28776e+03    3.47657e+04   -2.41699e+03   -3.00055e+05    8.43895e+02
 Position Rest.      Potential    Kinetic En.   Total Energy  Conserved En.
    3.14796e+02   -2.52926e+05    4.81912e+04   -2.04735e+05   -2.04101e+05
    Temperature Pres. DC (bar) Pressure (bar)   Constr. rmsd
    3.01306e+02   -2.11741e+02   -2.12785e+02    3.50674e-06

step 9700: timed with pme grid 32 32 32, coulomb cutoff 1.268: 157.5 M-cycles
step 9900: timed with pme grid 36 36 36, coulomb cutoff 1.127: 159.4 M-cycles

DD  step 9999 load imb.: force  4.5%
           Step           Time
          10000       20.00000

   Energies (kJ/mol)
           Bond          Angle    Proper Dih. Ryckaert-Bell.          LJ-14
    8.89325e+02    2.54502e+03    1.21414e+02    1.27168e+03    1.57957e+03
     Coulomb-14        LJ (SR)  Disper. corr.   Coulomb (SR)   Coul. recip.
    7.32596e+03    3.45168e+04   -2.43117e+03   -2.99436e+05    1.66353e+03
 Position Rest.      Potential    Kinetic En.   Total Energy  Conserved En.
    3.25537e+02   -2.51629e+05    4.80940e+04   -2.03534e+05   -2.04115e+05
    Temperature Pres. DC (bar) Pressure (bar)   Constr. rmsd
    3.00698e+02   -2.14231e+02    1.40105e+02    3.30578e-06

step 10100: timed with pme grid 40 40 40, coulomb cutoff 1.014: 166.2 M-cycles
step 10300: timed with pme grid 42 42 42, coulomb cutoff 1.000: 171.3 M-cycles
step 10500: timed with pme grid 25 25 25, coulomb cutoff 1.623: 163.5 M-cycles

DD  step 10499 load imb.: force  3.3%
           Step           Time
          10500       21.00000

   Energies (kJ/mol)
           Bond          Angle    Proper Dih. Ryckaert-Bell.          LJ-14
    9.08635e+02    2.47389e+03    1.63066e+02    1.33021e+03    1.52871e+03
     Coulomb-14        LJ (SR)  Disper. corr.   Coulomb (SR)   Coul. recip.
    7.35474e+03    3.41506e+04   -2.40364e+03   -2.98200e+05    5.38275e+02
 Position Rest.      Potential    Kinetic En.   Total Energy  Conserved En.
    3.27771e+02   -2.51828e+05    4.81159e+04   -2.03712e+05   -2.04103e+05
    Temperature Pres. DC (bar) Pressure (bar)   Constr. rmsd
    3.00835e+02   -2.09413e+02   -1.91755e+02    3.18230e-06

step 10700: timed with pme grid 28 28 28, coulomb cutoff 1.449: 157.3 M-cycles
step 10900: timed with pme grid 32 32 32, coulomb cutoff 1.268: 159.0 M-cycles

DD  step 10999 load imb.: force  3.1%
           Step           Time
          11000       22.00000

   Energies (kJ/mol)
           Bond          Angle    Proper Dih. Ryckaert-Bell.          LJ-14
    9.18748e+02    2.49734e+03    1.41194e+02    1.29750e+03    1.53658e+03
     Coulomb-14        LJ (SR)  Disper. corr.   Coulomb (SR)   Coul. recip.
    7.28409e+03    3.47718e+04   -2.40524e+03   -2.99972e+05    1.16272e+03
 Position Rest.      Potential    Kinetic En.   Total Energy  Conserved En.
    3.50347e+02   -2.52417e+05    4.80249e+04   -2.04392e+05   -2.04110e+05
    Temperature Pres. DC (bar) Pressure (bar)   Constr. rmsd
    3.00266e+02   -2.09691e+02   -1.68367e+02    3.13140e-06

step 11100: timed with pme grid 36 36 36, coulomb cutoff 1.127: 164.1 M-cycles
step 11300: timed with pme grid 40 40 40, coulomb cutoff 1.014: 164.0 M-cycles
step 11500: timed with pme grid 42 42 42, coulomb cutoff 1.000: 171.9 M-cycles
              optimal pme grid 28 28 28, coulomb cutoff 1.449

DD  step 11499 load imb.: force  2.8%
           Step           Time
          11500       23.00000

   Energies (kJ/mol)
           Bond          Angle    Proper Dih. Ryckaert-Bell.          LJ-14
    8.78311e+02    2.42974e+03    1.32060e+02    1.27857e+03    1.57188e+03
     Coulomb-14        LJ (SR)  Disper. corr.   Coulomb (SR)   Coul. recip.
    7.29879e+03    3.49308e+04   -2.41669e+03   -3.00147e+05    5.05553e+02
 Position Rest.      Potential    Kinetic En.   Total Energy  Conserved En.
    2.94364e+02   -2.53244e+05    4.83006e+04   -2.04943e+05   -2.04109e+05
    Temperature Pres. DC (bar) Pressure (bar)   Constr. rmsd
    3.01990e+02   -2.11689e+02    6.53835e+01    3.01943e-06


NOTE: DLB can now turn on, when beneficial

DD  step 11999 load imb.: force  2.6%
           Step           Time
          12000       24.00000

   Energies (kJ/mol)
           Bond          Angle    Proper Dih. Ryckaert-Bell.          LJ-14
    8.26597e+02    2.56297e+03    1.43015e+02    1.27491e+03    1.56426e+03
     Coulomb-14        LJ (SR)  Disper. corr.   Coulomb (SR)   Coul. recip.
    7.32845e+03    3.52842e+04   -2.42073e+03   -3.00242e+05    5.77121e+02
 Position Rest.      Potential    Kinetic En.   Total Energy  Conserved En.
    3.13936e+02   -2.52787e+05    4.82077e+04   -2.04579e+05   -2.04102e+05
    Temperature Pres. DC (bar) Pressure (bar)   Constr. rmsd
    3.01409e+02   -2.12397e+02    2.86574e+02    3.09556e-06


DD  step 12499 load imb.: force  2.7%
           Step           Time
          12500       25.00000

   Energies (kJ/mol)
           Bond          Angle    Proper Dih. Ryckaert-Bell.          LJ-14
    8.92494e+02    2.57772e+03    1.39119e+02    1.30160e+03    1.53398e+03
     Coulomb-14        LJ (SR)  Disper. corr.   Coulomb (SR)   Coul. recip.
    7.26013e+03    3.52784e+04   -2.41605e+03   -2.99825e+05    5.05419e+02
 Position Rest.      Potential    Kinetic En.   Total Energy  Conserved En.
    2.95083e+02   -2.52457e+05    4.81515e+04   -2.04305e+05   -2.04091e+05
    Temperature Pres. DC (bar) Pressure (bar)   Constr. rmsd
    3.01057e+02   -2.11578e+02    1.12069e+02    3.18160e-06


DD  step 12999 load imb.: force  1.9%
           Step           Time
          13000       26.00000

   Energies (kJ/mol)
           Bond          Angle    Proper Dih. Ryckaert-Bell.          LJ-14
    8.42414e+02    2.51138e+03    1.38928e+02    1.30556e+03    1.52907e+03
     Coulomb-14        LJ (SR)  Disper. corr.   Coulomb (SR)   Coul. recip.
    7.22375e+03    3.51846e+04   -2.41490e+03   -2.99907e+05    4.92063e+02
 Position Rest.      Potential    Kinetic En.   Total Energy  Conserved En.
    3.26846e+02   -2.52767e+05    4.79991e+04   -2.04768e+05   -2.04105e+05
    Temperature Pres. DC (bar) Pressure (bar)   Constr. rmsd
    3.00105e+02   -2.11375e+02   -7.27142e+00    2.78653e-06


DD  step 13499 load imb.: force  2.1%
           Step           Time
          13500       27.00000

   Energies (kJ/mol)
           Bond          Angle    Proper Dih. Ryckaert-Bell.          LJ-14
    8.69807e+02    2.47836e+03    1.36745e+02    1.28437e+03    1.51621e+03
     Coulomb-14        LJ (SR)  Disper. corr.   Coulomb (SR)   Coul. recip.
    7.27077e+03    3.52116e+04   -2.41983e+03   -2.99719e+05    4.72162e+02
 Position Rest.      Potential    Kinetic En.   Total Energy  Conserved En.
    3.49352e+02   -2.52549e+05    4.78729e+04   -2.04676e+05   -2.04114e+05
    Temperature Pres. DC (bar) Pressure (bar)   Constr. rmsd
    2.99316e+02   -2.12238e+02    1.20934e+00    3.19306e-06


DD  step 13999 load imb.: force  1.9%
           Step           Time
          14000       28.00000

   Energies (kJ/mol)
           Bond          Angle    Proper Dih. Ryckaert-Bell.          LJ-14
    8.02615e+02    2.52400e+03    1.33218e+02    1.29903e+03    1.57767e+03
     Coulomb-14        LJ (SR)  Disper. corr.   Coulomb (SR)   Coul. recip.
    7.33099e+03    3.51529e+04   -2.42115e+03   -2.99046e+05    4.95976e+02
 Position Rest.      Potential    Kinetic En.   Total Energy  Conserved En.
    3.02557e+02   -2.51848e+05    4.77672e+04   -2.04081e+05   -2.04119e+05
    Temperature Pres. DC (bar) Pressure (bar)   Constr. rmsd
    2.98655e+02   -2.12471e+02    2.88378e+02    3.33702e-06


DD  step 14499 load imb.: force  2.3%
           Step           Time
          14500       29.00000

   Energies (kJ/mol)
           Bond          Angle    Proper Dih. Ryckaert-Bell.          LJ-14
    8.35811e+02    2.44108e+03    1.63952e+02    1.30409e+03    1.58106e+03
     Coulomb-14        LJ (SR)  Disper. corr.   Coulomb (SR)   Coul. recip.
    7.32583e+03    3.42535e+04   -2.40805e+03   -2.98844e+05    5.29995e+02
 Position Rest.      Potential    Kinetic En.   Total Energy  Conserved En.
    3.42613e+02   -2.52474e+05    4.85362e+04   -2.03938e+05   -2.04131e+05
    Temperature Pres. DC (bar) Pressure (bar)   Constr. rmsd
    3.03463e+02   -2.10180e+02   -2.73309e+02    3.37555e-06


DD  step 14999 load imb.: force  1.9%
           Step           Time
          15000       30.00000

   Energies (kJ/mol)
           Bond          Angle    Proper Dih. Ryckaert-Bell.          LJ-14
    8.81859e+02    2.46289e+03    1.72265e+02    1.32377e+03    1.52445e+03
     Coulomb-14        LJ (SR)  Disper. corr.   Coulomb (SR)   Coul. recip.
    7.29712e+03    3.49683e+04   -2.42470e+03   -2.99720e+05    5.37462e+02
 Position Rest.      Potential    Kinetic En.   Total Energy  Conserved En.
    3.42264e+02   -2.52634e+05    4.74398e+04   -2.05194e+05   -2.04115e+05
    Temperature Pres. DC (bar) Pressure (bar)   Constr. rmsd
    2.96608e+02   -2.13093e+02   -5.20462e+01    3.06815e-06


DD  step 15499 load imb.: force  2.1%
           Step           Time
          15500       31.00000

   Energies (kJ/mol)
           Bond          Angle    Proper Dih. Ryckaert-Bell.          LJ-14
    7.95264e+02    2.35159e+03    1.44264e+02    1.29127e+03    1.52761e+03
     Coulomb-14        LJ (SR)  Disper. corr.   Coulomb (SR)   Coul. recip.
    7.29836e+03    3.54833e+04   -2.40410e+03   -3.00279e+05    5.12275e+02
 Position Rest.      Potential    Kinetic En.   Total Energy  Conserved En.
    3.55637e+02   -2.52924e+05    4.77380e+04   -2.05186e+05   -2.04126e+05
    Temperature Pres. DC (bar) Pressure (bar)   Constr. rmsd
    2.98472e+02   -2.09492e+02    1.29784e+02    3.27101e-06


DD  step 15999 load imb.: force  2.5%
           Step           Time
          16000       32.00000

   Energies (kJ/mol)
           Bond          Angle    Proper Dih. Ryckaert-Bell.          LJ-14
    8.04453e+02    2.59745e+03    1.16741e+02    1.27029e+03    1.52523e+03
     Coulomb-14        LJ (SR)  Disper. corr.   Coulomb (SR)   Coul. recip.
    7.23924e+03    3.61620e+04   -2.43095e+03   -3.00970e+05    5.03896e+02
 Position Rest.      Potential    Kinetic En.   Total Energy  Conserved En.
    3.09257e+02   -2.52873e+05    4.84960e+04   -2.04377e+05   -2.04116e+05
    Temperature Pres. DC (bar) Pressure (bar)   Constr. rmsd
    3.03211e+02   -2.14192e+02    5.33128e+02    3.70500e-06


DD  step 16499 load imb.: force  1.8%
           Step           Time
          16500       33.00000

   Energies (kJ/mol)
           Bond          Angle    Proper Dih. Ryckaert-Bell.          LJ-14
    7.81987e+02    2.49301e+03    1.63052e+02    1.23891e+03    1.57988e+03
     Coulomb-14        LJ (SR)  Disper. corr.   Coulomb (SR)   Coul. recip.
    7.34748e+03    3.51679e+04   -2.41322e+03   -3.00187e+05    5.56471e+02
 Position Rest.      Potential    Kinetic En.   Total Energy  Conserved En.
    3.14235e+02   -2.52958e+05    4.76290e+04   -2.05329e+05   -2.04112e+05
    Temperature Pres. DC (bar) Pressure (bar)   Constr. rmsd
    2.97791e+02   -2.11082e+02   -7.72588e+00    3.13799e-06


DD  step 16999 load imb.: force  3.0%
           Step           Time
          17000       34.00000

   Energies (kJ/mol)
           Bond          Angle    Proper Dih. Ryckaert-Bell.          LJ-14
    9.09452e+02    2.44418e+03    1.36795e+02    1.28545e+03    1.52076e+03
     Coulomb-14        LJ (SR)  Disper. corr.   Coulomb (SR)   Coul. recip.
    7.33323e+03    3.50534e+04   -2.42563e+03   -3.00361e+05    4.83347e+02
 Position Rest.      Potential    Kinetic En.   Total Energy  Conserved En.
    3.24117e+02   -2.53296e+05    4.75018e+04   -2.05794e+05   -2.04103e+05
    Temperature Pres. DC (bar) Pressure (bar)   Constr. rmsd
    2.96995e+02   -2.13257e+02    7.57282e+01    3.01923e-06


DD  step 17499 load imb.: force  2.3%
           Step           Time
          17500       35.00000

   Energies (kJ/mol)
           Bond          Angle    Proper Dih. Ryckaert-Bell.          LJ-14
    9.31028e+02    2.34905e+03    1.35318e+02    1.33938e+03    1.50665e+03
     Coulomb-14        LJ (SR)  Disper. corr.   Coulomb (SR)   Coul. recip.
    7.27113e+03    3.41767e+04   -2.40065e+03   -2.98727e+05    5.03020e+02
 Position Rest.      Potential    Kinetic En.   Total Energy  Conserved En.
    3.02433e+02   -2.52613e+05    4.80195e+04   -2.04593e+05   -2.04107e+05
    Temperature Pres. DC (bar) Pressure (bar)   Constr. rmsd
    3.00232e+02   -2.08891e+02   -5.58611e+02    2.95129e-06


DD  step 17999 load imb.: force  2.3%
           Step           Time
          18000       36.00000

   Energies (kJ/mol)
           Bond          Angle    Proper Dih. Ryckaert-Bell.          LJ-14
    8.50109e+02    2.40431e+03    1.43753e+02    1.30155e+03    1.57903e+03
     Coulomb-14        LJ (SR)  Disper. corr.   Coulomb (SR)   Coul. recip.
    7.23365e+03    3.55721e+04   -2.42273e+03   -3.00622e+05    5.12048e+02
 Position Rest.      Potential    Kinetic En.   Total Energy  Conserved En.
    3.20486e+02   -2.53128e+05    4.81187e+04   -2.05009e+05   -2.04098e+05
    Temperature Pres. DC (bar) Pressure (bar)   Constr. rmsd
    3.00853e+02   -2.12748e+02    9.54737e+01    2.98346e-06


DD  step 18499 load imb.: force  2.5%
           Step           Time
          18500       37.00000

   Energies (kJ/mol)
           Bond          Angle    Proper Dih. Ryckaert-Bell.          LJ-14
    9.58877e+02    2.38461e+03    1.42975e+02    1.29377e+03    1.50585e+03
     Coulomb-14        LJ (SR)  Disper. corr.   Coulomb (SR)   Coul. recip.
    7.29290e+03    3.44084e+04   -2.40360e+03   -2.99079e+05    4.86909e+02
 Position Rest.      Potential    Kinetic En.   Total Energy  Conserved En.
    3.34301e+02   -2.52674e+05    4.78348e+04   -2.04839e+05   -2.04101e+05
    Temperature Pres. DC (bar) Pressure (bar)   Constr. rmsd
    2.99078e+02   -2.09404e+02   -4.67637e+02    2.88027e-06


DD  step 18999 load imb.: force  2.9%
           Step           Time
          19000       38.00000

   Energies (kJ/mol)
           Bond          Angle    Proper Dih. Ryckaert-Bell.          LJ-14
    8.75896e+02    2.43156e+03    1.50832e+02    1.28997e+03    1.53751e+03
     Coulomb-14        LJ (SR)  Disper. corr.   Coulomb (SR)   Coul. recip.
    7.26326e+03    3.54614e+04   -2.43063e+03   -3.00304e+05    4.79164e+02
 Position Rest.      Potential    Kinetic En.   Total Energy  Conserved En.
    3.42331e+02   -2.52903e+05    4.76842e+04   -2.05219e+05   -2.04096e+05
    Temperature Pres. DC (bar) Pressure (bar)   Constr. rmsd
    2.98136e+02   -2.14135e+02    1.81937e+02    3.10677e-06


DD  step 19499 load imb.: force  2.2%
           Step           Time
          19500       39.00000

   Energies (kJ/mol)
           Bond          Angle    Proper Dih. Ryckaert-Bell.          LJ-14
    8.75086e+02    2.42711e+03    1.36695e+02    1.28662e+03    1.47775e+03
     Coulomb-14        LJ (SR)  Disper. corr.   Coulomb (SR)   Coul. recip.
    7.28120e+03    3.46740e+04   -2.41798e+03   -2.99073e+05    5.51013e+02
 Position Rest.      Potential    Kinetic En.   Total Energy  Conserved En.
    3.14696e+02   -2.52466e+05    4.79994e+04   -2.04467e+05   -2.04101e+05
    Temperature Pres. DC (bar) Pressure (bar)   Constr. rmsd
    3.00107e+02   -2.11915e+02   -4.58176e+01    3.27578e-06


DD  step 19999 load imb.: force  2.5%
           Step           Time
          20000       40.00000

   Energies (kJ/mol)
           Bond          Angle    Proper Dih. Ryckaert-Bell.          LJ-14
    8.99247e+02    2.55461e+03    1.23608e+02    1.26196e+03    1.52357e+03
     Coulomb-14        LJ (SR)  Disper. corr.   Coulomb (SR)   Coul. recip.
    7.30142e+03    3.34267e+04   -2.41298e+03   -2.97114e+05    5.30946e+02
 Position Rest.      Potential    Kinetic En.   Total Energy  Conserved En.
    3.36660e+02   -2.51569e+05    4.76150e+04   -2.03954e+05   -2.04082e+05
    Temperature Pres. DC (bar) Pressure (bar)   Constr. rmsd
    2.97703e+02   -2.11040e+02   -3.53599e+02    2.94539e-06


DD  step 20499 load imb.: force  1.7%
           Step           Time
          20500       41.00000

   Energies (kJ/mol)
           Bond          Angle    Proper Dih. Ryckaert-Bell.          LJ-14
    9.45007e+02    2.59625e+03    1.31864e+02    1.32483e+03    1.57936e+03
     Coulomb-14        LJ (SR)  Disper. corr.   Coulomb (SR)   Coul. recip.
    7.34842e+03    3.46720e+04   -2.42617e+03   -2.98731e+05    4.81583e+02
 Position Rest.      Potential    Kinetic En.   Total Energy  Conserved En.
    2.94945e+02   -2.51783e+05    4.76789e+04   -2.04104e+05   -2.04077e+05
    Temperature Pres. DC (bar) Pressure (bar)   Constr. rmsd
    2.98103e+02   -2.13351e+02    2.06038e+02    3.06304e-06


DD  step 20999 load imb.: force  2.3%
           Step           Time
          21000       42.00000

   Energies (kJ/mol)
           Bond          Angle    Proper Dih. Ryckaert-Bell.          LJ-14
    8.83145e+02    2.49705e+03    1.34705e+02    1.28324e+03    1.54657e+03
     Coulomb-14        LJ (SR)  Disper. corr.   Coulomb (SR)   Coul. recip.
    7.35091e+03    3.45006e+04   -2.41294e+03   -2.98283e+05    5.33452e+02
 Position Rest.      Potential    Kinetic En.   Total Energy  Conserved En.
    2.88805e+02   -2.51677e+05    4.81058e+04   -2.03572e+05   -2.04097e+05
    Temperature Pres. DC (bar) Pressure (bar)   Constr. rmsd
    3.00772e+02   -2.11034e+02   -1.32927e+02    2.86396e-06


DD  step 21499 load imb.: force  2.5%
           Step           Time
          21500       43.00000

   Energies (kJ/mol)
           Bond          Angle    Proper Dih. Ryckaert-Bell.          LJ-14
    7.94201e+02    2.48670e+03    1.42313e+02    1.29891e+03    1.56088e+03
     Coulomb-14        LJ (SR)  Disper. corr.   Coulomb (SR)   Coul. recip.
    7.23334e+03    3.47758e+04   -2.41855e+03   -2.99070e+05    5.16609e+02
 Position Rest.      Potential    Kinetic En.   Total Energy  Conserved En.
    3.25566e+02   -2.52354e+05    4.78654e+04   -2.04489e+05   -2.04101e+05
    Temperature Pres. DC (bar) Pressure (bar)   Constr. rmsd
    2.99269e+02   -2.12014e+02    9.84659e+01    2.95487e-06


DD  step 21999 load imb.: force  2.3%
           Step           Time
          22000       44.00000

   Energies (kJ/mol)
           Bond          Angle    Proper Dih. Ryckaert-Bell.          LJ-14
    9.81285e+02    2.46865e+03    1.52816e+02    1.34563e+03    1.48547e+03
     Coulomb-14        LJ (SR)  Disper. corr.   Coulomb (SR)   Coul. recip.
    7.30829e+03    3.51529e+04   -2.41361e+03   -3.00964e+05    5.12218e+02
 Position Rest.      Potential    Kinetic En.   Total Energy  Conserved En.
    3.19918e+02   -2.53650e+05    4.82680e+04   -2.05382e+05   -2.04090e+05
    Temperature Pres. DC (bar) Pressure (bar)   Constr. rmsd
    3.01786e+02   -2.11151e+02   -2.33422e+02    4.00309e-06


DD  step 22499 load imb.: force  2.2%
           Step           Time
          22500       45.00000

   Energies (kJ/mol)
           Bond          Angle    Proper Dih. Ryckaert-Bell.          LJ-14
    8.22938e+02    2.51597e+03    1.54194e+02    1.33580e+03    1.55991e+03
     Coulomb-14        LJ (SR)  Disper. corr.   Coulomb (SR)   Coul. recip.
    7.35214e+03    3.50730e+04   -2.42315e+03   -3.00764e+05    4.94653e+02
 Position Rest.      Potential    Kinetic En.   Total Energy  Conserved En.
    3.35912e+02   -2.53543e+05    4.78695e+04   -2.05673e+05   -2.04102e+05
    Temperature Pres. DC (bar) Pressure (bar)   Constr. rmsd
    2.99294e+02   -2.12821e+02    2.81924e+01    3.38993e-06


DD  step 22999 load imb.: force  2.2%
           Step           Time
          23000       46.00000

   Energies (kJ/mol)
           Bond          Angle    Proper Dih. Ryckaert-Bell.          LJ-14
    8.60313e+02    2.47089e+03    1.31120e+02    1.28755e+03    1.55806e+03
     Coulomb-14        LJ (SR)  Disper. corr.   Coulomb (SR)   Coul. recip.
    7.30980e+03    3.39211e+04   -2.40502e+03   -2.99207e+05    4.96108e+02
 Position Rest.      Potential    Kinetic En.   Total Energy  Conserved En.
    3.38471e+02   -2.53239e+05    4.81494e+04   -2.05089e+05   -2.04103e+05
    Temperature Pres. DC (bar) Pressure (bar)   Constr. rmsd
    3.01045e+02   -2.09651e+02   -4.68382e+02    3.19164e-06


DD  step 23499 load imb.: force  2.2%
           Step           Time
          23500       47.00000

   Energies (kJ/mol)
           Bond          Angle    Proper Dih. Ryckaert-Bell.          LJ-14
    7.82616e+02    2.54972e+03    1.21282e+02    1.21952e+03    1.50464e+03
     Coulomb-14        LJ (SR)  Disper. corr.   Coulomb (SR)   Coul. recip.
    7.31668e+03    3.51898e+04   -2.41658e+03   -3.00395e+05    4.80581e+02
 Position Rest.      Potential    Kinetic En.   Total Energy  Conserved En.
    3.18401e+02   -2.53329e+05    4.78283e+04   -2.05500e+05   -2.04097e+05
    Temperature Pres. DC (bar) Pressure (bar)   Constr. rmsd
    2.99037e+02   -2.11670e+02    1.08925e+02    2.77315e-06


DD  step 23999 load imb.: force  2.4%
           Step           Time
          24000       48.00000

   Energies (kJ/mol)
           Bond          Angle    Proper Dih. Ryckaert-Bell.          LJ-14
    7.70764e+02    2.56467e+03    1.59330e+02    1.31827e+03    1.54050e+03
     Coulomb-14        LJ (SR)  Disper. corr.   Coulomb (SR)   Coul. recip.
    7.26474e+03    3.46317e+04   -2.41625e+03   -2.98741e+05    5.05516e+02
 Position Rest.      Potential    Kinetic En.   Total Energy  Conserved En.
    3.07799e+02   -2.52094e+05    4.76881e+04   -2.04406e+05   -2.04105e+05
    Temperature Pres. DC (bar) Pressure (bar)   Constr. rmsd
    2.98160e+02   -2.11613e+02   -8.13592e+01    2.96474e-06


DD  step 24499 load imb.: force  2.3%
           Step           Time
          24500       49.00000

   Energies (kJ/mol)
           Bond          Angle    Proper Dih. Ryckaert-Bell.          LJ-14
    8.38879e+02    2.44665e+03    1.09521e+02    1.30836e+03    1.50376e+03
     Coulomb-14        LJ (SR)  Disper. corr.   Coulomb (SR)   Coul. recip.
    7.20031e+03    3.42026e+04   -2.41923e+03   -2.98170e+05    4.97167e+02
 Position Rest.      Potential    Kinetic En.   Total Energy  Conserved En.
    3.40576e+02   -2.52142e+05    4.74748e+04   -2.04667e+05   -2.04100e+05
    Temperature Pres. DC (bar) Pressure (bar)   Constr. rmsd
    2.96827e+02   -2.12135e+02   -1.68984e+02    3.32950e-06


DD  step 24999 load imb.: force  1.8%
           Step           Time
          25000       50.00000

   Energies (kJ/mol)
           Bond          Angle    Proper Dih. Ryckaert-Bell.          LJ-14
    8.56720e+02    2.47012e+03    1.44714e+02    1.30960e+03    1.59982e+03
     Coulomb-14        LJ (SR)  Disper. corr.   Coulomb (SR)   Coul. recip.
    7.34759e+03    3.42020e+04   -2.40848e+03   -2.99228e+05    4.82497e+02
 Position Rest.      Potential    Kinetic En.   Total Energy  Conserved En.
    3.46814e+02   -2.52877e+05    4.69874e+04   -2.05890e+05   -2.04088e+05
    Temperature Pres. DC (bar) Pressure (bar)   Constr. rmsd
    2.93779e+02   -2.10254e+02   -2.10046e+02    2.90023e-06


DD  step 25499 load imb.: force  2.5%
           Step           Time
          25500       51.00000

   Energies (kJ/mol)
           Bond          Angle    Proper Dih. Ryckaert-Bell.          LJ-14
    8.39165e+02    2.48631e+03    1.21639e+02    1.36175e+03    1.55652e+03
     Coulomb-14        LJ (SR)  Disper. corr.   Coulomb (SR)   Coul. recip.
    7.32241e+03    3.56291e+04   -2.42254e+03   -3.00208e+05    4.49337e+02
 Position Rest.      Potential    Kinetic En.   Total Energy  Conserved En.
    3.51779e+02   -2.52513e+05    4.85013e+04   -2.04011e+05   -2.04108e+05
    Temperature Pres. DC (bar) Pressure (bar)   Constr. rmsd
    3.03245e+02   -2.12715e+02    2.33331e+02    3.47287e-06


DD  step 25999 load imb.: force  2.2%
           Step           Time
          26000       52.00000

   Energies (kJ/mol)
           Bond          Angle    Proper Dih. Ryckaert-Bell.          LJ-14
    8.12603e+02    2.40127e+03    1.39140e+02    1.30861e+03    1.59770e+03
     Coulomb-14        LJ (SR)  Disper. corr.   Coulomb (SR)   Coul. recip.
    7.33692e+03    3.47483e+04   -2.41546e+03   -2.98904e+05    5.12440e+02
 Position Rest.      Potential    Kinetic En.   Total Energy  Conserved En.
    3.52303e+02   -2.52110e+05    4.77657e+04   -2.04344e+05   -2.04106e+05
    Temperature Pres. DC (bar) Pressure (bar)   Constr. rmsd
    2.98646e+02   -2.11473e+02    4.91748e+01    3.39162e-06


DD  step 26499 load imb.: force  2.4%
           Step           Time
          26500       53.00000

   Energies (kJ/mol)
           Bond          Angle    Proper Dih. Ryckaert-Bell.          LJ-14
    8.67928e+02    2.43423e+03    1.32169e+02    1.30264e+03    1.56734e+03
     Coulomb-14        LJ (SR)  Disper. corr.   Coulomb (SR)   Coul. recip.
    7.36689e+03    3.44729e+04   -2.42893e+03   -2.99735e+05    5.09102e+02
 Position Rest.      Potential    Kinetic En.   Total Energy  Conserved En.
    3.42523e+02   -2.53169e+05    4.83363e+04   -2.04832e+05   -2.04096e+05
    Temperature Pres. DC (bar) Pressure (bar)   Constr. rmsd
    3.02213e+02   -2.13836e+02   -5.46375e+01    3.30286e-06


DD  step 26999 load imb.: force  2.1%
           Step           Time
          27000       54.00000

   Energies (kJ/mol)
           Bond          Angle    Proper Dih. Ryckaert-Bell.          LJ-14
    8.86789e+02    2.49648e+03    1.49923e+02    1.31961e+03    1.50032e+03
     Coulomb-14        LJ (SR)  Disper. corr.   Coulomb (SR)   Coul. recip.
    7.30495e+03    3.57950e+04   -2.43575e+03   -3.01299e+05    5.23274e+02
 Position Rest.      Potential    Kinetic En.   Total Energy  Conserved En.
    3.15593e+02   -2.53443e+05    4.82318e+04   -2.05211e+05   -2.04090e+05
    Temperature Pres. DC (bar) Pressure (bar)   Constr. rmsd
    3.01559e+02   -2.15038e+02    3.23815e+02    3.10636e-06


DD  step 27499 load imb.: force  2.2%
           Step           Time
          27500       55.00000

   Energies (kJ/mol)
           Bond          Angle    Proper Dih. Ryckaert-Bell.          LJ-14
    8.30778e+02    2.45358e+03    1.44788e+02    1.37582e+03    1.58267e+03
     Coulomb-14        LJ (SR)  Disper. corr.   Coulomb (SR)   Coul. recip.
    7.36544e+03    3.41772e+04   -2.42323e+03   -2.99131e+05    4.91947e+02
 Position Rest.      Potential    Kinetic En.   Total Energy  Conserved En.
    3.24113e+02   -2.52808e+05    4.80648e+04   -2.04743e+05   -2.04106e+05
    Temperature Pres. DC (bar) Pressure (bar)   Constr. rmsd
    3.00515e+02   -2.12836e+02   -1.85257e+02    3.95244e-06


DD  step 27999 load imb.: force  1.7%
           Step           Time
          28000       56.00000

   Energies (kJ/mol)
           Bond          Angle    Proper Dih. Ryckaert-Bell.          LJ-14
    8.16150e+02    2.48947e+03    1.22289e+02    1.29849e+03    1.55957e+03
     Coulomb-14        LJ (SR)  Disper. corr.   Coulomb (SR)   Coul. recip.
    7.29861e+03    3.58054e+04   -2.43229e+03   -3.00578e+05    5.02986e+02
 Position Rest.      Potential    Kinetic En.   Total Energy  Conserved En.
    3.18032e+02   -2.52799e+05    4.72548e+04   -2.05544e+05   -2.04102e+05
    Temperature Pres. DC (bar) Pressure (bar)   Constr. rmsd
    2.95451e+02   -2.14428e+02    3.88406e+02    3.77391e-06


DD  step 28499 load imb.: force  1.8%
           Step           Time
          28500       57.00000

   Energies (kJ/mol)
           Bond          Angle    Proper Dih. Ryckaert-Bell.          LJ-14
    8.95531e+02    2.38707e+03    1.86276e+02    1.29288e+03    1.55070e+03
     Coulomb-14        LJ (SR)  Disper. corr.   Coulomb (SR)   Coul. recip.
    7.29885e+03    3.55377e+04   -2.41405e+03   -3.00041e+05    5.06285e+02
 Position Rest.      Potential    Kinetic En.   Total Energy  Conserved En.
    2.99374e+02   -2.52500e+05    4.82719e+04   -2.04228e+05   -2.04107e+05
    Temperature Pres. DC (bar) Pressure (bar)   Constr. rmsd
    3.01810e+02   -2.11228e+02    2.84153e+01    3.09756e-06


DD  step 28999 load imb.: force  1.5%
           Step           Time
          29000       58.00000

   Energies (kJ/mol)
           Bond          Angle    Proper Dih. Ryckaert-Bell.          LJ-14
    8.15583e+02    2.40800e+03    1.34245e+02    1.24647e+03    1.47323e+03
     Coulomb-14        LJ (SR)  Disper. corr.   Coulomb (SR)   Coul. recip.
    7.34483e+03    3.54184e+04   -2.42940e+03   -3.01205e+05    4.70543e+02
 Position Rest.      Potential    Kinetic En.   Total Energy  Conserved En.
    3.47838e+02   -2.53975e+05    4.74319e+04   -2.06543e+05   -2.04123e+05
    Temperature Pres. DC (bar) Pressure (bar)   Constr. rmsd
    2.96559e+02   -2.13919e+02   -3.50418e+01    3.17952e-06


DD  step 29499 load imb.: force  2.3%
           Step           Time
          29500       59.00000

   Energies (kJ/mol)
           Bond          Angle    Proper Dih. Ryckaert-Bell.          LJ-14
    8.42825e+02    2.45501e+03    1.34262e+02    1.31462e+03    1.53838e+03
     Coulomb-14        LJ (SR)  Disper. corr.   Coulomb (SR)   Coul. recip.
    7.28702e+03    3.49254e+04   -2.41952e+03   -2.99379e+05    5.00292e+02
 Position Rest.      Potential    Kinetic En.   Total Energy  Conserved En.
    3.64484e+02   -2.52437e+05    4.83837e+04   -2.04053e+05   -2.04105e+05
    Temperature Pres. DC (bar) Pressure (bar)   Constr. rmsd
    3.02509e+02   -2.12184e+02    1.42557e+02    3.11800e-06


DD  step 29999 load imb.: force  1.7%
           Step           Time
          30000       60.00000

   Energies (kJ/mol)
           Bond          Angle    Proper Dih. Ryckaert-Bell.          LJ-14
    8.75669e+02    2.38446e+03    1.54550e+02    1.33072e+03    1.56339e+03
     Coulomb-14        LJ (SR)  Disper. corr.   Coulomb (SR)   Coul. recip.
    7.35408e+03    3.51745e+04   -2.40454e+03   -3.00602e+05    4.66900e+02
 Position Rest.      Potential    Kinetic En.   Total Energy  Conserved En.
    3.42064e+02   -2.53360e+05    4.85547e+04   -2.04806e+05   -2.04102e+05
    Temperature Pres. DC (bar) Pressure (bar)   Constr. rmsd
    3.03579e+02   -2.09569e+02   -4.25925e+01    3.15144e-06


DD  step 30499 load imb.: force  2.4%
           Step           Time
          30500       61.00000

   Energies (kJ/mol)
           Bond          Angle    Proper Dih. Ryckaert-Bell.          LJ-14
    9.03145e+02    2.40336e+03    1.55763e+02    1.33753e+03    1.59481e+03
     Coulomb-14        LJ (SR)  Disper. corr.   Coulomb (SR)   Coul. recip.
    7.28522e+03    3.52008e+04   -2.41050e+03   -3.00345e+05    4.91007e+02
 Position Rest.      Potential    Kinetic En.   Total Energy  Conserved En.
    3.37211e+02   -2.53047e+05    4.82495e+04   -2.04797e+05   -2.04103e+05
    Temperature Pres. DC (bar) Pressure (bar)   Constr. rmsd
    3.01670e+02   -2.10608e+02    6.91110e+01    2.79964e-06


DD  step 30999 load imb.: force  2.2%
           Step           Time
          31000       62.00000

   Energies (kJ/mol)
           Bond          Angle    Proper Dih. Ryckaert-Bell.          LJ-14
    9.47120e+02    2.50010e+03    1.54393e+02    1.27272e+03    1.52671e+03
     Coulomb-14        LJ (SR)  Disper. corr.   Coulomb (SR)   Coul. recip.
    7.32594e+03    3.48195e+04   -2.41872e+03   -2.99284e+05    4.69906e+02
 Position Rest.      Potential    Kinetic En.   Total Energy  Conserved En.
    3.37774e+02   -2.52348e+05    4.77059e+04   -2.04642e+05   -2.04088e+05
    Temperature Pres. DC (bar) Pressure (bar)   Constr. rmsd
    2.98271e+02   -2.12044e+02   -2.03778e+01    2.94553e-06


DD  step 31499 load imb.: force  2.0%
           Step           Time
          31500       63.00000

   Energies (kJ/mol)
           Bond          Angle    Proper Dih. Ryckaert-Bell.          LJ-14
    7.84183e+02    2.35328e+03    1.31446e+02    1.31880e+03    1.58357e+03
     Coulomb-14        LJ (SR)  Disper. corr.   Coulomb (SR)   Coul. recip.
    7.34638e+03    3.48053e+04   -2.41842e+03   -2.99929e+05    5.36695e+02
 Position Rest.      Potential    Kinetic En.   Total Energy  Conserved En.
    3.05819e+02   -2.53182e+05    4.72965e+04   -2.05885e+05   -2.04113e+05
    Temperature Pres. DC (bar) Pressure (bar)   Constr. rmsd
    2.95712e+02   -2.11991e+02   -4.17255e+01    3.16532e-06


DD  step 31999 load imb.: force  2.0%
           Step           Time
          32000       64.00000

   Energies (kJ/mol)
           Bond          Angle    Proper Dih. Ryckaert-Bell.          LJ-14
    8.45944e+02    2.47095e+03    1.40022e+02    1.29869e+03    1.46308e+03
     Coulomb-14        LJ (SR)  Disper. corr.   Coulomb (SR)   Coul. recip.
    7.27924e+03    3.50470e+04   -2.41809e+03   -3.00150e+05    5.48253e+02
 Position Rest.      Potential    Kinetic En.   Total Energy  Conserved En.
    3.77758e+02   -2.53097e+05    4.69519e+04   -2.06145e+05   -2.04087e+05
    Temperature Pres. DC (bar) Pressure (bar)   Constr. rmsd
    2.93557e+02   -2.11934e+02   -2.14765e+02    3.28345e-06


DD  step 32499 load imb.: force  2.1%
           Step           Time
          32500       65.00000

   Energies (kJ/mol)
           Bond          Angle    Proper Dih. Ryckaert-Bell.          LJ-14
    8.69627e+02    2.39401e+03    1.41766e+02    1.27757e+03    1.49186e+03
     Coulomb-14        LJ (SR)  Disper. corr.   Coulomb (SR)   Coul. recip.
    7.26453e+03    3.53290e+04   -2.41459e+03   -2.99432e+05    4.91953e+02
 Position Rest.      Potential    Kinetic En.   Total Energy  Conserved En.
    3.13365e+02   -2.52273e+05    4.76638e+04   -2.04609e+05   -2.04114e+05
    Temperature Pres. DC (bar) Pressure (bar)   Constr. rmsd
    2.98008e+02   -2.11321e+02    5.16066e+01    3.68738e-06


DD  step 32999 load imb.: force  2.6%
           Step           Time
          33000       66.00000

   Energies (kJ/mol)
           Bond          Angle    Proper Dih. Ryckaert-Bell.          LJ-14
    1.00831e+03    2.50992e+03    1.61061e+02    1.29045e+03    1.52807e+03
     Coulomb-14        LJ (SR)  Disper. corr.   Coulomb (SR)   Coul. recip.
    7.35905e+03    3.47664e+04   -2.42273e+03   -2.99115e+05    5.15068e+02
 Position Rest.      Potential    Kinetic En.   Total Energy  Conserved En.
    3.29064e+02   -2.52070e+05    4.84138e+04   -2.03657e+05   -2.04105e+05
    Temperature Pres. DC (bar) Pressure (bar)   Constr. rmsd
    3.02698e+02   -2.12747e+02    2.88603e+01    3.27063e-06


DD  step 33499 load imb.: force  2.4%
           Step           Time
          33500       67.00000

   Energies (kJ/mol)
           Bond          Angle    Proper Dih. Ryckaert-Bell.          LJ-14
    8.86241e+02    2.41239e+03    1.59306e+02    1.31846e+03    1.55350e+03
     Coulomb-14        LJ (SR)  Disper. corr.   Coulomb (SR)   Coul. recip.
    7.36344e+03    3.50014e+04   -2.41958e+03   -3.00352e+05    5.28627e+02
 Position Rest.      Potential    Kinetic En.   Total Energy  Conserved En.
    2.92885e+02   -2.53255e+05    4.83498e+04   -2.04906e+05   -2.04114e+05
    Temperature Pres. DC (bar) Pressure (bar)   Constr. rmsd
    3.02297e+02   -2.12195e+02   -1.98182e+02    3.08142e-06


DD  step 33999 load imb.: force  1.9%
           Step           Time
          34000       68.00000

   Energies (kJ/mol)
           Bond          Angle    Proper Dih. Ryckaert-Bell.          LJ-14
    8.21266e+02    2.50872e+03    1.19344e+02    1.41772e+03    1.53538e+03
     Coulomb-14        LJ (SR)  Disper. corr.   Coulomb (SR)   Coul. recip.
    7.35936e+03    3.51623e+04   -2.41593e+03   -2.99736e+05    4.89058e+02
 Position Rest.      Potential    Kinetic En.   Total Energy  Conserved En.
    2.83092e+02   -2.52456e+05    4.81296e+04   -2.04326e+05   -2.04117e+05
    Temperature Pres. DC (bar) Pressure (bar)   Constr. rmsd
    3.00921e+02   -2.11556e+02    1.09887e+02    3.04855e-06


DD  step 34499 load imb.: force  1.9%
           Step           Time
          34500       69.00000

   Energies (kJ/mol)
           Bond          Angle    Proper Dih. Ryckaert-Bell.          LJ-14
    8.35263e+02    2.40124e+03    1.68784e+02    1.38893e+03    1.52342e+03
     Coulomb-14        LJ (SR)  Disper. corr.   Coulomb (SR)   Coul. recip.
    7.32218e+03    3.45940e+04   -2.41899e+03   -2.99429e+05    4.95897e+02
 Position Rest.      Potential    Kinetic En.   Total Energy  Conserved En.
    3.31933e+02   -2.52786e+05    4.82911e+04   -2.04495e+05   -2.04116e+05
    Temperature Pres. DC (bar) Pressure (bar)   Constr. rmsd
    3.01931e+02   -2.12092e+02   -9.26642e+01    3.54395e-06


DD  step 34999 load imb.: force  2.0%
           Step           Time
          35000       70.00000

   Energies (kJ/mol)
           Bond          Angle    Proper Dih. Ryckaert-Bell.          LJ-14
    8.73416e+02    2.44704e+03    1.61124e+02    1.32266e+03    1.57714e+03
     Coulomb-14        LJ (SR)  Disper. corr.   Coulomb (SR)   Coul. recip.
    7.28878e+03    3.46428e+04   -2.43312e+03   -2.99856e+05    4.87771e+02
 Position Rest.      Potential    Kinetic En.   Total Energy  Conserved En.
    3.33071e+02   -2.53156e+05    4.82938e+04   -2.04862e+05   -2.04122e+05
    Temperature Pres. DC (bar) Pressure (bar)   Constr. rmsd
    3.01947e+02   -2.14574e+02    8.18324e+01    3.36741e-06


DD  step 35499 load imb.: force  2.3%
           Step           Time
          35500       71.00000

   Energies (kJ/mol)
           Bond          Angle    Proper Dih. Ryckaert-Bell.          LJ-14
    7.83424e+02    2.45857e+03    1.66163e+02    1.35075e+03    1.57188e+03
     Coulomb-14        LJ (SR)  Disper. corr.   Coulomb (SR)   Coul. recip.
    7.28965e+03    3.49555e+04   -2.40675e+03   -2.99107e+05    5.24503e+02
 Position Rest.      Potential    Kinetic En.   Total Energy  Conserved En.
    3.59714e+02   -2.52054e+05    4.78660e+04   -2.04188e+05   -2.04117e+05
    Temperature Pres. DC (bar) Pressure (bar)   Constr. rmsd
    2.99272e+02   -2.09954e+02    3.02397e+01    3.27171e-06


DD  step 35999 load imb.: force  1.8%
           Step           Time
          36000       72.00000

   Energies (kJ/mol)
           Bond          Angle    Proper Dih. Ryckaert-Bell.          LJ-14
    8.59774e+02    2.44323e+03    1.57522e+02    1.34026e+03    1.57448e+03
     Coulomb-14        LJ (SR)  Disper. corr.   Coulomb (SR)   Coul. recip.
    7.29315e+03    3.55507e+04   -2.40856e+03   -3.00267e+05    5.20404e+02
 Position Rest.      Potential    Kinetic En.   Total Energy  Conserved En.
    3.21885e+02   -2.52614e+05    4.74988e+04   -2.05115e+05   -2.04101e+05
    Temperature Pres. DC (bar) Pressure (bar)   Constr. rmsd
    2.96977e+02   -2.10269e+02    1.12467e+02    2.97255e-06


DD  step 36499 load imb.: force  2.4%
           Step           Time
          36500       73.00000

   Energies (kJ/mol)
           Bond          Angle    Proper Dih. Ryckaert-Bell.          LJ-14
    8.82737e+02    2.49854e+03    1.21727e+02    1.34907e+03    1.58392e+03
     Coulomb-14        LJ (SR)  Disper. corr.   Coulomb (SR)   Coul. recip.
    7.35442e+03    3.51144e+04   -2.41283e+03   -2.99043e+05    5.36418e+02
 Position Rest.      Potential    Kinetic En.   Total Energy  Conserved En.
    3.50298e+02   -2.51664e+05    4.84913e+04   -2.03173e+05   -2.04134e+05
    Temperature Pres. DC (bar) Pressure (bar)   Constr. rmsd
    3.03182e+02   -2.11014e+02    4.78451e+01    3.85970e-06


DD  step 36999 load imb.: force  2.0%
           Step           Time
          37000       74.00000

   Energies (kJ/mol)
           Bond          Angle    Proper Dih. Ryckaert-Bell.          LJ-14
    9.04162e+02    2.42486e+03    1.04797e+02    1.26507e+03    1.52312e+03
     Coulomb-14        LJ (SR)  Disper. corr.   Coulomb (SR)   Coul. recip.
    7.30702e+03    3.46092e+04   -2.41631e+03   -2.98922e+05    4.93708e+02
 Position Rest.      Potential    Kinetic En.   Total Energy  Conserved En.
    3.01387e+02   -2.52405e+05    4.78891e+04   -2.04516e+05   -2.04112e+05
    Temperature Pres. DC (bar) Pressure (bar)   Constr. rmsd
    2.99417e+02   -2.11622e+02   -2.09224e+02    2.96345e-06


DD  step 37499 load imb.: force  2.6%
           Step           Time
          37500       75.00000

   Energies (kJ/mol)
           Bond          Angle    Proper Dih. Ryckaert-Bell.          LJ-14
    8.44260e+02    2.43084e+03    1.63975e+02    1.25742e+03    1.61251e+03
     Coulomb-14        LJ (SR)  Disper. corr.   Coulomb (SR)   Coul. recip.
    7.38771e+03    3.54235e+04   -2.40569e+03   -2.99890e+05    4.68327e+02
 Position Rest.      Potential    Kinetic En.   Total Energy  Conserved En.
    3.24624e+02   -2.52382e+05    4.76420e+04   -2.04740e+05   -2.04108e+05
    Temperature Pres. DC (bar) Pressure (bar)   Constr. rmsd
    2.97872e+02   -2.09768e+02    3.10118e+02    2.98772e-06


DD  step 37999 load imb.: force  2.0%
           Step           Time
          38000       76.00000

   Energies (kJ/mol)
           Bond          Angle    Proper Dih. Ryckaert-Bell.          LJ-14
    9.15106e+02    2.47022e+03    1.45100e+02    1.32996e+03    1.50211e+03
     Coulomb-14        LJ (SR)  Disper. corr.   Coulomb (SR)   Coul. recip.
    7.28983e+03    3.44730e+04   -2.41599e+03   -2.98960e+05    5.13632e+02
 Position Rest.      Potential    Kinetic En.   Total Energy  Conserved En.
    3.01491e+02   -2.52435e+05    4.87889e+04   -2.03647e+05   -2.04125e+05
    Temperature Pres. DC (bar) Pressure (bar)   Constr. rmsd
    3.05043e+02   -2.11568e+02   -1.79994e+02    3.98378e-06


DD  step 38499 load imb.: force  2.1%
           Step           Time
          38500       77.00000

   Energies (kJ/mol)
           Bond          Angle    Proper Dih. Ryckaert-Bell.          LJ-14
    8.97952e+02    2.63771e+03    1.60323e+02    1.28816e+03    1.56164e+03
     Coulomb-14        LJ (SR)  Disper. corr.   Coulomb (SR)   Coul. recip.
    7.30438e+03    3.45980e+04   -2.43365e+03   -2.98984e+05    5.04885e+02
 Position Rest.      Potential    Kinetic En.   Total Energy  Conserved En.
    3.10938e+02   -2.52154e+05    4.87889e+04   -2.03365e+05   -2.04122e+05
    Temperature Pres. DC (bar) Pressure (bar)   Constr. rmsd
    3.05043e+02   -2.14667e+02    6.05836e+01    3.20154e-06


DD  step 38999 load imb.: force  1.8%
           Step           Time
          39000       78.00000

   Energies (kJ/mol)
           Bond          Angle    Proper Dih. Ryckaert-Bell.          LJ-14
    8.44784e+02    2.35533e+03    1.33853e+02    1.31065e+03    1.59963e+03
     Coulomb-14        LJ (SR)  Disper. corr.   Coulomb (SR)   Coul. recip.
    7.37767e+03    3.45439e+04   -2.41803e+03   -2.99922e+05    4.79907e+02
 Position Rest.      Potential    Kinetic En.   Total Energy  Conserved En.
    2.84060e+02   -2.53410e+05    4.79511e+04   -2.05459e+05   -2.04128e+05
    Temperature Pres. DC (bar) Pressure (bar)   Constr. rmsd
    2.99804e+02   -2.11924e+02   -1.04030e+02    2.74437e-06


DD  step 39499 load imb.: force  1.9%
           Step           Time
          39500       79.00000

   Energies (kJ/mol)
           Bond          Angle    Proper Dih. Ryckaert-Bell.          LJ-14
    8.48532e+02    2.39115e+03    1.33941e+02    1.29291e+03    1.62113e+03
     Coulomb-14        LJ (SR)  Disper. corr.   Coulomb (SR)   Coul. recip.
    7.28733e+03    3.48726e+04   -2.42792e+03   -2.99690e+05    5.11614e+02
 Position Rest.      Potential    Kinetic En.   Total Energy  Conserved En.
    2.49218e+02   -2.52909e+05    4.76457e+04   -2.05264e+05   -2.04115e+05
    Temperature Pres. DC (bar) Pressure (bar)   Constr. rmsd
    2.97895e+02   -2.13659e+02    1.13334e+02    3.52750e-06


DD  step 39999 load imb.: force  2.2%
           Step           Time
          40000       80.00000

   Energies (kJ/mol)
           Bond          Angle    Proper Dih. Ryckaert-Bell.          LJ-14
    8.91068e+02    2.51849e+03    1.23247e+02    1.34486e+03    1.54753e+03
     Coulomb-14        LJ (SR)  Disper. corr.   Coulomb (SR)   Coul. recip.
    7.34781e+03    3.50475e+04   -2.42858e+03   -2.99924e+05    5.05803e+02
 Position Rest.      Potential    Kinetic En.   Total Energy  Conserved En.
    2.64303e+02   -2.52762e+05    4.78264e+04   -2.04935e+05   -2.04112e+05
    Temperature Pres. DC (bar) Pressure (bar)   Constr. rmsd
    2.99025e+02   -2.13775e+02    1.61357e+02    3.47222e-06


DD  step 40499 load imb.: force  2.3%
           Step           Time
          40500       81.00000

   Energies (kJ/mol)
           Bond          Angle    Proper Dih. Ryckaert-Bell.          LJ-14
    9.10930e+02    2.45373e+03    1.44112e+02    1.29722e+03    1.52056e+03
     Coulomb-14        LJ (SR)  Disper. corr.   Coulomb (SR)   Coul. recip.
    7.34665e+03    3.50226e+04   -2.42054e+03   -3.00115e+05    4.82131e+02
 Position Rest.      Potential    Kinetic En.   Total Energy  Conserved En.
    3.14500e+02   -2.53043e+05    4.77371e+04   -2.05306e+05   -2.04125e+05
    Temperature Pres. DC (bar) Pressure (bar)   Constr. rmsd
    2.98466e+02   -2.12363e+02   -2.05175e+02    3.00493e-06


DD  step 40999 load imb.: force  2.3%
           Step           Time
          41000       82.00000

   Energies (kJ/mol)
           Bond          Angle    Proper Dih. Ryckaert-Bell.          LJ-14
    9.31005e+02    2.53792e+03    1.55541e+02    1.35267e+03    1.54499e+03
     Coulomb-14        LJ (SR)  Disper. corr.   Coulomb (SR)   Coul. recip.
    7.29283e+03    3.40539e+04   -2.41870e+03   -2.98137e+05    4.87025e+02
 Position Rest.      Potential    Kinetic En.   Total Energy  Conserved En.
    2.98055e+02   -2.51902e+05    4.80718e+04   -2.03830e+05   -2.04118e+05
    Temperature Pres. DC (bar) Pressure (bar)   Constr. rmsd
    3.00559e+02   -2.12041e+02   -2.00869e+02    3.26985e-06


DD  step 41499 load imb.: force  2.0%
           Step           Time
          41500       83.00000

   Energies (kJ/mol)
           Bond          Angle    Proper Dih. Ryckaert-Bell.          LJ-14
    9.19097e+02    2.53011e+03    1.48839e+02    1.30787e+03    1.54369e+03
     Coulomb-14        LJ (SR)  Disper. corr.   Coulomb (SR)   Coul. recip.
    7.27847e+03    3.43749e+04   -2.41568e+03   -2.99255e+05    5.48688e+02
 Position Rest.      Potential    Kinetic En.   Total Energy  Conserved En.
    3.26895e+02   -2.52692e+05    4.80519e+04   -2.04640e+05   -2.04114e+05
    Temperature Pres. DC (bar) Pressure (bar)   Constr. rmsd
    3.00435e+02   -2.11513e+02   -1.00996e+02    3.12064e-06


DD  step 41999 load imb.: force  2.5%
           Step           Time
          42000       84.00000

   Energies (kJ/mol)
           Bond          Angle    Proper Dih. Ryckaert-Bell.          LJ-14
    8.58021e+02    2.34567e+03    1.31578e+02    1.31398e+03    1.57333e+03
     Coulomb-14        LJ (SR)  Disper. corr.   Coulomb (SR)   Coul. recip.
    7.31851e+03    3.51847e+04   -2.42297e+03   -3.00476e+05    5.19550e+02
 Position Rest.      Potential    Kinetic En.   Total Energy  Conserved En.
    3.13467e+02   -2.53340e+05    4.76713e+04   -2.05668e+05   -2.04126e+05
    Temperature Pres. DC (bar) Pressure (bar)   Constr. rmsd
    2.98055e+02   -2.12790e+02   -3.27979e+00    3.08712e-06


DD  step 42499 load imb.: force  2.0%
           Step           Time
          42500       85.00000

   Energies (kJ/mol)
           Bond          Angle    Proper Dih. Ryckaert-Bell.          LJ-14
    8.57717e+02    2.29016e+03    1.36139e+02    1.31140e+03    1.55751e+03
     Coulomb-14        LJ (SR)  Disper. corr.   Coulomb (SR)   Coul. recip.
    7.35072e+03    3.51686e+04   -2.42313e+03   -2.99970e+05    5.17109e+02
 Position Rest.      Potential    Kinetic En.   Total Energy  Conserved En.
    2.92607e+02   -2.52911e+05    4.72339e+04   -2.05677e+05   -2.04121e+05
    Temperature Pres. DC (bar) Pressure (bar)   Constr. rmsd
    2.95320e+02   -2.12817e+02    1.15610e+02    3.22399e-06


DD  step 42999 load imb.: force  2.3%
           Step           Time
          43000       86.00000

   Energies (kJ/mol)
           Bond          Angle    Proper Dih. Ryckaert-Bell.          LJ-14
    9.72262e+02    2.41357e+03    1.52339e+02    1.30591e+03    1.49136e+03
     Coulomb-14        LJ (SR)  Disper. corr.   Coulomb (SR)   Coul. recip.
    7.28857e+03    3.56682e+04   -2.41724e+03   -3.00178e+05    4.92145e+02
 Position Rest.      Potential    Kinetic En.   Total Energy  Conserved En.
    3.18833e+02   -2.52492e+05    4.82681e+04   -2.04224e+05   -2.04133e+05
    Temperature Pres. DC (bar) Pressure (bar)   Constr. rmsd
    3.01787e+02   -2.11786e+02    1.19030e+02    2.90670e-06


DD  step 43499 load imb.: force  2.4%
           Step           Time
          43500       87.00000

   Energies (kJ/mol)
           Bond          Angle    Proper Dih. Ryckaert-Bell.          LJ-14
    9.13833e+02    2.40364e+03    1.42844e+02    1.35097e+03    1.53822e+03
     Coulomb-14        LJ (SR)  Disper. corr.   Coulomb (SR)   Coul. recip.
    7.25195e+03    3.40360e+04   -2.42813e+03   -2.99152e+05    5.31508e+02
 Position Rest.      Potential    Kinetic En.   Total Energy  Conserved En.
    3.11553e+02   -2.53100e+05    4.84077e+04   -2.04692e+05   -2.04127e+05
    Temperature Pres. DC (bar) Pressure (bar)   Constr. rmsd
    3.02659e+02   -2.13695e+02   -3.40804e+02    3.40270e-06


DD  step 43999 load imb.: force  2.1%
           Step           Time
          44000       88.00000

   Energies (kJ/mol)
           Bond          Angle    Proper Dih. Ryckaert-Bell.          LJ-14
    8.53228e+02    2.41633e+03    1.36599e+02    1.28705e+03    1.55978e+03
     Coulomb-14        LJ (SR)  Disper. corr.   Coulomb (SR)   Coul. recip.
    7.31555e+03    3.45757e+04   -2.40902e+03   -2.99242e+05    4.83183e+02
 Position Rest.      Potential    Kinetic En.   Total Energy  Conserved En.
    3.08039e+02   -2.52715e+05    4.75081e+04   -2.05207e+05   -2.04120e+05
    Temperature Pres. DC (bar) Pressure (bar)   Constr. rmsd
    2.97035e+02   -2.10349e+02   -1.96474e+02    3.18124e-06


DD  step 44499 load imb.: force  1.9%
           Step           Time
          44500       89.00000

   Energies (kJ/mol)
           Bond          Angle    Proper Dih. Ryckaert-Bell.          LJ-14
    9.06555e+02    2.37806e+03    1.35237e+02    1.38413e+03    1.51970e+03
     Coulomb-14        LJ (SR)  Disper. corr.   Coulomb (SR)   Coul. recip.
    7.26285e+03    3.49076e+04   -2.42584e+03   -2.99624e+05    4.75537e+02
 Position Rest.      Potential    Kinetic En.   Total Energy  Conserved En.
    3.11778e+02   -2.52768e+05    4.82116e+04   -2.04557e+05   -2.04131e+05
    Temperature Pres. DC (bar) Pressure (bar)   Constr. rmsd
    3.01433e+02   -2.13294e+02    4.55051e+01    3.25228e-06


DD  step 44999 load imb.: force  2.1%
           Step           Time
          45000       90.00000

   Energies (kJ/mol)
           Bond          Angle    Proper Dih. Ryckaert-Bell.          LJ-14
    7.83942e+02    2.47733e+03    1.61624e+02    1.33869e+03    1.55885e+03
     Coulomb-14        LJ (SR)  Disper. corr.   Coulomb (SR)   Coul. recip.
    7.23964e+03    3.55145e+04   -2.43226e+03   -3.01245e+05    4.90860e+02
 Position Rest.      Potential    Kinetic En.   Total Energy  Conserved En.
    2.95944e+02   -2.53815e+05    4.84198e+04   -2.05396e+05   -2.04134e+05
    Temperature Pres. DC (bar) Pressure (bar)   Constr. rmsd
    3.02735e+02   -2.14422e+02    1.90818e+02    3.41148e-06


DD  step 45499 load imb.: force  2.1%
           Step           Time
          45500       91.00000

   Energies (kJ/mol)
           Bond          Angle    Proper Dih. Ryckaert-Bell.          LJ-14
    8.81538e+02    2.30595e+03    1.23072e+02    1.31162e+03    1.56522e+03
     Coulomb-14        LJ (SR)  Disper. corr.   Coulomb (SR)   Coul. recip.
    7.30210e+03    3.46102e+04   -2.42450e+03   -2.99793e+05    5.03885e+02
 Position Rest.      Potential    Kinetic En.   Total Energy  Conserved En.
    3.10127e+02   -2.53304e+05    4.79441e+04   -2.05360e+05   -2.04129e+05
    Temperature Pres. DC (bar) Pressure (bar)   Constr. rmsd
    2.99761e+02   -2.13059e+02   -1.12606e+01    3.52149e-06


DD  step 45999 load imb.: force  2.3%
           Step           Time
          46000       92.00000

   Energies (kJ/mol)
           Bond          Angle    Proper Dih. Ryckaert-Bell.          LJ-14
    9.00110e+02    2.46620e+03    1.58302e+02    1.37749e+03    1.51224e+03
     Coulomb-14        LJ (SR)  Disper. corr.   Coulomb (SR)   Coul. recip.
    7.31374e+03    3.38710e+04   -2.40549e+03   -2.97984e+05    4.96213e+02
 Position Rest.      Potential    Kinetic En.   Total Energy  Conserved En.
    3.00907e+02   -2.51993e+05    4.84133e+04   -2.03580e+05   -2.04115e+05
    Temperature Pres. DC (bar) Pressure (bar)   Constr. rmsd
    3.02694e+02   -2.09734e+02   -4.09957e+02    3.03038e-06


DD  step 46499 load imb.: force  2.3%
           Step           Time
          46500       93.00000

   Energies (kJ/mol)
           Bond          Angle    Proper Dih. Ryckaert-Bell.          LJ-14
    8.17696e+02    2.44642e+03    1.49692e+02    1.34453e+03    1.54761e+03
     Coulomb-14        LJ (SR)  Disper. corr.   Coulomb (SR)   Coul. recip.
    7.32328e+03    3.56946e+04   -2.41676e+03   -3.00500e+05    5.16188e+02
 Position Rest.      Potential    Kinetic En.   Total Energy  Conserved En.
    3.00943e+02   -2.52776e+05    4.82316e+04   -2.04545e+05   -2.04121e+05
    Temperature Pres. DC (bar) Pressure (bar)   Constr. rmsd
    3.01558e+02   -2.11702e+02    4.01317e+02    3.44332e-06


DD  step 46999 load imb.: force  2.6%
           Step           Time
          47000       94.00000

   Energies (kJ/mol)
           Bond          Angle    Proper Dih. Ryckaert-Bell.          LJ-14
    8.39104e+02    2.29730e+03    1.67650e+02    1.28255e+03    1.55595e+03
     Coulomb-14        LJ (SR)  Disper. corr.   Coulomb (SR)   Coul. recip.
    7.26796e+03    3.45691e+04   -2.42510e+03   -3.00284e+05    5.26314e+02
 Position Rest.      Potential    Kinetic En.   Total Energy  Conserved En.
    3.46121e+02   -2.53857e+05    4.82947e+04   -2.05563e+05   -2.04125e+05
    Temperature Pres. DC (bar) Pressure (bar)   Constr. rmsd
    3.01953e+02   -2.13164e+02    1.72211e+01    3.04924e-06


DD  step 47499 load imb.: force  2.2%
           Step           Time
          47500       95.00000

   Energies (kJ/mol)
           Bond          Angle    Proper Dih. Ryckaert-Bell.          LJ-14
    8.86622e+02    2.51609e+03    1.81261e+02    1.27542e+03    1.60219e+03
     Coulomb-14        LJ (SR)  Disper. corr.   Coulomb (SR)   Coul. recip.
    7.34848e+03    3.55131e+04   -2.41984e+03   -2.99572e+05    5.23345e+02
 Position Rest.      Potential    Kinetic En.   Total Energy  Conserved En.
    3.24796e+02   -2.51820e+05    4.79341e+04   -2.03886e+05   -2.04104e+05
    Temperature Pres. DC (bar) Pressure (bar)   Constr. rmsd
    2.99698e+02   -2.12241e+02    3.89803e+02    3.10829e-06


DD  step 47999 load imb.: force  2.3%
           Step           Time
          48000       96.00000

   Energies (kJ/mol)
           Bond          Angle    Proper Dih. Ryckaert-Bell.          LJ-14
    8.72763e+02    2.52815e+03    1.42968e+02    1.27551e+03    1.55026e+03
     Coulomb-14        LJ (SR)  Disper. corr.   Coulomb (SR)   Coul. recip.
    7.35813e+03    3.48413e+04   -2.41498e+03   -2.99203e+05    5.09281e+02
 Position Rest.      Potential    Kinetic En.   Total Energy  Conserved En.
    3.37318e+02   -2.52202e+05    4.80807e+04   -2.04122e+05   -2.04117e+05
    Temperature Pres. DC (bar) Pressure (bar)   Constr. rmsd
    3.00615e+02   -2.11391e+02   -9.67503e+01    3.06185e-06


DD  step 48499 load imb.: force  2.0%
           Step           Time
          48500       97.00000

   Energies (kJ/mol)
           Bond          Angle    Proper Dih. Ryckaert-Bell.          LJ-14
    8.61808e+02    2.52366e+03    1.41224e+02    1.36481e+03    1.52583e+03
     Coulomb-14        LJ (SR)  Disper. corr.   Coulomb (SR)   Coul. recip.
    7.30294e+03    3.51175e+04   -2.41702e+03   -2.99504e+05    4.72422e+02
 Position Rest.      Potential    Kinetic En.   Total Energy  Conserved En.
    2.94506e+02   -2.52316e+05    4.78008e+04   -2.04516e+05   -2.04112e+05
    Temperature Pres. DC (bar) Pressure (bar)   Constr. rmsd
    2.98865e+02   -2.11746e+02    2.07446e+02    3.63265e-06


DD  step 48999 load imb.: force  2.4%
           Step           Time
          49000       98.00000

   Energies (kJ/mol)
           Bond          Angle    Proper Dih. Ryckaert-Bell.          LJ-14
    7.99904e+02    2.48120e+03    1.35220e+02    1.38481e+03    1.55278e+03
     Coulomb-14        LJ (SR)  Disper. corr.   Coulomb (SR)   Coul. recip.
    7.27888e+03    3.49896e+04   -2.39764e+03   -2.99661e+05    5.18943e+02
 Position Rest.      Potential    Kinetic En.   Total Energy  Conserved En.
    3.06126e+02   -2.52611e+05    4.82182e+04   -2.04393e+05   -2.04125e+05
    Temperature Pres. DC (bar) Pressure (bar)   Constr. rmsd
    3.01475e+02   -2.08370e+02    1.58535e+01    3.23328e-06


DD  step 49499 load imb.: force  1.8%
           Step           Time
          49500       99.00000

   Energies (kJ/mol)
           Bond          Angle    Proper Dih. Ryckaert-Bell.          LJ-14
    8.44103e+02    2.45859e+03    1.47526e+02    1.31925e+03    1.54675e+03
     Coulomb-14        LJ (SR)  Disper. corr.   Coulomb (SR)   Coul. recip.
    7.38148e+03    3.42559e+04   -2.41414e+03   -2.99173e+05    4.56496e+02
 Position Rest.      Potential    Kinetic En.   Total Energy  Conserved En.
    2.97842e+02   -2.52879e+05    4.81473e+04   -2.04732e+05   -2.04130e+05
    Temperature Pres. DC (bar) Pressure (bar)   Constr. rmsd
    3.01031e+02   -2.11243e+02   -3.42944e+02    3.18755e-06


DD  step 49999 load imb.: force  2.3%
           Step           Time
          50000      100.00000

Writing checkpoint, step 50000 at Tue Apr  4 14:18:16 2023


   Energies (kJ/mol)
           Bond          Angle    Proper Dih. Ryckaert-Bell.          LJ-14
    8.51717e+02    2.43098e+03    1.20118e+02    1.27598e+03    1.57306e+03
     Coulomb-14        LJ (SR)  Disper. corr.   Coulomb (SR)   Coul. recip.
    7.28201e+03    3.54071e+04   -2.42092e+03   -2.99928e+05    5.13863e+02
 Position Rest.      Potential    Kinetic En.   Total Energy  Conserved En.
    3.23664e+02   -2.52570e+05    4.84255e+04   -2.04145e+05   -2.04133e+05
    Temperature Pres. DC (bar) Pressure (bar)   Constr. rmsd
    3.02771e+02   -2.12431e+02    2.22133e+02    3.42574e-06


Energy conservation over simulation part #1 of length 100 ns, time 0 to 100 ns
  Conserved energy drift: -7.26e-07 kJ/mol/ps per atom


	<======  ###############  ==>
	<====  A V E R A G E S  ====>
	<==  ###############  ======>

	Statistics over 50001 steps using 501 frames

   Energies (kJ/mol)
           Bond          Angle    Proper Dih. Ryckaert-Bell.          LJ-14
    8.76868e+02    2.46399e+03    1.38343e+02    1.30494e+03    1.54253e+03
     Coulomb-14        LJ (SR)  Disper. corr.   Coulomb (SR)   Coul. recip.
    7.31191e+03    3.49404e+04   -2.41836e+03   -2.99867e+05    7.00514e+02
 Position Rest.      Potential    Kinetic En.   Total Energy  Conserved En.
    3.17353e+02   -2.52688e+05    4.80006e+04   -2.04688e+05   -2.04114e+05
    Temperature Pres. DC (bar) Pressure (bar)   Constr. rmsd
    3.00114e+02   -2.11984e+02    7.79845e-01    0.00000e+00

          Box-X          Box-Y          Box-Z
    6.44917e+00    6.44917e+00    4.56025e+00

   Total Virial (kJ/mol)
    1.59113e+04    4.10541e+01    2.32103e+02
    4.11212e+01    1.60372e+04   -7.32784e+01
    2.32239e+02   -7.32461e+01    1.60436e+04

   Pressure (bar)
    1.92773e+01   -7.65530e+00   -3.55121e+01
   -7.66703e+00   -1.15048e+01    1.33818e+01
   -3.55359e+01    1.33761e+01   -5.43297e+00

      T-Protein  T-non-Protein
    3.00110e+02    3.00114e+02


       P P   -   P M E   L O A D   B A L A N C I N G

 PP/PME load balancing changed the cut-off and PME settings:
           particle-particle                    PME
            rcoulomb  rlist            grid      spacing   1/beta
   initial  1.000 nm  1.006 nm      42  42  42   0.155 nm  0.320 nm
   final    1.449 nm  1.455 nm      28  28  28   0.232 nm  0.464 nm
 cost-ratio           3.03             0.30
 (note that these numbers concern only part of the total PP and PME load)


	M E G A - F L O P S   A C C O U N T I N G

 NB=Group-cutoff nonbonded kernels    NxN=N-by-N cluster Verlet kernels
 RF=Reaction-Field  VdW=Van der Waals  QSTab=quadratic-spline table
 W3=SPC/TIP3p  W4=TIP4p (single or pairs)
 V&F=Potential and force  V=Potential only  F=Force only

 Computing:                               M-Number         M-Flops  % Flops
-----------------------------------------------------------------------------
 Pair Search distance check            1549.310688       13943.796     0.0
 NxN Ewald Elec. + LJ [F]           1737852.671808   114698276.339    97.5
 NxN Ewald Elec. + LJ [V&F]           17592.494656     1882396.928     1.6
 Calc Weights                          2840.606811      102261.845     0.1
 Spread Q Bspline                     60599.611968      121199.224     0.1
 Gather F Bspline                     60599.611968      363597.672     0.3
 3D-FFT                               45572.163386      364577.307     0.3
 Solve PME                               47.012584        3008.805     0.0
 Reset In Box                             9.468500          28.405     0.0
 CG-CoM                                   9.487437          28.462     0.0
 Pos. Restr.                             30.100602        1505.030     0.0
 Virial                                  95.604117        1720.874     0.0
 Stop-CM                                  9.487437          94.874     0.0
 Calc-Ekin                              189.407874        5114.013     0.0
 Lincs                                   31.450629        1887.038     0.0
 Lincs-Mat                              180.603612         722.414     0.0
 Constraint-V                           948.218964        8533.971     0.0
 Constraint-Vir                          91.693335        2200.640     0.0
 Settle                                 295.105902      109189.184     0.1
-----------------------------------------------------------------------------
 Total                                               117680286.823   100.0
-----------------------------------------------------------------------------


    D O M A I N   D E C O M P O S I T I O N   S T A T I S T I C S

 av. #atoms communicated per step for force:  2 x 20883.7


Dynamic load balancing report:
 DLB was off during the run due to low measured imbalance.
 Average load imbalance: 2.3%.
 The balanceable part of the MD step is 60%, load imbalance is computed from this.
 Part of the total run time spent waiting due to load imbalance: 1.4%.


     R E A L   C Y C L E   A N D   T I M E   A C C O U N T I N G

On 4 MPI ranks, each using 5 OpenMP threads

 Computing:          Num   Num      Call    Wall time         Giga-Cycles
                     Ranks Threads  Count      (s)         total sum    %
-----------------------------------------------------------------------------
 Domain decomp.         4    5        500       0.680         28.474   1.5
 DD comm. load          4    5        454       0.015          0.622   0.0
 Neighbor search        4    5        501       0.889         37.264   2.0
 Launch GPU ops.        4    5     100002       5.593        234.358  12.7
 Comm. coord.           4    5      49500       2.794        117.077   6.4
 Force                  4    5      50001       1.001         41.932   2.3
 Wait + Comm. F         4    5      50001       1.898         79.545   4.3
 PME mesh               4    5      50001      22.303        934.523  50.8
 Wait Bonded GPU        4    5        501       0.001          0.024   0.0
 Wait GPU NB nonloc.    4    5      50001       0.217          9.102   0.5
 Wait GPU NB local      4    5      50001       0.155          6.498   0.4
 NB X/F buffer ops.     4    5     199002       2.096         87.808   4.8
 Write traj.            4    5        101       0.118          4.954   0.3
 Update                 4    5      50001       0.667         27.944   1.5
 Constraints            4    5      50001       1.163         48.722   2.7
 Comm. energies         4    5       5001       0.420         17.617   1.0
 Rest                                           3.864        161.904   8.8
-----------------------------------------------------------------------------
 Total                                         43.873       1838.369 100.0
-----------------------------------------------------------------------------
 Breakdown of PME mesh computation
-----------------------------------------------------------------------------
 PME redist. X/F        4    5     100002       5.557        232.852  12.7
 PME spread             4    5      50001       5.713        239.395  13.0
 PME gather             4    5      50001       5.615        235.291  12.8
 PME 3D-FFT             4    5     100002       3.511        147.127   8.0
 PME 3D-FFT Comm.       4    5     100002       1.520         63.677   3.5
 PME solve Elec         4    5      50001       0.260         10.877   0.6
-----------------------------------------------------------------------------

               Core t (s)   Wall t (s)        (%)
       Time:      877.459       43.873     2000.0
                 (ns/day)    (hour/ns)
Performance:      196.934        0.122
Finished mdrun on rank 0 Tue Apr  4 14:18:17 2023

